#
# A fatal error has been detected by the Java Runtime Environment:
#
#  Internal Error (jvmciRuntime.cpp:1609), pid=9513, tid=9542
#  fatal error: Fatal exception in JVMCI: Error calling jdk.vm.ci.services.Services.serializeSavedProperties
#
# JRE version: OpenJDK Runtime Environment GraalVM CE 22.3.0 (17.0.5+8) (build 17.0.5+8-jvmci-22.3-b08)
# Java VM: OpenJDK 64-Bit Server VM GraalVM CE 22.3.0 (17.0.5+8-jvmci-22.3-b08, mixed mode, sharing, tiered, jvmci, jvmci compiler, compressed oops, compressed class ptrs, parallel gc, linux-amd64)
# Problematic frame:
# V  [libjvm.so+0x972714]  JVMCIRuntime::fatal_exception(JVMCIEnv*, char const*)+0x74
#
# Core dump will be written. Default location: Core dumps may be processed with "/usr/share/apport/apport -p%p -s%s -c%c -d%d -P%P -u%u -g%g -- %E" (or dumping to /home/runner/Final-Project-Code-Space-CS3HonorsLabsfo-20/core.9513)
#
# If you would like to submit a bug report, please visit:
#   https://github.com/oracle/graal/issues
#

---------------  S U M M A R Y ------------

Command Line: -XX:ThreadPriorityPolicy=1 -XX:+UnlockExperimentalVMOptions -XX:+EnableJVMCIProduct -XX:JVMCIThreadsPerNativeLibraryRuntime=1 -XX:-UnlockExperimentalVMOptions -Declipse.application=org.eclipse.jdt.ls.core.id1 -Dosgi.bundles.defaultStartLevel=4 -Declipse.product=org.eclipse.jdt.ls.core.product -Dlog.level=ALL -Xverify:none -XX:+UseParallelGC -XX:GCTimeRatio=4 -XX:AdaptiveSizePolicyWeight=90 -Dsun.zip.disableMemoryMapping=true -Xmx512m -Xms100m /nix/store/q9712qvwdh22a4krw4jz2sjrz07mvjbl-jdt-language-server-1.9.0/share/java/plugins/org.eclipse.equinox.launcher_1.6.400.v20210924-0641.jar --add-modules=ALL-SYSTEM --add-opens java.base/java.util=ALL-UNNAMED --add-opens java.base/java.lang=ALL-UNNAMED -configuration /home/runner/Final-Project-Code-Space-CS3HonorsLabsfo-20/.cache/jdt-language-server/config -data /home/runner/.cache/jdt-language-server/data/home/runner/Final-Project-Code-Space-CS3HonorsLabsfo-20

Host: AMD EPYC 7B12, 8 cores, 3G, Ubuntu 20.04.2 LTS
Time: Fri May  3 17:28:09 2024 UTC elapsed time: 735.750941 seconds (0d 0h 12m 15s)

---------------  T H R E A D  ---------------

Current thread (0x00007b2c780d2c20):  JavaThread "JVMCI-native CompilerThread0" daemon [_thread_in_vm, id=9542, stack(0x00007b2c7c448000,0x00007b2c7c648000)]


Current CompileTask:
JVMCI-native: 735751 9892   !   4       java.util.regex.Pattern::closure (276 bytes)

Stack: [0x00007b2c7c448000,0x00007b2c7c648000],  sp=0x00007b2c7c646380,  free space=2040k
Native frames: (J=compiled Java code, j=interpreted, Vv=VM code, C=native code)
V  [libjvm.so+0x972714]  JVMCIRuntime::fatal_exception(JVMCIEnv*, char const*)+0x74
V  [libjvm.so+0x93e2fe]  JVMCIEnv::copy_saved_properties()+0x14e
V  [libjvm.so+0x9732a9]  JVMCIRuntime::initialize(JVMCIEnv*)+0xb19
V  [libjvm.so+0x9738a2]  JVMCIRuntime::get_HotSpotJVMCIRuntime(JVMCIEnv*)+0x12
V  [libjvm.so+0x9749f2]  JVMCIRuntime::compile_method(JVMCIEnv*, JVMCICompiler*, methodHandle const&, int)+0xd2
V  [libjvm.so+0x5b0d20]  CompileBroker::invoke_compiler_on_method(CompileTask*)+0x1470
V  [libjvm.so+0x5b12e8]  CompileBroker::compiler_thread_loop()+0x528
V  [libjvm.so+0xd82460]  JavaThread::thread_main_inner()+0xd0
V  [libjvm.so+0xd85a40]  Thread::call_run()+0xc0
V  [libjvm.so+0xbdb1e1]  thread_native_entry(Thread*)+0xe1

Register to memory mapping:

RAX=0x00007b2c7f7fd000 points into unknown readable memory: 0x0000000000000058 | 58 00 00 00 00 00 00 00
RBX=0x00007b2c808f8398: <offset 0x0000000000ef5398> in /nix/store/gpxl5qgg8kicmcvivwmybwjlpf7wh20l-graalvm17-ce-22.3.0/lib/server/libjvm.so at 0x00007b2c7fa03000
RCX=0x00007b2c808b01e8: <offset 0x0000000000ead1e8> in /nix/store/gpxl5qgg8kicmcvivwmybwjlpf7wh20l-graalvm17-ce-22.3.0/lib/server/libjvm.so at 0x00007b2c7fa03000
RDX=0x0000000000000649 is an unknown value
RSP=0x00007b2c7c646380 is pointing into the stack for thread: 0x00007b2c780d2c20
RBP=0x00007b2c7c6463a0 is pointing into the stack for thread: 0x00007b2c780d2c20
RSI=0x00007b2c808f8c48: <offset 0x0000000000ef5c48> in /nix/store/gpxl5qgg8kicmcvivwmybwjlpf7wh20l-graalvm17-ce-22.3.0/lib/server/libjvm.so at 0x00007b2c7fa03000
RDI=0x00000000e0000000 is an oop: org.eclipse.equinox.launcher.Main$StartupClassLoader 
{0x00000000e0000000} - klass: 'org/eclipse/equinox/launcher/Main$StartupClassLoader'
 - ---- fields (total size 13 words):
 - private 'defaultAssertionStatus' 'Z' @12  false
 - private final 'parent' 'Ljava/lang/ClassLoader;' @24  a 'jdk/internal/loader/ClassLoaders$PlatformClassLoader'{0x00000000e0000670} (e0000670)
 - private final 'name' 'Ljava/lang/String;' @28  NULL (0)
 - private final 'unnamedModule' 'Ljava/lang/Module;' @32  a 'java/lang/Module'{0x00000000e07b8388} (e07b8388)
 - private final 'nameAndId' 'Ljava/lang/String;' @36  "org.eclipse.equinox.launcher.Main$StartupClassLoader @33a10788"{0x00000000e0476e68} (e0476e68)
 - private final 'parallelLockMap' 'Ljava/util/concurrent/ConcurrentHashMap;' @40  NULL (0)
 - private final 'package2certs' 'Ljava/util/concurrent/ConcurrentHashMap;' @44  a 'java/util/concurrent/ConcurrentHashMap'{0x00000000e0476ed0} (e0476ed0)
 - private final 'classes' 'Ljava/util/ArrayList;' @48  a 'java/util/ArrayList'{0x00000000e0485a98} (e0485a98)
 - private final 'defaultDomain' 'Ljava/security/ProtectionDomain;' @52  a 'java/security/ProtectionDomain'{0x00000000e0486358} (e0486358)
 - private final 'packages' 'Ljava/util/concurrent/ConcurrentHashMap;' @56  a 'java/util/concurrent/ConcurrentHashMap'{0x00000000e04863c8} (e04863c8)
 - private final 'libraries' 'Ljdk/internal/loader/NativeLibraries;' @60  a 'jdk/internal/loader/NativeLibraries'{0x00000000e0486bd0} (e0486bd0)
 - final 'assertionLock' 'Ljava/lang/Object;' @64  a 'org/eclipse/equinox/launcher/Main$StartupClassLoader'{0x00000000e0000000} (e0000000)
 - private 'packageAssertionStatus' 'Ljava/util/Map;' @68  NULL (0)
 - 'classAssertionStatus' 'Ljava/util/Map;' @72  NULL (0)
 - private volatile 'classLoaderValueMap' 'Ljava/util/concurrent/ConcurrentHashMap;' @76  a 'java/util/concurrent/ConcurrentHashMap'{0x00000000e0486b90} (e0486b90)
 - private final 'pdcache' 'Ljava/util/Map;' @80  a 'java/util/concurrent/ConcurrentHashMap'{0x00000000e0486aa0} (e0486aa0)
 - private final 'ucp' 'Ljdk/internal/loader/URLClassPath;' @84  a 'jdk/internal/loader/URLClassPath'{0x00000000e04869b8} (e04869b8)
 - private final 'acc' 'Ljava/security/AccessControlContext;' @88  a 'java/security/AccessControlContext'{0x00000000e0023e50} (e0023e50)
 - private 'closeables' 'Ljava/util/WeakHashMap;' @92  a 'java/util/WeakHashMap'{0x00000000e00240d8} (e00240d8)
 - final synthetic 'this$0' 'Lorg/eclipse/equinox/launcher/Main;' @96  a 'org/eclipse/equinox/launcher/Main'{0x00000000e07d5638} (e07d5638)
R8 =0x00007b2c808f8398: <offset 0x0000000000ef5398> in /nix/store/gpxl5qgg8kicmcvivwmybwjlpf7wh20l-graalvm17-ce-22.3.0/lib/server/libjvm.so at 0x00007b2c7fa03000
R9 =0x00007b2c7c646330 is pointing into the stack for thread: 0x00007b2c780d2c20
R10=0x00007b2c7c647948 is pointing into the stack for thread: 0x00007b2c780d2c20
R11=0x0000000000000293 is an unknown value
R12=0x0 is NULL
R13=0x00007b2c780d2c20 is a thread
R14=0x00007b2c78000b80 points into unknown readable memory: 0x00007b2c80b29a38 | 38 9a b2 80 2c 7b 00 00
R15=0x00007b2c80c37e40: <offset 0x0000000001234e40> in /nix/store/gpxl5qgg8kicmcvivwmybwjlpf7wh20l-graalvm17-ce-22.3.0/lib/server/libjvm.so at 0x00007b2c7fa03000


Registers:
RAX=0x00007b2c7f7fd000, RBX=0x00007b2c808f8398, RCX=0x00007b2c808b01e8, RDX=0x0000000000000649
RSP=0x00007b2c7c646380, RBP=0x00007b2c7c6463a0, RSI=0x00007b2c808f8c48, RDI=0x00000000e0000000
R8 =0x00007b2c808f8398, R9 =0x00007b2c7c646330, R10=0x00007b2c7c647948, R11=0x0000000000000293
R12=0x0000000000000000, R13=0x00007b2c780d2c20, R14=0x00007b2c78000b80, R15=0x00007b2c80c37e40
RIP=0x00007b2c80375714, EFLAGS=0x0000000000010206, CSGSFS=0x002b000000000033, ERR=0x0000000000000006
  TRAPNO=0x000000000000000e

Top of Stack: (sp=0x00007b2c7c646380)
0x00007b2c7c646380:   00007b2c7c646940 00007b2c780d2c20
0x00007b2c7c646390:   00007b2c7e18e8c8 0000000800c417a0
0x00007b2c7c6463a0:   00007b2c7c646500 00007b2c803412fe
0x00007b2c7c6463b0:   00007b2c7c6463e0 00007b2c7c646440 

Instructions: (pc=0x00007b2c80375714)
0x00007b2c80375614:   30 e8 f6 cf e8 ff 4c 89 e7 e8 2e 48 d1 ff 84 db
0x00007b2c80375624:   75 2a 4d 85 ed 74 04 4d 8b 6d 00 48 83 c4 08 44
0x00007b2c80375634:   89 f9 4c 89 f2 4c 89 ee 5b 4c 89 e7 41 5c 41 5d
0x00007b2c80375644:   41 5e 41 5f 5d e9 e2 47 d1 ff 66 90 48 83 c4 08
0x00007b2c80375654:   5b 41 5c 41 5d 41 5e 41 5f 5d c3 90 31 d2 be 08
0x00007b2c80375664:   00 00 00 4c 89 ff e8 b1 78 a3 ff 49 89 c5 e9 37
0x00007b2c80375674:   ff ff ff 66 0f 1f 84 00 00 00 00 00 48 8b 7a 08
0x00007b2c80375684:   e9 6d ff ff ff 0f 1f 80 00 00 00 00 e8 5b 48 0a
0x00007b2c80375694:   00 84 c0 75 89 e9 6a ff ff ff 66 90 55 48 89 e5
0x00007b2c803756a4:   41 56 41 55 41 54 49 89 fc 53 48 89 f3 66 48 8d
0x00007b2c803756b4:   3d 27 5e 85 00 66 66 48 e8 df 43 8d ff 4c 8b 28
0x00007b2c803756c4:   8b 05 be 72 8a 00 85 c0 75 14 ba 01 00 00 00 48
0x00007b2c803756d4:   8d 0d ae 72 8a 00 f0 0f b1 11 85 c0 74 4e be c8
0x00007b2c803756e4:   00 00 00 4c 89 ef e8 01 0b 41 00 48 8d 05 12 ac
0x00007b2c803756f4:   85 00 49 89 d8 48 8d 0d e8 aa 53 00 ba 49 06 00
0x00007b2c80375704:   00 48 8d 35 3c 35 58 00 bf 00 00 00 e0 48 8b 00
0x00007b2c80375714:   c6 00 58 31 c0 e8 e2 91 c6 ff 5b 41 5c 41 5d 41
0x00007b2c80375724:   5e 5d e9 55 34 26 00 0f 1f 44 00 00 48 8d 05 81
0x00007b2c80375734:   a3 8b 00 48 89 df 4c 8b 30 e8 9e 43 8d ff 48 89
0x00007b2c80375744:   de 48 89 c2 49 8b 06 4c 89 f7 ff 50 08 4c 89 f7
0x00007b2c80375754:   e8 a7 5c 27 00 4d 85 e4 74 12 be 01 00 00 00 4c
0x00007b2c80375764:   89 e7 e8 35 43 fc ff eb 82 0f 1f 00 be 01 00 00
0x00007b2c80375774:   00 4c 89 ef e8 d3 fd ff ff e9 6d ff ff ff 66 66
0x00007b2c80375784:   2e 0f 1f 84 00 00 00 00 00 0f 1f 00 55 48 89 e5
0x00007b2c80375794:   41 57 41 56 41 55 41 54 53 48 81 ec 08 02 00 00
0x00007b2c803757a4:   64 48 8b 04 25 28 00 00 00 48 89 45 c8 8b 07 83
0x00007b2c803757b4:   f8 02 0f 84 11 04 00 00 4c 8b 6f 18 49 89 ff 49
0x00007b2c803757c4:   89 f4 4d 85 ed 74 14 4c 89 ef e8 5d 57 22 00 41
0x00007b2c803757d4:   8b 07 83 f8 02 0f 84 19 04 00 00 48 8d 1d 9a 06
0x00007b2c803757e4:   8a 00 4c 8d 35 0b 3c 58 00 eb 38 90 48 85 d2 7f
0x00007b2c803757f4:   0d 48 8d 05 b4 c0 85 00 48 83 38 00 7e 0e 41 8b
0x00007b2c80375804:   77 2c 4c 89 f7 31 c0 e8 a0 b2 f7 ff 49 8b 7f 18 


Stack slot to memory mapping:
stack at sp + 0 slots: 0x00007b2c7c646940 is pointing into the stack for thread: 0x00007b2c780d2c20
stack at sp + 1 slots: 0x00007b2c780d2c20 is a thread
stack at sp + 2 slots: 0x00007b2c7e18e8c8 points into unknown readable memory: 0x65730018052dffff | ff ff 2d 05 18 00 73 65
stack at sp + 3 slots: 0x0000000800c417a0 is a pointer to class: 
jdk.vm.ci.services.Services {0x0000000800c417a0}
 - instance size:     2
 - klass size:        65
 - access:            public final synchronized 
 - state:             fully_initialized
 - name:              'jdk/vm/ci/services/Services'
 - super:             'java/lang/Object'
 - sub:               
 - arrays:            NULL
 - methods:           Array<T>(0x00007b2c7d042380)
 - method ordering:   Array<T>(0x0000000800928960)
 - default_methods:   Array<T>(0x0000000000000000)
 - local interfaces:  Array<T>(0x00000008005ce810)
 - trans. interfaces: Array<T>(0x00000008005ce810)
 - constants:         constant pool [427] {0x00007b2c7d041460} for 'jdk/vm/ci/services/Services' cache=0x00007b2c7d043650
 - class loader data:  loader data: 0x00007b2c78027c40 of 'bootstrap'
 - source file:       'Services.java'
 - class annotations:       Array<T>(0x0000000000000000)
 - class type annotations:  Array<T>(0x0000000000000000)
 - field annotations:       Array<T>(0x0000000000000000)
 - field type annotations:  Array<T>(0x0000000000000000)
 - inner classes:     Array<T>(0x00007b2c7d043620)
 - nest members:     Array<T>(0x00007b2c7d043640)
 - permitted subclasses:     Array<T>(0x00000008005ce7a0)
 - java mirror:       a 'java/lang/Class'{0x00000000e0325768} = 'jdk/vm/ci/services/Services'
 - vtable length      5  (start addr: 0x0000000800c41970)
 - itable length      2 (start addr: 0x0000000800c41998)
 - ---- static fields (3 words):
 - public static final 'IS_BUILDING_NATIVE_IMAGE' 'Z' @128 
 - public static final 'IS_IN_NATIVE_IMAGE' 'Z' @129 
 - private static volatile 'savedProperties' 'Ljava/util/Map;' @112 
 - static final 'JVMCI_ENABLED' 'Z' @130 
 - private static final 'servicesCache' 'Ljava/util/Map;' @116 
 - private static final 'MAX_UNICODE_IN_UTF8_LENGTH' 'I' @120 
 - private static final 'MAX_UTF8_PROPERTY_STRING_LENGTH' 'I' @124 
 - ---- non-static fields (0 words):
 - non-static oop maps: 
stack at sp + 4 slots: 0x00007b2c7c646500 is pointing into the stack for thread: 0x00007b2c780d2c20
stack at sp + 5 slots: 0x00007b2c803412fe: <offset 0x000000000093e2fe> in /nix/store/gpxl5qgg8kicmcvivwmybwjlpf7wh20l-graalvm17-ce-22.3.0/lib/server/libjvm.so at 0x00007b2c7fa03000
stack at sp + 6 slots: 0x00007b2c7c6463e0 is pointing into the stack for thread: 0x00007b2c780d2c20
stack at sp + 7 slots: 0x00007b2c7c646440 is pointing into the stack for thread: 0x00007b2c780d2c20


---------------  P R O C E S S  ---------------

Threads class SMR info:
_java_thread_list=0x00007b2bb80989b0, length=26, elements={
0x00007b2c78025ee0, 0x00007b2c780c6ef0, 0x00007b2c780c8330, 0x00007b2c780cea90,
0x00007b2c780cfe40, 0x00007b2c780d1230, 0x00007b2c780d2c20, 0x00007b2c780d4130,
0x00007b2c780d5580, 0x00007b2c78108fe0, 0x00007b2c78151050, 0x00007b2c78305b90,
0x00007b2c7834d910, 0x00007b2c783505a0, 0x00007b2c1002f510, 0x00007b2c1047f4b0,
0x00007b2bf80010d0, 0x00007b2c10624500, 0x00007b2c10649480, 0x00007b2c78439a40,
0x00007b2be4174ff0, 0x00007b2be4175680, 0x00007b2be413b7f0, 0x00007b2be4163830,
0x00007b2be4176130, 0x00007b2bf800de40
}

Java Threads: ( => current thread )
  0x00007b2c78025ee0 JavaThread "main" [_thread_blocked, id=9534, stack(0x00007b2c7f81e000,0x00007b2c7f91e000)]
  0x00007b2c780c6ef0 JavaThread "Reference Handler" daemon [_thread_blocked, id=9537, stack(0x00007b2c7cd2e000,0x00007b2c7ce2e000)]
  0x00007b2c780c8330 JavaThread "Finalizer" daemon [_thread_blocked, id=9538, stack(0x00007b2c7cc2e000,0x00007b2c7cd2e000)]
  0x00007b2c780cea90 JavaThread "Signal Dispatcher" daemon [_thread_blocked, id=9539, stack(0x00007b2c7c848000,0x00007b2c7c948000)]
  0x00007b2c780cfe40 JavaThread "Service Thread" daemon [_thread_blocked, id=9540, stack(0x00007b2c7c748000,0x00007b2c7c848000)]
  0x00007b2c780d1230 JavaThread "Monitor Deflation Thread" daemon [_thread_blocked, id=9541, stack(0x00007b2c7c648000,0x00007b2c7c748000)]
=>0x00007b2c780d2c20 JavaThread "JVMCI-native CompilerThread0" daemon [_thread_in_vm, id=9542, stack(0x00007b2c7c448000,0x00007b2c7c648000)]
  0x00007b2c780d4130 JavaThread "C1 CompilerThread0" daemon [_thread_blocked, id=9543, stack(0x00007b2c7c248000,0x00007b2c7c448000)]
  0x00007b2c780d5580 JavaThread "Sweeper thread" daemon [_thread_blocked, id=9544, stack(0x00007b2c7c148000,0x00007b2c7c248000)]
  0x00007b2c78108fe0 JavaThread "Common-Cleaner" daemon [_thread_blocked, id=9545, stack(0x00007b2c7c048000,0x00007b2c7c148000)]
  0x00007b2c78151050 JavaThread "Notification Thread" daemon [_thread_blocked, id=9546, stack(0x00007b2c5f3b3000,0x00007b2c5f4b3000)]
  0x00007b2c78305b90 JavaThread "Active Thread: Equinox Container: 9de486cd-5f0d-42d4-8a82-b3245cc775e4" [_thread_blocked, id=9586, stack(0x00007b2c5f18f000,0x00007b2c5f28f000)]
  0x00007b2c7834d910 JavaThread "Framework Event Dispatcher: Equinox Container: 9de486cd-5f0d-42d4-8a82-b3245cc775e4" daemon [_thread_blocked, id=9594, stack(0x00007b2c5cd00000,0x00007b2c5ce00000)]
  0x00007b2c783505a0 JavaThread "Start Level: Equinox Container: 9de486cd-5f0d-42d4-8a82-b3245cc775e4" daemon [_thread_blocked, id=9595, stack(0x00007b2c5cb00000,0x00007b2c5cc00000)]
  0x00007b2c1002f510 JavaThread "SCR Component Actor" daemon [_thread_blocked, id=9603, stack(0x00007b2c5c900000,0x00007b2c5ca00000)]
  0x00007b2c1047f4b0 JavaThread "Worker-0: Building" [_thread_blocked, id=9618, stack(0x00007b2c5c300000,0x00007b2c5c400000)]
  0x00007b2bf80010d0 JavaThread "Worker-1: Periodic workspace save." [_thread_blocked, id=9619, stack(0x00007b2c5c100000,0x00007b2c5c200000)]
  0x00007b2c10624500 JavaThread "Java indexing" daemon [_thread_blocked, id=9623, stack(0x00007b2c26900000,0x00007b2c26a00000)]
  0x00007b2c10649480 JavaThread "Bundle File Closer" daemon [_thread_blocked, id=9629, stack(0x00007b2c26700000,0x00007b2c26800000)]
  0x00007b2c78439a40 JavaThread "pool-2-thread-1" [_thread_blocked, id=9634, stack(0x00007b2c26300000,0x00007b2c26400000)]
  0x00007b2be4174ff0 JavaThread "Thread-22" [_thread_blocked, id=9946, stack(0x00007b2c26800000,0x00007b2c26900000)]
  0x00007b2be4175680 JavaThread "Thread-28" [_thread_blocked, id=12145, stack(0x00007b2c26b00000,0x00007b2c26c00000)]
  0x00007b2be413b7f0 JavaThread "Thread-29" [_thread_blocked, id=12148, stack(0x00007b2c26500000,0x00007b2c26600000)]
  0x00007b2be4163830 JavaThread "Thread-33" [_thread_blocked, id=12816, stack(0x00007b2c5ca00000,0x00007b2c5cb00000)]
  0x00007b2be4176130 JavaThread "Thread-34" [_thread_blocked, id=13244, stack(0x00007b2c5c500000,0x00007b2c5c600000)]
  0x00007b2bf800de40 JavaThread "Worker-5" [_thread_blocked, id=13529, stack(0x00007b2c5c200000,0x00007b2c5c300000)]

Other Threads:
  0x00007b2c780c2630 VMThread "VM Thread" [stack: 0x00007b2c7ce30000,0x00007b2c7cf30000] [id=9536] _threads_hazard_ptr=0x00007b2bb80989b0
  0x00007b2c781529f0 WatcherThread [stack: 0x00007b2c5f2b3000,0x00007b2c5f3b3000] [id=9547]
  0x00007b2c7803d7c0 GCTaskThread "GC Thread#0" [stack: 0x00007b2c7f3e1000,0x00007b2c7f4e1000] [id=9535]
  0x00007b2c50001270 GCTaskThread "GC Thread#1" [stack: 0x00007b2c24500000,0x00007b2c24600000] [id=9596]

Threads with active compile tasks:
JVMCI-native CompilerThread0   735810 9892   !   4       java.util.regex.Pattern::closure (276 bytes)

VM state: synchronizing (normal execution)

VM Mutex/Monitor currently owned by a thread:  ([mutex/lock_event])
[0x00007b2c78023030] Threads_lock - owner thread: 0x00007b2c780c2630
[0x00007b2c780237e0] Heap_lock - owner thread: 0x00007b2c1047f4b0

OutOfMemory and StackOverflow Exception counts:
OutOfMemoryError java_heap_errors=48
LinkageErrors=47

Heap address: 0x00000000e0000000, size: 512 MB, Compressed Oops mode: 32-bit

CDS archive(s) mapped at: [0x0000000800000000-0x0000000800bc8000-0x0000000800bc8000), size 12353536, SharedBaseAddress: 0x0000000800000000, ArchiveRelocationMode: 0.
Compressed class space mapped at: 0x0000000800c00000-0x0000000840c00000, reserved size: 1073741824
Narrow klass base: 0x0000000800000000, Narrow klass shift: 0, Narrow klass range: 0x100000000

GC Precious Log:
 CPUs: 8 total, 2 available
 Memory: 3215M
 Large Page Support: Disabled
 NUMA Support: Disabled
 Compressed Oops: Enabled (32-bit)
 Alignments: Space 512K, Generation 512K, Heap 2M
 Heap Min Capacity: 100M
 Heap Initial Capacity: 100M
 Heap Max Capacity: 512M
 Pre-touch: Disabled
 Parallel Workers: 2

Heap:
 PSYoungGen      total 88576K, used 53248K [0x00000000f5580000, 0x00000000fd180000, 0x0000000100000000)
  eden space 53248K, 100% used [0x00000000f5580000,0x00000000f8980000,0x00000000f8980000)
  from space 35328K, 0% used [0x00000000f8980000,0x00000000f8980000,0x00000000fac00000)
  to   space 34816K, 0% used [0x00000000fac80000,0x00000000fac80000,0x00000000fce80000)
 ParOldGen       total 349696K, used 349695K [0x00000000e0000000, 0x00000000f5580000, 0x00000000f5580000)
  object space 349696K, 99% used [0x00000000e0000000,0x00000000f557ffd0,0x00000000f5580000)
 Metaspace       used 54783K, committed 55616K, reserved 1105920K
  class space    used 5104K, committed 5504K, reserved 1048576K

Card table byte_map: [0x00007b2c7f4e1000,0x00007b2c7f5e2000] _byte_map_base: 0x00007b2c7ede1000

Marking Bits: (ParMarkBitMap*) 0x00007b2c80c314c0
 Begin Bits: [0x00007b2c7e334000, 0x00007b2c7eb34000)
 End Bits:   [0x00007b2c7eb34000, 0x00007b2c7f334000)

Polling page: 0x00007b2c7f7fb000

Metaspace:

Usage:
  Non-class:     48.51 MB used.
      Class:      4.98 MB used.
       Both:     53.50 MB used.

Virtual space:
  Non-class space:       56.00 MB reserved,      48.94 MB ( 87%) committed,  7 nodes.
      Class space:        1.00 GB reserved,       5.38 MB ( <1%) committed,  1 nodes.
             Both:        1.05 GB reserved,      54.31 MB (  5%) committed. 

Chunk freelists:
   Non-Class:  2.15 MB
       Class:  2.51 MB
        Both:  4.66 MB

MaxMetaspaceSize: unlimited
CompressedClassSpaceSize: 1.00 GB
Initial GC threshold: 21.00 MB
Current GC threshold: 90.56 MB
CDS: on
MetaspaceReclaimPolicy: balanced
 - commit_granule_bytes: 65536.
 - commit_granule_words: 8192.
 - virtual_space_node_default_size: 1048576.
 - enlarge_chunks_in_place: 1.
 - new_chunks_are_fully_committed: 0.
 - uncommit_free_chunks: 1.
 - use_allocation_guard: 0.
 - handle_deallocations: 1.


Internal statistics:

num_allocs_failed_limit: 6.
num_arena_births: 458.
num_arena_deaths: 146.
num_vsnodes_births: 8.
num_vsnodes_deaths: 0.
num_space_committed: 868.
num_space_uncommitted: 0.
num_chunks_returned_to_freelist: 206.
num_chunks_taken_from_freelist: 2692.
num_chunk_merges: 86.
num_chunk_splits: 1780.
num_chunks_enlarged: 1174.
num_purges: 8.
num_inconsistent_stats: 0.

CodeHeap 'non-profiled nmethods': size=120036Kb used=3486Kb max_used=3486Kb free=116549Kb
 bounds [0x00007b2c66f7a000, 0x00007b2c672ea000, 0x00007b2c6e4b3000]
CodeHeap 'profiled nmethods': size=120032Kb used=19395Kb max_used=19693Kb free=100636Kb
 bounds [0x00007b2c5fa42000, 0x00007b2c60e02000, 0x00007b2c66f7a000]
CodeHeap 'non-nmethods': size=5692Kb used=1367Kb max_used=1381Kb free=4325Kb
 bounds [0x00007b2c5f4b3000, 0x00007b2c5f723000, 0x00007b2c5fa42000]
 total_blobs=8320 nmethods=7614 adapters=582
 compilation: enabled
              stopped_count=0, restarted_count=0
 full_count=0

JVMCI Events (20 events):
Event: 520.638 Thread 0x00007b2c780d2c20 detached from JVMCI runtime 0
Event: 582.663 Thread 0x00007b2c780d2c20 attached to JVMCI runtime 0
Event: 582.665 Thread 0x00007b2c780d2c20 created JavaVM[7]@0x00007b2c25c9e340 for JVMCI runtime 0
Event: 582.665 Thread 0x00007b2c780d2c20 initializing JVMCI runtime 0
Event: 582.665 Thread 0x00007b2c780d2c20 done waiting for JavaVM references initialization in JVMCI runtime 0
Event: 623.101 Thread 0x00007b2c780d2c20 initialized JVMCI runtime 0
Event: 667.151 Thread 0x00007b2c780d2c20 compacted oop handles in JVMCI runtime 0 from 220 to 141
Event: 667.151 Thread 0x00007b2c780d2c20 compacted oop handles in JVMCI runtime 0 from 142 to 96
Event: 668.568 Thread 0x00007b2c780d2c20 compacted oop handles in JVMCI runtime 0 from 111 to 101
Event: 670.073 Thread 0x00007b2c780d2c20 detaching from JVMCI runtime 0: releasing idle compiler thread (0 other threads still attached)
Event: 670.073 Thread 0x00007b2c780d2c20 shutting down HotSpotJVMCIRuntime for JVMCI runtime 0
Event: 670.073 Thread 0x00007b2c780d2c20 shut down JVMCI runtime 0
Event: 670.594 Thread 0x00007b2c780d2c20 destroyed JavaVM[7]@0x00007b2c25c9e340 for JVMCI runtime 0
Event: 670.594 Thread 0x00007b2c780d2c20 compacted oop handles in JVMCI runtime 0 from 102 to 102
Event: 670.594 Thread 0x00007b2c780d2c20 releasing handles for JVMCI runtime 0: oop handles=102, metadata handles={total=320, live=312, blocks=47}
Event: 670.594 Thread 0x00007b2c780d2c20 detached from JVMCI runtime 0
Event: 703.725 Thread 0x00007b2c780d2c20 attached to JVMCI runtime 0
Event: 703.726 Thread 0x00007b2c780d2c20 created JavaVM[8]@0x00007b2c25c9e340 for JVMCI runtime 0
Event: 703.726 Thread 0x00007b2c780d2c20 initializing JVMCI runtime 0
Event: 703.726 Thread 0x00007b2c780d2c20 done waiting for JavaVM references initialization in JVMCI runtime 0

Compilation events (20 events):
Event: 597.051 Thread 0x00007b2c780d4130 9881   !   3       java.io.PrintStream::flush (35 bytes)
Event: 598.027 Thread 0x00007b2c780d4130 nmethod 9881 0x00007b2c6073dd90 code [0x00007b2c6073df60, 0x00007b2c6073e550]
Event: 633.461 Thread 0x00007b2c780d2c20 nmethod 9880 0x00007b2c672dae10 code [0x00007b2c672daf80, 0x00007b2c672db018]
Event: 633.461 Thread 0x00007b2c780d2c20 9883       4       java.util.HashMap::putVal (300 bytes)
Event: 638.375 Thread 0x00007b2c780d2c20 nmethod 9883 0x00007b2c672db110 code [0x00007b2c672db380, 0x00007b2c672dbe60]
Event: 638.375 Thread 0x00007b2c780d2c20 9885       4       java.util.regex.Pattern::compile (500 bytes)
Event: 667.151 Thread 0x00007b2c780d2c20 nmethod 9885 0x00007b2c672dc710 code [0x00007b2c672dcb40, 0x00007b2c672df2e8]
Event: 667.151 Thread 0x00007b2c780d2c20 9886       4       org.eclipse.jdt.core.compiler.CharOperation::equals (68 bytes)
Event: 668.568 Thread 0x00007b2c780d2c20 nmethod 9886 0x00007b2c672e0910 code [0x00007b2c672e0aa0, 0x00007b2c672e0ee8]
Event: 668.568 Thread 0x00007b2c780d2c20 9882       4       org.eclipse.core.runtime.Path::equals (124 bytes)
Event: 668.575 Thread 0x00007b2c780d2c20 nmethod 9882 0x00007b2c672e1110 code [0x00007b2c672e12c0, 0x00007b2c672e1810]
Event: 673.689 Thread 0x00007b2c780d4130 9887       3       java.lang.StackFrameInfo::declaringClass (13 bytes)
Event: 673.689 Thread 0x00007b2c780d4130 nmethod 9887 0x00007b2c60805190 code [0x00007b2c60805340, 0x00007b2c60805730]
Event: 673.689 Thread 0x00007b2c780d4130 9888       3       java.lang.invoke.MethodHandleImpl$1::getDeclaringClass (10 bytes)
Event: 673.689 Thread 0x00007b2c780d4130 nmethod 9888 0x00007b2c60804b90 code [0x00007b2c60804d40, 0x00007b2c608050b0]
Event: 676.914 Thread 0x00007b2c780d4130 9889       3       org.eclipse.jdt.internal.core.JavaModelManager$VariablesAndContainersSaveHelper::saveInt (9 bytes)
Event: 677.819 Thread 0x00007b2c780d4130 nmethod 9889 0x00007b2c604f7b90 code [0x00007b2c604f7d40, 0x00007b2c604f7e80]
Event: 703.725 Thread 0x00007b2c780d2c20 9892   !   4       java.util.regex.Pattern::closure (276 bytes)
Event: 703.727 Thread 0x00007b2c780d4130 9891   !   3       org.eclipse.core.internal.registry.ConfigurationElement::createExecutableExtension (419 bytes)
Event: 703.730 Thread 0x00007b2c780d4130 nmethod 9891 0x00007b2c607b0290 code [0x00007b2c607b0940, 0x00007b2c607b4c30]

GC Heap History (20 events):
Event: 730.810 GC heap before
{Heap before GC invocations=1294 (full 1204):
 PSYoungGen      total 88576K, used 53247K [0x00000000f5580000, 0x00000000fd180000, 0x0000000100000000)
  eden space 53248K, 99% used [0x00000000f5580000,0x00000000f897fef0,0x00000000f8980000)
  from space 35328K, 0% used [0x00000000f8980000,0x00000000f8980000,0x00000000fac00000)
  to   space 34816K, 0% used [0x00000000fac80000,0x00000000fac80000,0x00000000fce80000)
 ParOldGen       total 349696K, used 349695K [0x00000000e0000000, 0x00000000f5580000, 0x00000000f5580000)
  object space 349696K, 99% used [0x00000000e0000000,0x00000000f557fe88,0x00000000f5580000)
 Metaspace       used 54782K, committed 55616K, reserved 1105920K
  class space    used 5104K, committed 5504K, reserved 1048576K
}
Event: 731.307 GC heap after
{Heap after GC invocations=1294 (full 1204):
 PSYoungGen      total 88064K, used 53245K [0x00000000f5580000, 0x00000000fd180000, 0x0000000100000000)
  eden space 53248K, 99% used [0x00000000f5580000,0x00000000f897f6b0,0x00000000f8980000)
  from space 34816K, 0% used [0x00000000fac80000,0x00000000fac80000,0x00000000fce80000)
  to   space 35328K, 0% used [0x00000000f8980000,0x00000000f8980000,0x00000000fac00000)
 ParOldGen       total 349696K, used 349695K [0x00000000e0000000, 0x00000000f5580000, 0x00000000f5580000)
  object space 349696K, 99% used [0x00000000e0000000,0x00000000f557fd20,0x00000000f5580000)
 Metaspace       used 54782K, committed 55616K, reserved 1105920K
  class space    used 5104K, committed 5504K, reserved 1048576K
}
Event: 731.307 GC heap before
{Heap before GC invocations=1295 (full 1205):
 PSYoungGen      total 88064K, used 53245K [0x00000000f5580000, 0x00000000fd180000, 0x0000000100000000)
  eden space 53248K, 99% used [0x00000000f5580000,0x00000000f897f6b0,0x00000000f8980000)
  from space 34816K, 0% used [0x00000000fac80000,0x00000000fac80000,0x00000000fce80000)
  to   space 35328K, 0% used [0x00000000f8980000,0x00000000f8980000,0x00000000fac00000)
 ParOldGen       total 349696K, used 349695K [0x00000000e0000000, 0x00000000f5580000, 0x00000000f5580000)
  object space 349696K, 99% used [0x00000000e0000000,0x00000000f557fd20,0x00000000f5580000)
 Metaspace       used 54782K, committed 55616K, reserved 1105920K
  class space    used 5104K, committed 5504K, reserved 1048576K
}
Event: 731.731 GC heap after
{Heap after GC invocations=1295 (full 1205):
 PSYoungGen      total 88576K, used 53245K [0x00000000f5580000, 0x00000000fd180000, 0x0000000100000000)
  eden space 53248K, 99% used [0x00000000f5580000,0x00000000f897f5d0,0x00000000f8980000)
  from space 35328K, 0% used [0x00000000f8980000,0x00000000f8980000,0x00000000fac00000)
  to   space 34816K, 0% used [0x00000000fac80000,0x00000000fac80000,0x00000000fce80000)
 ParOldGen       total 349696K, used 349695K [0x00000000e0000000, 0x00000000f5580000, 0x00000000f5580000)
  object space 349696K, 99% used [0x00000000e0000000,0x00000000f557fd20,0x00000000f5580000)
 Metaspace       used 54782K, committed 55616K, reserved 1105920K
  class space    used 5104K, committed 5504K, reserved 1048576K
}
Event: 731.732 GC heap before
{Heap before GC invocations=1296 (full 1206):
 PSYoungGen      total 88576K, used 53248K [0x00000000f5580000, 0x00000000fd180000, 0x0000000100000000)
  eden space 53248K, 100% used [0x00000000f5580000,0x00000000f8980000,0x00000000f8980000)
  from space 35328K, 0% used [0x00000000f8980000,0x00000000f8980000,0x00000000fac00000)
  to   space 34816K, 0% used [0x00000000fac80000,0x00000000fac80000,0x00000000fce80000)
 ParOldGen       total 349696K, used 349695K [0x00000000e0000000, 0x00000000f5580000, 0x00000000f5580000)
  object space 349696K, 99% used [0x00000000e0000000,0x00000000f557fd20,0x00000000f5580000)
 Metaspace       used 54782K, committed 55616K, reserved 1105920K
  class space    used 5104K, committed 5504K, reserved 1048576K
}
Event: 732.141 GC heap after
{Heap after GC invocations=1296 (full 1206):
 PSYoungGen      total 88064K, used 53246K [0x00000000f5580000, 0x00000000fd180000, 0x0000000100000000)
  eden space 53248K, 99% used [0x00000000f5580000,0x00000000f897fa08,0x00000000f8980000)
  from space 34816K, 0% used [0x00000000fac80000,0x00000000fac80000,0x00000000fce80000)
  to   space 35328K, 0% used [0x00000000f8980000,0x00000000f8980000,0x00000000fac00000)
 ParOldGen       total 349696K, used 349695K [0x00000000e0000000, 0x00000000f5580000, 0x00000000f5580000)
  object space 349696K, 99% used [0x00000000e0000000,0x00000000f557fcc0,0x00000000f5580000)
 Metaspace       used 54782K, committed 55616K, reserved 1105920K
  class space    used 5104K, committed 5504K, reserved 1048576K
}
Event: 732.142 GC heap before
{Heap before GC invocations=1297 (full 1207):
 PSYoungGen      total 88064K, used 53247K [0x00000000f5580000, 0x00000000fd180000, 0x0000000100000000)
  eden space 53248K, 99% used [0x00000000f5580000,0x00000000f897fff0,0x00000000f8980000)
  from space 34816K, 0% used [0x00000000fac80000,0x00000000fac80000,0x00000000fce80000)
  to   space 35328K, 0% used [0x00000000f8980000,0x00000000f8980000,0x00000000fac00000)
 ParOldGen       total 349696K, used 349695K [0x00000000e0000000, 0x00000000f5580000, 0x00000000f5580000)
  object space 349696K, 99% used [0x00000000e0000000,0x00000000f557fcc0,0x00000000f5580000)
 Metaspace       used 54782K, committed 55616K, reserved 1105920K
  class space    used 5104K, committed 5504K, reserved 1048576K
}
Event: 732.630 GC heap after
{Heap after GC invocations=1297 (full 1207):
 PSYoungGen      total 88576K, used 53247K [0x00000000f5580000, 0x00000000fd180000, 0x0000000100000000)
  eden space 53248K, 99% used [0x00000000f5580000,0x00000000f897fef0,0x00000000f8980000)
  from space 35328K, 0% used [0x00000000f8980000,0x00000000f8980000,0x00000000fac00000)
  to   space 34816K, 0% used [0x00000000fac80000,0x00000000fac80000,0x00000000fce80000)
 ParOldGen       total 349696K, used 349694K [0x00000000e0000000, 0x00000000f5580000, 0x00000000f5580000)
  object space 349696K, 99% used [0x00000000e0000000,0x00000000f557f8b0,0x00000000f5580000)
 Metaspace       used 54782K, committed 55616K, reserved 1105920K
  class space    used 5104K, committed 5504K, reserved 1048576K
}
Event: 732.631 GC heap before
{Heap before GC invocations=1298 (full 1208):
 PSYoungGen      total 88576K, used 53248K [0x00000000f5580000, 0x00000000fd180000, 0x0000000100000000)
  eden space 53248K, 100% used [0x00000000f5580000,0x00000000f8980000,0x00000000f8980000)
  from space 35328K, 0% used [0x00000000f8980000,0x00000000f8980000,0x00000000fac00000)
  to   space 34816K, 0% used [0x00000000fac80000,0x00000000fac80000,0x00000000fce80000)
 ParOldGen       total 349696K, used 349694K [0x00000000e0000000, 0x00000000f5580000, 0x00000000f5580000)
  object space 349696K, 99% used [0x00000000e0000000,0x00000000f557f8b0,0x00000000f5580000)
 Metaspace       used 54782K, committed 55616K, reserved 1105920K
  class space    used 5104K, committed 5504K, reserved 1048576K
}
Event: 733.221 GC heap after
{Heap after GC invocations=1298 (full 1208):
 PSYoungGen      total 88064K, used 53247K [0x00000000f5580000, 0x00000000fd180000, 0x0000000100000000)
  eden space 53248K, 99% used [0x00000000f5580000,0x00000000f897ff98,0x00000000f8980000)
  from space 34816K, 0% used [0x00000000fac80000,0x00000000fac80000,0x00000000fce80000)
  to   space 35328K, 0% used [0x00000000f8980000,0x00000000f8980000,0x00000000fac00000)
 ParOldGen       total 349696K, used 349694K [0x00000000e0000000, 0x00000000f5580000, 0x00000000f5580000)
  object space 349696K, 99% used [0x00000000e0000000,0x00000000f557f8b0,0x00000000f5580000)
 Metaspace       used 54782K, committed 55616K, reserved 1105920K
  class space    used 5104K, committed 5504K, reserved 1048576K
}
Event: 733.222 GC heap before
{Heap before GC invocations=1299 (full 1209):
 PSYoungGen      total 88064K, used 53248K [0x00000000f5580000, 0x00000000fd180000, 0x0000000100000000)
  eden space 53248K, 100% used [0x00000000f5580000,0x00000000f8980000,0x00000000f8980000)
  from space 34816K, 0% used [0x00000000fac80000,0x00000000fac80000,0x00000000fce80000)
  to   space 35328K, 0% used [0x00000000f8980000,0x00000000f8980000,0x00000000fac00000)
 ParOldGen       total 349696K, used 349694K [0x00000000e0000000, 0x00000000f5580000, 0x00000000f5580000)
  object space 349696K, 99% used [0x00000000e0000000,0x00000000f557f8b0,0x00000000f5580000)
 Metaspace       used 54782K, committed 55616K, reserved 1105920K
  class space    used 5104K, committed 5504K, reserved 1048576K
}
Event: 733.726 GC heap after
{Heap after GC invocations=1299 (full 1209):
 PSYoungGen      total 88576K, used 53248K [0x00000000f5580000, 0x00000000fd180000, 0x0000000100000000)
  eden space 53248K, 100% used [0x00000000f5580000,0x00000000f8980000,0x00000000f8980000)
  from space 35328K, 0% used [0x00000000f8980000,0x00000000f8980000,0x00000000fac00000)
  to   space 34816K, 0% used [0x00000000fac80000,0x00000000fac80000,0x00000000fce80000)
 ParOldGen       total 349696K, used 349694K [0x00000000e0000000, 0x00000000f5580000, 0x00000000f5580000)
  object space 349696K, 99% used [0x00000000e0000000,0x00000000f557f8b0,0x00000000f5580000)
 Metaspace       used 54782K, committed 55616K, reserved 1105920K
  class space    used 5104K, committed 5504K, reserved 1048576K
}
Event: 733.727 GC heap before
{Heap before GC invocations=1300 (full 1210):
 PSYoungGen      total 88576K, used 53248K [0x00000000f5580000, 0x00000000fd180000, 0x0000000100000000)
  eden space 53248K, 100% used [0x00000000f5580000,0x00000000f8980000,0x00000000f8980000)
  from space 35328K, 0% used [0x00000000f8980000,0x00000000f8980000,0x00000000fac00000)
  to   space 34816K, 0% used [0x00000000fac80000,0x00000000fac80000,0x00000000fce80000)
 ParOldGen       total 349696K, used 349695K [0x00000000e0000000, 0x00000000f5580000, 0x00000000f5580000)
  object space 349696K, 99% used [0x00000000e0000000,0x00000000f557ffb8,0x00000000f5580000)
 Metaspace       used 54783K, committed 55616K, reserved 1105920K
  class space    used 5104K, committed 5504K, reserved 1048576K
}
Event: 734.196 GC heap after
{Heap after GC invocations=1300 (full 1210):
 PSYoungGen      total 88064K, used 53247K [0x00000000f5580000, 0x00000000fd180000, 0x0000000100000000)
  eden space 53248K, 99% used [0x00000000f5580000,0x00000000f897fd28,0x00000000f8980000)
  from space 34816K, 0% used [0x00000000fac80000,0x00000000fac80000,0x00000000fce80000)
  to   space 35328K, 0% used [0x00000000f8980000,0x00000000f8980000,0x00000000fac00000)
 ParOldGen       total 349696K, used 349694K [0x00000000e0000000, 0x00000000f5580000, 0x00000000f5580000)
  object space 349696K, 99% used [0x00000000e0000000,0x00000000f557fb90,0x00000000f5580000)
 Metaspace       used 54783K, committed 55616K, reserved 1105920K
  class space    used 5104K, committed 5504K, reserved 1048576K
}
Event: 734.196 GC heap before
{Heap before GC invocations=1301 (full 1211):
 PSYoungGen      total 88064K, used 53248K [0x00000000f5580000, 0x00000000fd180000, 0x0000000100000000)
  eden space 53248K, 100% used [0x00000000f5580000,0x00000000f8980000,0x00000000f8980000)
  from space 34816K, 0% used [0x00000000fac80000,0x00000000fac80000,0x00000000fce80000)
  to   space 35328K, 0% used [0x00000000f8980000,0x00000000f8980000,0x00000000fac00000)
 ParOldGen       total 349696K, used 349694K [0x00000000e0000000, 0x00000000f5580000, 0x00000000f5580000)
  object space 349696K, 99% used [0x00000000e0000000,0x00000000f557fb90,0x00000000f5580000)
 Metaspace       used 54783K, committed 55616K, reserved 1105920K
  class space    used 5104K, committed 5504K, reserved 1048576K
}
Event: 734.735 GC heap after
{Heap after GC invocations=1301 (full 1211):
 PSYoungGen      total 88576K, used 53248K [0x00000000f5580000, 0x00000000fd180000, 0x0000000100000000)
  eden space 53248K, 100% used [0x00000000f5580000,0x00000000f8980000,0x00000000f8980000)
  from space 35328K, 0% used [0x00000000f8980000,0x00000000f8980000,0x00000000fac00000)
  to   space 34816K, 0% used [0x00000000fac80000,0x00000000fac80000,0x00000000fce80000)
 ParOldGen       total 349696K, used 349694K [0x00000000e0000000, 0x00000000f5580000, 0x00000000f5580000)
  object space 349696K, 99% used [0x00000000e0000000,0x00000000f557fb90,0x00000000f5580000)
 Metaspace       used 54783K, committed 55616K, reserved 1105920K
  class space    used 5104K, committed 5504K, reserved 1048576K
}
Event: 734.736 GC heap before
{Heap before GC invocations=1302 (full 1212):
 PSYoungGen      total 88576K, used 53248K [0x00000000f5580000, 0x00000000fd180000, 0x0000000100000000)
  eden space 53248K, 100% used [0x00000000f5580000,0x00000000f8980000,0x00000000f8980000)
  from space 35328K, 0% used [0x00000000f8980000,0x00000000f8980000,0x00000000fac00000)
  to   space 34816K, 0% used [0x00000000fac80000,0x00000000fac80000,0x00000000fce80000)
 ParOldGen       total 349696K, used 349695K [0x00000000e0000000, 0x00000000f5580000, 0x00000000f5580000)
  object space 349696K, 99% used [0x00000000e0000000,0x00000000f557fd48,0x00000000f5580000)
 Metaspace       used 54783K, committed 55616K, reserved 1105920K
  class space    used 5104K, committed 5504K, reserved 1048576K
}
Event: 735.244 GC heap after
{Heap after GC invocations=1302 (full 1212):
 PSYoungGen      total 88064K, used 53248K [0x00000000f5580000, 0x00000000fd180000, 0x0000000100000000)
  eden space 53248K, 100% used [0x00000000f5580000,0x00000000f8980000,0x00000000f8980000)
  from space 34816K, 0% used [0x00000000fac80000,0x00000000fac80000,0x00000000fce80000)
  to   space 35328K, 0% used [0x00000000f8980000,0x00000000f8980000,0x00000000fac00000)
 ParOldGen       total 349696K, used 349694K [0x00000000e0000000, 0x00000000f5580000, 0x00000000f5580000)
  object space 349696K, 99% used [0x00000000e0000000,0x00000000f557fbc8,0x00000000f5580000)
 Metaspace       used 54783K, committed 55616K, reserved 1105920K
  class space    used 5104K, committed 5504K, reserved 1048576K
}
Event: 735.244 GC heap before
{Heap before GC invocations=1303 (full 1213):
 PSYoungGen      total 88064K, used 53248K [0x00000000f5580000, 0x00000000fd180000, 0x0000000100000000)
  eden space 53248K, 100% used [0x00000000f5580000,0x00000000f8980000,0x00000000f8980000)
  from space 34816K, 0% used [0x00000000fac80000,0x00000000fac80000,0x00000000fce80000)
  to   space 35328K, 0% used [0x00000000f8980000,0x00000000f8980000,0x00000000fac00000)
 ParOldGen       total 349696K, used 349694K [0x00000000e0000000, 0x00000000f5580000, 0x00000000f5580000)
  object space 349696K, 99% used [0x00000000e0000000,0x00000000f557fbc8,0x00000000f5580000)
 Metaspace       used 54783K, committed 55616K, reserved 1105920K
  class space    used 5104K, committed 5504K, reserved 1048576K
}
Event: 735.726 GC heap after
{Heap after GC invocations=1303 (full 1213):
 PSYoungGen      total 88576K, used 53248K [0x00000000f5580000, 0x00000000fd180000, 0x0000000100000000)
  eden space 53248K, 100% used [0x00000000f5580000,0x00000000f8980000,0x00000000f8980000)
  from space 35328K, 0% used [0x00000000f8980000,0x00000000f8980000,0x00000000fac00000)
  to   space 34816K, 0% used [0x00000000fac80000,0x00000000fac80000,0x00000000fce80000)
 ParOldGen       total 349696K, used 349694K [0x00000000e0000000, 0x00000000f5580000, 0x00000000f5580000)
  object space 349696K, 99% used [0x00000000e0000000,0x00000000f557fae8,0x00000000f5580000)
 Metaspace       used 54783K, committed 55616K, reserved 1105920K
  class space    used 5104K, committed 5504K, reserved 1048576K
}

Dll operation events (8 events):
Event: 0.003 Loaded shared library /nix/store/gpxl5qgg8kicmcvivwmybwjlpf7wh20l-graalvm17-ce-22.3.0/lib/libjava.so
Event: 0.011 Loaded shared library /nix/store/gpxl5qgg8kicmcvivwmybwjlpf7wh20l-graalvm17-ce-22.3.0/lib/libjsvml.so
Event: 0.161 Loaded shared library /nix/store/gpxl5qgg8kicmcvivwmybwjlpf7wh20l-graalvm17-ce-22.3.0/lib/libnio.so
Event: 0.168 Loaded shared library /nix/store/gpxl5qgg8kicmcvivwmybwjlpf7wh20l-graalvm17-ce-22.3.0/lib/libzip.so
Event: 0.174 Loaded shared library /nix/store/gpxl5qgg8kicmcvivwmybwjlpf7wh20l-graalvm17-ce-22.3.0/lib/libjvmcicompiler.so
Event: 0.345 Loaded shared library /nix/store/gpxl5qgg8kicmcvivwmybwjlpf7wh20l-graalvm17-ce-22.3.0/lib/libjimage.so
Event: 0.979 Loaded shared library /nix/store/gpxl5qgg8kicmcvivwmybwjlpf7wh20l-graalvm17-ce-22.3.0/lib/libnet.so
Event: 1.330 Loaded shared library /home/runner/Final-Project-Code-Space-CS3HonorsLabsfo-20/.cache/jdt-language-server/config/org.eclipse.equinox.launcher/org.eclipse.equinox.launcher.gtk.linux.x86_64_1.2.400.v20211117-0650/eclipse_11600.so

Deoptimization events (20 events):
Event: 454.944 Thread 0x00007b2c1047f4b0 DEOPT PACKING pc=0x00007b2c672adb00 sp=0x00007b2c5c3fd440
Event: 454.944 Thread 0x00007b2c1047f4b0 DEOPT UNPACKING pc=0x00007b2c5f505325 sp=0x00007b2c5c3fc8f0 mode 1
Event: 457.537 Thread 0x00007b2c78439a40 DEOPT PACKING pc=0x00007b2c60b5546f sp=0x00007b2c263fcf60
Event: 457.537 Thread 0x00007b2c78439a40 DEOPT UNPACKING pc=0x00007b2c5f505325 sp=0x00007b2c263fc418 mode 0
Event: 576.584 Thread 0x00007b2c78439a40 Uncommon trap: trap_request=0xffffff8f fr.pc=0x00007b2c66fc0e42 relative=0x0000000000000662
Event: 576.584 Thread 0x00007b2c78439a40 Uncommon trap: reason=constraint action=none pc=0x00007b2c66fc0e42 method=java.util.HashMap.resize()[Ljava/util/HashMap$Node; @ 131 jvmci
Event: 576.584 Thread 0x00007b2c78439a40 DEOPT PACKING pc=0x00007b2c66fc0e42 sp=0x00007b2c263fcfb0
Event: 576.584 Thread 0x00007b2c78439a40 DEOPT UNPACKING pc=0x00007b2c5f505325 sp=0x00007b2c263fc408 mode 3
Event: 577.480 Thread 0x00007b2be4165900 Uncommon trap: trap_request=0xffffff8f fr.pc=0x00007b2c672a3090 relative=0x0000000000000a30
Event: 577.480 Thread 0x00007b2be4165900 Uncommon trap: reason=constraint action=none pc=0x00007b2c672a3090 method=org.eclipse.core.runtime.Path.toOSString()Ljava/lang/String; @ 201 jvmci
Event: 577.480 Thread 0x00007b2be4165900 DEOPT PACKING pc=0x00007b2c672a3090 sp=0x00007b2c262fdd30
Event: 577.480 Thread 0x00007b2be4165900 DEOPT UNPACKING pc=0x00007b2c5f505325 sp=0x00007b2c262fd1a8 mode 3
Event: 578.987 Thread 0x00007b2be4165900 Uncommon trap: trap_request=0xffffff8f fr.pc=0x00007b2c670d1d2d relative=0x000000000000038d
Event: 578.987 Thread 0x00007b2be4165900 Uncommon trap: reason=constraint action=none pc=0x00007b2c670d1d2d method=java.lang.String.<init>([C)V @ 0 jvmci
Event: 579.946 Thread 0x00007b2be4165900 DEOPT PACKING pc=0x00007b2c670d1d2d sp=0x00007b2c262fdc70
Event: 579.946 Thread 0x00007b2be4165900 DEOPT UNPACKING pc=0x00007b2c5f505325 sp=0x00007b2c262fd128 mode 3
Event: 708.069 Thread 0x00007b2be4163830 Uncommon trap: trap_request=0xffffff8f fr.pc=0x00007b2c670dbf3a relative=0x00000000000009fa
Event: 708.069 Thread 0x00007b2be4163830 Uncommon trap: reason=constraint action=none pc=0x00007b2c670dbf3a method=java.util.Hashtable.addEntry(ILjava/lang/Object;Ljava/lang/Object;I)V @ 42 jvmci
Event: 708.069 Thread 0x00007b2be4163830 DEOPT PACKING pc=0x00007b2c670dbf3a sp=0x00007b2c5cafdf60
Event: 708.069 Thread 0x00007b2be4163830 DEOPT UNPACKING pc=0x00007b2c5f505325 sp=0x00007b2c5cafd388 mode 3

Classes unloaded (20 events):
Event: 43.636 Thread 0x00007b2c780c2630 Unloading class 0x0000000800cb1c00 'java/lang/invoke/LambdaForm$MH+0x0000000800cb1c00'
Event: 43.636 Thread 0x00007b2c780c2630 Unloading class 0x0000000800cb1800 'java/lang/invoke/LambdaForm$MH+0x0000000800cb1800'
Event: 43.636 Thread 0x00007b2c780c2630 Unloading class 0x0000000800cb1000 'java/lang/invoke/LambdaForm$MH+0x0000000800cb1000'
Event: 43.636 Thread 0x00007b2c780c2630 Unloading class 0x0000000800cb0c00 'java/lang/invoke/LambdaForm$MH+0x0000000800cb0c00'
Event: 43.636 Thread 0x00007b2c780c2630 Unloading class 0x0000000800cb0800 'java/lang/invoke/LambdaForm$MH+0x0000000800cb0800'
Event: 43.636 Thread 0x00007b2c780c2630 Unloading class 0x0000000800cb0000 'java/lang/invoke/LambdaForm$MH+0x0000000800cb0000'
Event: 43.636 Thread 0x00007b2c780c2630 Unloading class 0x0000000800c85000 'jdk/internal/reflect/GeneratedMethodAccessor5'
Event: 43.636 Thread 0x00007b2c780c2630 Unloading class 0x0000000800c84c00 'jdk/internal/reflect/GeneratedMethodAccessor4'
Event: 43.636 Thread 0x00007b2c780c2630 Unloading class 0x0000000800c84800 'jdk/internal/reflect/GeneratedMethodAccessor3'
Event: 43.636 Thread 0x00007b2c780c2630 Unloading class 0x0000000800c84400 'jdk/internal/reflect/GeneratedMethodAccessor2'
Event: 43.636 Thread 0x00007b2c780c2630 Unloading class 0x0000000800c84000 'jdk/internal/reflect/GeneratedMethodAccessor1'
Event: 43.636 Thread 0x00007b2c780c2630 Unloading class 0x0000000800c01c00 'java/lang/invoke/LambdaForm$DMH+0x0000000800c01c00'
Event: 169.761 Thread 0x00007b2c780c2630 Unloading class 0x0000000800cb1000 'java/lang/invoke/LambdaForm$MH+0x0000000800cb1000'
Event: 169.761 Thread 0x00007b2c780c2630 Unloading class 0x0000000800cb2000 'java/lang/invoke/LambdaForm$MH+0x0000000800cb2000'
Event: 169.761 Thread 0x00007b2c780c2630 Unloading class 0x0000000800cb2800 'java/lang/invoke/LambdaForm$MH+0x0000000800cb2800'
Event: 169.761 Thread 0x00007b2c780c2630 Unloading class 0x0000000800d89800 'java/lang/invoke/LambdaForm$MH+0x0000000800d89800'
Event: 169.761 Thread 0x00007b2c780c2630 Unloading class 0x0000000800d9f000 'java/lang/invoke/LambdaForm$MH+0x0000000800d9f000'
Event: 169.761 Thread 0x00007b2c780c2630 Unloading class 0x0000000800db8400 'java/lang/invoke/LambdaForm$MH+0x0000000800db8400'
Event: 230.967 Thread 0x00007b2c780c2630 Unloading class 0x0000000800c85000 'jdk/internal/reflect/GeneratedConstructorAccessor29'
Event: 551.892 Thread 0x00007b2c780c2630 Unloading class 0x0000000800cb1000 'jdk/internal/reflect/GeneratedConstructorAccessor31'

Classes redefined (0 events):
No events

Internal exceptions (20 events):
Event: 448.940 Thread 0x00007b2c103fcf00 Exception <a 'java/lang/OutOfMemoryError'{0x00000000e047a448}> (0x00000000e047a448) 
thrown [src/hotspot/share/gc/shared/memAllocator.cpp, line 136]
Event: 449.795 Thread 0x00007b2c1047f4b0 Exception <a 'java/lang/OutOfMemoryError'{0x00000000e047a128}> (0x00000000e047a128) 
thrown [src/hotspot/share/gc/shared/memAllocator.cpp, line 138]
Event: 449.795 Thread 0x00007b2c1047f4b0 Implicit null exception at 0x00007b2c66f9392f to 0x00007b2c66f939f9
Event: 451.142 Thread 0x00007b2c783a6030 Exception <a 'java/lang/OutOfMemoryError'{0x00000000e047a408}> (0x00000000e047a408) 
thrown [src/hotspot/share/gc/shared/memAllocator.cpp, line 136]
Event: 452.616 Thread 0x00007b2c10624500 Exception <a 'java/lang/OutOfMemoryError'{0x00000000e047a0e8}> (0x00000000e047a0e8) 
thrown [src/hotspot/share/gc/shared/memAllocator.cpp, line 138]
Event: 452.616 Thread 0x00007b2c10624500 Implicit null exception at 0x00007b2c6725bfed to 0x00007b2c6725c079
Event: 454.944 Thread 0x00007b2c1047f4b0 Exception <a 'java/lang/OutOfMemoryError'{0x00000000e047a408}> (0x00000000e047a408) 
thrown [src/hotspot/share/gc/shared/memAllocator.cpp, line 136]
Event: 576.584 Thread 0x00007b2c78439a40 Exception <a 'java/lang/OutOfMemoryError'{0x00000000e04764b0}> (0x00000000e04764b0) 
thrown [src/hotspot/share/gc/shared/memAllocator.cpp, line 138]
Event: 576.584 Thread 0x00007b2c78439a40 Implicit null exception at 0x00007b2c66fc0ced to 0x00007b2c66fc0e27
Event: 577.480 Thread 0x00007b2be4165900 Exception <a 'java/lang/OutOfMemoryError'{0x00000000e04764b0}> (0x00000000e04764b0) 
thrown [src/hotspot/share/gc/shared/memAllocator.cpp, line 138]
Event: 577.480 Thread 0x00007b2be4165900 Implicit null exception at 0x00007b2c672a2c86 to 0x00007b2c672a3075
Event: 578.987 Thread 0x00007b2be4165900 Exception <a 'java/lang/OutOfMemoryError'{0x00000000e04764b0}> (0x00000000e04764b0) 
thrown [src/hotspot/share/gc/shared/memAllocator.cpp, line 138]
Event: 578.987 Thread 0x00007b2be4165900 Implicit null exception at 0x00007b2c670d1bb1 to 0x00007b2c670d1d12
Event: 579.946 Thread 0x00007b2be4176130 Exception <a 'java/lang/OutOfMemoryError'{0x00000000e04767d0}> (0x00000000e04767d0) 
thrown [src/hotspot/share/gc/shared/memAllocator.cpp, line 136]
Event: 701.989 Thread 0x00007b2bf80010d0 Exception <a 'java/lang/OutOfMemoryError'{0x00000000e04767d0}> (0x00000000e04767d0) 
thrown [src/hotspot/share/gc/shared/memAllocator.cpp, line 136]
Event: 708.069 Thread 0x00007b2be4163830 Exception <a 'java/lang/OutOfMemoryError'{0x00000000e04764b0}> (0x00000000e04764b0) 
thrown [src/hotspot/share/gc/shared/memAllocator.cpp, line 138]
Event: 708.069 Thread 0x00007b2be4163830 Implicit null exception at 0x00007b2c670dbb53 to 0x00007b2c670dbf1f
Event: 709.061 Thread 0x00007b2be4163830 Exception <a 'java/lang/OutOfMemoryError'{0x00000000e04767d0}> (0x00000000e04767d0) 
thrown [src/hotspot/share/gc/shared/memAllocator.cpp, line 136]
Event: 731.731 Thread 0x00007b2bf80010d0 Exception <a 'java/lang/OutOfMemoryError'{0x00000000e04767d0}> (0x00000000e04767d0) 
thrown [src/hotspot/share/gc/shared/memAllocator.cpp, line 136]
Event: 735.727 Thread 0x00007b2c780d2c20 Exception <a 'java/lang/OutOfMemoryError'{0x00000000e04767d0}> (0x00000000e04767d0) 
thrown [src/hotspot/share/gc/shared/memAllocator.cpp, line 136]

VM Operations (20 events):
Event: 730.298 Executing VM operation: ParallelGCFailedAllocation done
Event: 730.298 Executing VM operation: ParallelGCFailedAllocation
Event: 730.809 Executing VM operation: ParallelGCFailedAllocation done
Event: 730.809 Executing VM operation: ParallelGCFailedAllocation
Event: 731.731 Executing VM operation: ParallelGCFailedAllocation done
Event: 731.732 Executing VM operation: ParallelGCFailedAllocation
Event: 732.141 Executing VM operation: ParallelGCFailedAllocation done
Event: 732.142 Executing VM operation: ParallelGCFailedAllocation
Event: 732.631 Executing VM operation: ParallelGCFailedAllocation done
Event: 732.631 Executing VM operation: ParallelGCFailedAllocation
Event: 733.221 Executing VM operation: ParallelGCFailedAllocation done
Event: 733.222 Executing VM operation: ParallelGCFailedAllocation
Event: 733.726 Executing VM operation: ParallelGCFailedAllocation done
Event: 733.727 Executing VM operation: ParallelGCFailedAllocation
Event: 734.196 Executing VM operation: ParallelGCFailedAllocation done
Event: 734.196 Executing VM operation: ParallelGCFailedAllocation
Event: 734.735 Executing VM operation: ParallelGCFailedAllocation done
Event: 734.736 Executing VM operation: ParallelGCFailedAllocation
Event: 735.726 Executing VM operation: ParallelGCFailedAllocation done
Event: 735.727 Executing VM operation: ParallelGCFailedAllocation

Events (20 events):
Event: 455.813 Thread 0x00007b2bfc000ff0 Thread exited: 0x00007b2bfc000ff0
Event: 456.449 Thread 0x00007b2be4175680 Thread added: 0x00007b2be4175680
Event: 456.449 Protecting memory [0x00007b2c26b00000,0x00007b2c26b04000] with protection modes 0
Event: 456.996 Thread 0x00007b2be413b7f0 Thread added: 0x00007b2be413b7f0
Event: 456.996 Protecting memory [0x00007b2c26500000,0x00007b2c26504000] with protection modes 0
Event: 458.541 Thread 0x00007b2be4176130 Thread added: 0x00007b2be4176130
Event: 458.542 Protecting memory [0x00007b2c5c500000,0x00007b2c5c504000] with protection modes 0
Event: 458.542 Thread 0x00007b2be4176130 Thread exited: 0x00007b2be4176130
Event: 466.557 Thread 0x00007b2be4176130 Thread added: 0x00007b2be4176130
Event: 466.557 Protecting memory [0x00007b2c5c500000,0x00007b2c5c504000] with protection modes 0
Event: 471.576 Thread 0x00007b2be4165900 Thread added: 0x00007b2be4165900
Event: 471.576 Protecting memory [0x00007b2c26200000,0x00007b2c26204000] with protection modes 0
Event: 581.973 Thread 0x00007b2be4163830 Thread added: 0x00007b2be4163830
Event: 581.973 Protecting memory [0x00007b2c5ca00000,0x00007b2c5ca04000] with protection modes 0
Event: 600.585 Thread 0x00007b2be4176130 Thread exited: 0x00007b2be4176130
Event: 648.621 Thread 0x00007b2be4176130 Thread added: 0x00007b2be4176130
Event: 648.621 Protecting memory [0x00007b2c5c500000,0x00007b2c5c504000] with protection modes 0
Event: 703.075 Thread 0x00007b2bf800de40 Thread added: 0x00007b2bf800de40
Event: 703.075 Protecting memory [0x00007b2c5c200000,0x00007b2c5c204000] with protection modes 0
Event: 710.411 Thread 0x00007b2be4165900 Thread exited: 0x00007b2be4165900


Dynamic libraries:
e0000000-f2480000 rw-p 00000000 00:00 0 
f2480000-fd180000 rw-p 00000000 00:00 0 
fd180000-100000000 ---p 00000000 00:00 0 
800000000-800449000 rw-p 00001000 08:10 707969865                        /nix/store/gpxl5qgg8kicmcvivwmybwjlpf7wh20l-graalvm17-ce-22.3.0/lib/server/classes.jsa
800449000-800bc8000 r--p 0044a000 08:10 707969865                        /nix/store/gpxl5qgg8kicmcvivwmybwjlpf7wh20l-graalvm17-ce-22.3.0/lib/server/classes.jsa
800bc8000-800c00000 ---p 00000000 00:00 0 
800c00000-800c10000 rw-p 00000000 00:00 0 
800c10000-800c30000 rw-p 00000000 00:00 0 
800c30000-800cb0000 rw-p 00000000 00:00 0 
800cb0000-800cf0000 rw-p 00000000 00:00 0 
800cf0000-800db0000 rw-p 00000000 00:00 0 
800db0000-800df0000 rw-p 00000000 00:00 0 
800df0000-801130000 rw-p 00000000 00:00 0 
801130000-801150000 rw-p 00000000 00:00 0 
801150000-801180000 ---p 00000000 00:00 0 
801180000-801190000 rw-p 00000000 00:00 0 
801190000-840c00000 ---p 00000000 00:00 0 
5990b8348000-5990b8349000 r-xp 00000000 08:10 672029940                  /nix/store/gpxl5qgg8kicmcvivwmybwjlpf7wh20l-graalvm17-ce-22.3.0/bin/.java-wrapped
5990b834a000-5990b834b000 r--p 00001000 08:10 672029940                  /nix/store/gpxl5qgg8kicmcvivwmybwjlpf7wh20l-graalvm17-ce-22.3.0/bin/.java-wrapped
5990b834b000-5990b834c000 rw-p 00002000 08:10 672029940                  /nix/store/gpxl5qgg8kicmcvivwmybwjlpf7wh20l-graalvm17-ce-22.3.0/bin/.java-wrapped
5990b834c000-5990b834d000 rw-p 00004000 08:10 672029940                  /nix/store/gpxl5qgg8kicmcvivwmybwjlpf7wh20l-graalvm17-ce-22.3.0/bin/.java-wrapped
5990b834d000-5990b834e000 rw-p 00005000 08:10 672029940                  /nix/store/gpxl5qgg8kicmcvivwmybwjlpf7wh20l-graalvm17-ce-22.3.0/bin/.java-wrapped
5990b9354000-5990b939c000 rw-p 00000000 00:00 0                          [heap]
7b2bb4000000-7b2bb4021000 rw-p 00000000 00:00 0 
7b2bb4021000-7b2bb8000000 ---p 00000000 00:00 0 
7b2bb8000000-7b2bb809c000 rw-p 00000000 00:00 0 
7b2bb809c000-7b2bbc000000 ---p 00000000 00:00 0 
7b2bbc000000-7b2bbc021000 rw-p 00000000 00:00 0 
7b2bbc021000-7b2bc0000000 ---p 00000000 00:00 0 
7b2bc0000000-7b2bc00e5000 rw-p 00000000 00:00 0 
7b2bc00e5000-7b2bc4000000 ---p 00000000 00:00 0 
7b2bc4000000-7b2bc4021000 rw-p 00000000 00:00 0 
7b2bc4021000-7b2bc8000000 ---p 00000000 00:00 0 
7b2bc8000000-7b2bc8021000 rw-p 00000000 00:00 0 
7b2bc8021000-7b2bcc000000 ---p 00000000 00:00 0 
7b2bcc000000-7b2bcc021000 rw-p 00000000 00:00 0 
7b2bcc021000-7b2bd0000000 ---p 00000000 00:00 0 
7b2bd5000000-7b2bd50e0000 rw-p 00000000 00:00 0 
7b2bd50e0000-7b2bd5100000 ---p 00000000 00:00 0 
7b2bd5100000-7b2bd5110000 rw-p 00000000 00:00 0 
7b2bd5110000-7b2bd5800000 ---p 00000000 00:00 0 
7b2bd5c00000-7b2bd6400000 rw-p 00000000 00:00 0 
7b2bd64b3000-7b2be0000000 r--s 00000000 08:10 707804677                  /nix/store/gpxl5qgg8kicmcvivwmybwjlpf7wh20l-graalvm17-ce-22.3.0/lib/modules
7b2be0000000-7b2be0021000 rw-p 00000000 00:00 0 
7b2be0021000-7b2be4000000 ---p 00000000 00:00 0 
7b2be4000000-7b2be41d1000 rw-p 00000000 00:00 0 
7b2be41d1000-7b2be8000000 ---p 00000000 00:00 0 
7b2be8000000-7b2be8021000 rw-p 00000000 00:00 0 
7b2be8021000-7b2bec000000 ---p 00000000 00:00 0 
7b2bec000000-7b2bec021000 rw-p 00000000 00:00 0 
7b2bec021000-7b2bf0000000 ---p 00000000 00:00 0 
7b2bf0000000-7b2bf0120000 rw-p 00000000 00:00 0 
7b2bf0120000-7b2bf4000000 ---p 00000000 00:00 0 
7b2bf4000000-7b2bf4357000 rw-p 00000000 00:00 0 
7b2bf4357000-7b2bf8000000 ---p 00000000 00:00 0 
7b2bf8000000-7b2bf8051000 rw-p 00000000 00:00 0 
7b2bf8051000-7b2bfc000000 ---p 00000000 00:00 0 
7b2bfc000000-7b2bfc348000 rw-p 00000000 00:00 0 
7b2bfc348000-7b2c00000000 ---p 00000000 00:00 0 
7b2c00000000-7b2c00021000 rw-p 00000000 00:00 0 
7b2c00021000-7b2c04000000 ---p 00000000 00:00 0 
7b2c05000000-7b2c057f0000 rw-p 00000000 00:00 0 
7b2c057f0000-7b2c05800000 rw-p 00000000 00:00 0 
7b2c06800000-7b2c06ef0000 rw-p 00000000 00:00 0 
7b2c06ef0000-7b2c06ff0000 rw-p 00000000 00:00 0 
7b2c06ff0000-7b2c070f0000 rw-p 00000000 00:00 0 
7b2c070f0000-7b2c074f0000 rw-p 00000000 00:00 0 
7b2c074f0000-7b2c075f0000 rw-p 00000000 00:00 0 
7b2c075f0000-7b2c077f0000 rw-p 00000000 00:00 0 
7b2c077f0000-7b2c078f0000 rw-p 00000000 00:00 0 
7b2c078f0000-7b2c079f0000 rw-p 00000000 00:00 0 
7b2c079f0000-7b2c07f70000 rw-p 00000000 00:00 0 
7b2c07f70000-7b2c08000000 rw-p 00000000 00:00 0 
7b2c08000000-7b2c08021000 rw-p 00000000 00:00 0 
7b2c08021000-7b2c0c000000 ---p 00000000 00:00 0 
7b2c0c000000-7b2c0c021000 rw-p 00000000 00:00 0 
7b2c0c021000-7b2c10000000 ---p 00000000 00:00 0 
7b2c10000000-7b2c108d1000 rw-p 00000000 00:00 0 
7b2c108d1000-7b2c14000000 ---p 00000000 00:00 0 
7b2c14000000-7b2c1402b000 rw-p 00000000 00:00 0 
7b2c1402b000-7b2c18000000 ---p 00000000 00:00 0 
7b2c18000000-7b2c18021000 rw-p 00000000 00:00 0 
7b2c18021000-7b2c1c000000 ---p 00000000 00:00 0 
7b2c1c000000-7b2c1c021000 rw-p 00000000 00:00 0 
7b2c1c021000-7b2c20000000 ---p 00000000 00:00 0 
7b2c20000000-7b2c20021000 rw-p 00000000 00:00 0 
7b2c20021000-7b2c24000000 ---p 00000000 00:00 0 
7b2c24200000-7b2c24210000 r-xp 00000000 00:5d7 296                       /home/runner/Final-Project-Code-Space-CS3HonorsLabsfo-20/.cache/jdt-language-server/config/org.eclipse.equinox.launcher/org.eclipse.equinox.launcher.gtk.linux.x86_64_1.2.400.v20211117-0650/eclipse_11600.so
7b2c24210000-7b2c2440f000 ---p 00010000 00:5d7 296                       /home/runner/Final-Project-Code-Space-CS3HonorsLabsfo-20/.cache/jdt-language-server/config/org.eclipse.equinox.launcher/org.eclipse.equinox.launcher.gtk.linux.x86_64_1.2.400.v20211117-0650/eclipse_11600.so
7b2c2440f000-7b2c24410000 r--p 0000f000 00:5d7 296                       /home/runner/Final-Project-Code-Space-CS3HonorsLabsfo-20/.cache/jdt-language-server/config/org.eclipse.equinox.launcher/org.eclipse.equinox.launcher.gtk.linux.x86_64_1.2.400.v20211117-0650/eclipse_11600.so
7b2c24410000-7b2c24411000 rw-p 00010000 00:5d7 296                       /home/runner/Final-Project-Code-Space-CS3HonorsLabsfo-20/.cache/jdt-language-server/config/org.eclipse.equinox.launcher/org.eclipse.equinox.launcher.gtk.linux.x86_64_1.2.400.v20211117-0650/eclipse_11600.so
7b2c244fe000-7b2c244ff000 ---p 00000000 00:00 0 
7b2c244ff000-7b2c24600000 rw-p 00000000 00:00 0 
7b2c25000000-7b2c25100000 ---p 00000000 00:00 0 
7b2c25100000-7b2c256af000 r--p 01122000 08:10 707802136                  /nix/store/gpxl5qgg8kicmcvivwmybwjlpf7wh20l-graalvm17-ce-22.3.0/lib/libjvmcicompiler.so
7b2c256af000-7b2c25800000 r--p 00000000 00:00 0 
7b2c25800000-7b2c2583d000 rw-p 00000000 00:00 0 
7b2c2583d000-7b2c25d5d000 rw-p 0185f000 08:10 707802136                  /nix/store/gpxl5qgg8kicmcvivwmybwjlpf7wh20l-graalvm17-ce-22.3.0/lib/libjvmcicompiler.so
7b2c25d5d000-7b2c26144000 r--p 01d7f000 08:10 707802136                  /nix/store/gpxl5qgg8kicmcvivwmybwjlpf7wh20l-graalvm17-ce-22.3.0/lib/libjvmcicompiler.so
7b2c26200000-7b2c26204000 ---p 00000000 00:00 0 
7b2c26204000-7b2c26300000 rw-p 00000000 00:00 0 
7b2c26300000-7b2c26304000 ---p 00000000 00:00 0 
7b2c26304000-7b2c26400000 rw-p 00000000 00:00 0 
7b2c26400000-7b2c26404000 ---p 00000000 00:00 0 
7b2c26404000-7b2c26500000 rw-p 00000000 00:00 0 
7b2c26500000-7b2c26504000 ---p 00000000 00:00 0 
7b2c26504000-7b2c26600000 rw-p 00000000 00:00 0 
7b2c26600000-7b2c26604000 ---p 00000000 00:00 0 
7b2c26604000-7b2c26700000 rw-p 00000000 00:00 0 
7b2c26700000-7b2c26704000 ---p 00000000 00:00 0 
7b2c26704000-7b2c26800000 rw-p 00000000 00:00 0 
7b2c26800000-7b2c26804000 ---p 00000000 00:00 0 
7b2c26804000-7b2c26900000 rw-p 00000000 00:00 0 
7b2c26900000-7b2c26904000 ---p 00000000 00:00 0 
7b2c26904000-7b2c26a00000 rw-p 00000000 00:00 0 
7b2c26b00000-7b2c26b04000 ---p 00000000 00:00 0 
7b2c26b04000-7b2c26c00000 rw-p 00000000 00:00 0 
7b2c26d00000-7b2c26d04000 ---p 00000000 00:00 0 
7b2c26d04000-7b2c26e00000 rw-p 00000000 00:00 0 
7b2c27a68000-7b2c27f00000 rw-p 00000000 00:00 0 
7b2c28000000-7b2c28021000 rw-p 00000000 00:00 0 
7b2c28021000-7b2c2c000000 ---p 00000000 00:00 0 
7b2c2c000000-7b2c2c021000 rw-p 00000000 00:00 0 
7b2c2c021000-7b2c30000000 ---p 00000000 00:00 0 
7b2c30000000-7b2c30021000 rw-p 00000000 00:00 0 
7b2c30021000-7b2c34000000 ---p 00000000 00:00 0 
7b2c34000000-7b2c34021000 rw-p 00000000 00:00 0 
7b2c34021000-7b2c38000000 ---p 00000000 00:00 0 
7b2c38000000-7b2c380fc000 rw-p 00000000 00:00 0 
7b2c380fc000-7b2c3c000000 ---p 00000000 00:00 0 
7b2c3c000000-7b2c3cb3c000 rw-p 00000000 00:00 0 
7b2c3cb3c000-7b2c40000000 ---p 00000000 00:00 0 
7b2c40000000-7b2c40021000 rw-p 00000000 00:00 0 
7b2c40021000-7b2c44000000 ---p 00000000 00:00 0 
7b2c44000000-7b2c44021000 rw-p 00000000 00:00 0 
7b2c44021000-7b2c48000000 ---p 00000000 00:00 0 
7b2c48000000-7b2c48021000 rw-p 00000000 00:00 0 
7b2c48021000-7b2c4c000000 ---p 00000000 00:00 0 
7b2c4c000000-7b2c4c021000 rw-p 00000000 00:00 0 
7b2c4c021000-7b2c50000000 ---p 00000000 00:00 0 
7b2c50000000-7b2c50021000 rw-p 00000000 00:00 0 
7b2c50021000-7b2c54000000 ---p 00000000 00:00 0 
7b2c54000000-7b2c54021000 rw-p 00000000 00:00 0 
7b2c54021000-7b2c58000000 ---p 00000000 00:00 0 
7b2c58000000-7b2c58046000 rw-p 00000000 00:00 0 
7b2c58046000-7b2c5c000000 ---p 00000000 00:00 0 
7b2c5c100000-7b2c5c104000 ---p 00000000 00:00 0 
7b2c5c104000-7b2c5c200000 rw-p 00000000 00:00 0 
7b2c5c200000-7b2c5c204000 ---p 00000000 00:00 0 
7b2c5c204000-7b2c5c300000 rw-p 00000000 00:00 0 
7b2c5c300000-7b2c5c304000 ---p 00000000 00:00 0 
7b2c5c304000-7b2c5c400000 rw-p 00000000 00:00 0 
7b2c5c400000-7b2c5c404000 ---p 00000000 00:00 0 
7b2c5c404000-7b2c5c500000 rw-p 00000000 00:00 0 
7b2c5c500000-7b2c5c504000 ---p 00000000 00:00 0 
7b2c5c504000-7b2c5c600000 rw-p 00000000 00:00 0 
7b2c5c700000-7b2c5c704000 ---p 00000000 00:00 0 
7b2c5c704000-7b2c5c800000 rw-p 00000000 00:00 0 
7b2c5c900000-7b2c5c904000 ---p 00000000 00:00 0 
7b2c5c904000-7b2c5ca00000 rw-p 00000000 00:00 0 
7b2c5ca00000-7b2c5ca04000 ---p 00000000 00:00 0 
7b2c5ca04000-7b2c5cb00000 rw-p 00000000 00:00 0 
7b2c5cb00000-7b2c5cb04000 ---p 00000000 00:00 0 
7b2c5cb04000-7b2c5cc00000 rw-p 00000000 00:00 0 
7b2c5cd00000-7b2c5cd04000 ---p 00000000 00:00 0 
7b2c5cd04000-7b2c5ce00000 rw-p 00000000 00:00 0 
7b2c5ce00000-7b2c5ef6a000 r-xp 00000000 08:10 707802136                  /nix/store/gpxl5qgg8kicmcvivwmybwjlpf7wh20l-graalvm17-ce-22.3.0/lib/libjvmcicompiler.so
7b2c5ef6a000-7b2c5f169000 ---p 0216a000 08:10 707802136                  /nix/store/gpxl5qgg8kicmcvivwmybwjlpf7wh20l-graalvm17-ce-22.3.0/lib/libjvmcicompiler.so
7b2c5f169000-7b2c5f16a000 r--p 02169000 08:10 707802136                  /nix/store/gpxl5qgg8kicmcvivwmybwjlpf7wh20l-graalvm17-ce-22.3.0/lib/libjvmcicompiler.so
7b2c5f16a000-7b2c5f16c000 rw-p 0216a000 08:10 707802136                  /nix/store/gpxl5qgg8kicmcvivwmybwjlpf7wh20l-graalvm17-ce-22.3.0/lib/libjvmcicompiler.so
7b2c5f16c000-7b2c5f16d000 rw-p 00000000 00:00 0 
7b2c5f16d000-7b2c5f172000 rw-p 023c3000 08:10 707802136                  /nix/store/gpxl5qgg8kicmcvivwmybwjlpf7wh20l-graalvm17-ce-22.3.0/lib/libjvmcicompiler.so
7b2c5f18f000-7b2c5f193000 ---p 00000000 00:00 0 
7b2c5f193000-7b2c5f28f000 rw-p 00000000 00:00 0 
7b2c5f28f000-7b2c5f293000 ---p 00000000 00:00 0 
7b2c5f293000-7b2c5f2b1000 rw-p 00000000 00:00 0 
7b2c5f2b1000-7b2c5f2b2000 ---p 00000000 00:00 0 
7b2c5f2b2000-7b2c5f3b3000 rw-p 00000000 00:00 0 
7b2c5f3b3000-7b2c5f3b7000 ---p 00000000 00:00 0 
7b2c5f3b7000-7b2c5f4b3000 rw-p 00000000 00:00 0 
7b2c5f4b3000-7b2c5f723000 rwxp 00000000 00:00 0 
7b2c5f723000-7b2c5fa42000 ---p 00000000 00:00 0 
7b2c5fa42000-7b2c60e02000 rwxp 00000000 00:00 0 
7b2c60e02000-7b2c66f7a000 ---p 00000000 00:00 0 
7b2c66f7a000-7b2c672ea000 rwxp 00000000 00:00 0 
7b2c672ea000-7b2c6e4b3000 ---p 00000000 00:00 0 
7b2c6e4b3000-7b2c78000000 r--s 00000000 08:10 707804677                  /nix/store/gpxl5qgg8kicmcvivwmybwjlpf7wh20l-graalvm17-ce-22.3.0/lib/modules
7b2c78000000-7b2c7843f000 rw-p 00000000 00:00 0 
7b2c7843f000-7b2c7c000000 ---p 00000000 00:00 0 
7b2c7c007000-7b2c7c00e000 r-xp 00000000 08:10 707804676                  /nix/store/gpxl5qgg8kicmcvivwmybwjlpf7wh20l-graalvm17-ce-22.3.0/lib/libzip.so
7b2c7c00e000-7b2c7c00f000 ---p 00007000 08:10 707804676                  /nix/store/gpxl5qgg8kicmcvivwmybwjlpf7wh20l-graalvm17-ce-22.3.0/lib/libzip.so
7b2c7c00f000-7b2c7c010000 r--p 00007000 08:10 707804676                  /nix/store/gpxl5qgg8kicmcvivwmybwjlpf7wh20l-graalvm17-ce-22.3.0/lib/libzip.so
7b2c7c010000-7b2c7c011000 rw-p 00008000 08:10 707804676                  /nix/store/gpxl5qgg8kicmcvivwmybwjlpf7wh20l-graalvm17-ce-22.3.0/lib/libzip.so
7b2c7c011000-7b2c7c013000 rw-p 0000b000 08:10 707804676                  /nix/store/gpxl5qgg8kicmcvivwmybwjlpf7wh20l-graalvm17-ce-22.3.0/lib/libzip.so
7b2c7c013000-7b2c7c028000 r-xp 00000000 08:10 707804666                  /nix/store/gpxl5qgg8kicmcvivwmybwjlpf7wh20l-graalvm17-ce-22.3.0/lib/libnet.so
7b2c7c028000-7b2c7c029000 ---p 00015000 08:10 707804666                  /nix/store/gpxl5qgg8kicmcvivwmybwjlpf7wh20l-graalvm17-ce-22.3.0/lib/libnet.so
7b2c7c029000-7b2c7c02a000 r--p 00015000 08:10 707804666                  /nix/store/gpxl5qgg8kicmcvivwmybwjlpf7wh20l-graalvm17-ce-22.3.0/lib/libnet.so
7b2c7c02a000-7b2c7c02b000 rw-p 00016000 08:10 707804666                  /nix/store/gpxl5qgg8kicmcvivwmybwjlpf7wh20l-graalvm17-ce-22.3.0/lib/libnet.so
7b2c7c02b000-7b2c7c02e000 rw-p 0001b000 08:10 707804666                  /nix/store/gpxl5qgg8kicmcvivwmybwjlpf7wh20l-graalvm17-ce-22.3.0/lib/libnet.so
7b2c7c02e000-7b2c7c041000 r-xp 00000000 08:10 707804667                  /nix/store/gpxl5qgg8kicmcvivwmybwjlpf7wh20l-graalvm17-ce-22.3.0/lib/libnio.so
7b2c7c041000-7b2c7c042000 r--p 00012000 08:10 707804667                  /nix/store/gpxl5qgg8kicmcvivwmybwjlpf7wh20l-graalvm17-ce-22.3.0/lib/libnio.so
7b2c7c042000-7b2c7c043000 rw-p 00013000 08:10 707804667                  /nix/store/gpxl5qgg8kicmcvivwmybwjlpf7wh20l-graalvm17-ce-22.3.0/lib/libnio.so
7b2c7c043000-7b2c7c048000 rw-p 00019000 08:10 707804667                  /nix/store/gpxl5qgg8kicmcvivwmybwjlpf7wh20l-graalvm17-ce-22.3.0/lib/libnio.so
7b2c7c048000-7b2c7c04c000 ---p 00000000 00:00 0 
7b2c7c04c000-7b2c7c148000 rw-p 00000000 00:00 0 
7b2c7c148000-7b2c7c14c000 ---p 00000000 00:00 0 
7b2c7c14c000-7b2c7c248000 rw-p 00000000 00:00 0 
7b2c7c248000-7b2c7c24c000 ---p 00000000 00:00 0 
7b2c7c24c000-7b2c7c448000 rw-p 00000000 00:00 0 
7b2c7c448000-7b2c7c44c000 ---p 00000000 00:00 0 
7b2c7c44c000-7b2c7c648000 rw-p 00000000 00:00 0 
7b2c7c648000-7b2c7c64c000 ---p 00000000 00:00 0 
7b2c7c64c000-7b2c7c748000 rw-p 00000000 00:00 0 
7b2c7c748000-7b2c7c74c000 ---p 00000000 00:00 0 
7b2c7c74c000-7b2c7c848000 rw-p 00000000 00:00 0 
7b2c7c848000-7b2c7c84c000 ---p 00000000 00:00 0 
7b2c7c84c000-7b2c7c948000 rw-p 00000000 00:00 0 
7b2c7c948000-7b2c7cc2e000 r--p 00000000 08:01 2842484                    /usr/lib/locale/locale-archive
7b2c7cc2e000-7b2c7cc32000 ---p 00000000 00:00 0 
7b2c7cc32000-7b2c7cd2e000 rw-p 00000000 00:00 0 
7b2c7cd2e000-7b2c7cd32000 ---p 00000000 00:00 0 
7b2c7cd32000-7b2c7ce2e000 rw-p 00000000 00:00 0 
7b2c7ce2e000-7b2c7ce2f000 ---p 00000000 00:00 0 
7b2c7ce2f000-7b2c7cf30000 rw-p 00000000 00:00 0 
7b2c7cf30000-7b2c7cffe000 r-xp 00000000 08:10 707802132                  /nix/store/gpxl5qgg8kicmcvivwmybwjlpf7wh20l-graalvm17-ce-22.3.0/lib/libjsvml.so
7b2c7cffe000-7b2c7cfff000 r--p 000cd000 08:10 707802132                  /nix/store/gpxl5qgg8kicmcvivwmybwjlpf7wh20l-graalvm17-ce-22.3.0/lib/libjsvml.so
7b2c7cfff000-7b2c7d000000 rw-p 000ce000 08:10 707802132                  /nix/store/gpxl5qgg8kicmcvivwmybwjlpf7wh20l-graalvm17-ce-22.3.0/lib/libjsvml.so
7b2c7d000000-7b2c7d3f0000 rw-p 00000000 00:00 0 
7b2c7d3f0000-7b2c7d6f0000 rw-p 00000000 00:00 0 
7b2c7d6f0000-7b2c7d800000 rw-p 00000000 00:00 0 
7b2c7d804000-7b2c7f3df000 rw-p 00000000 00:00 0 
7b2c7f3df000-7b2c7f3e0000 ---p 00000000 00:00 0 
7b2c7f3e0000-7b2c7f574000 rw-p 00000000 00:00 0 
7b2c7f574000-7b2c7f5ca000 rw-p 00000000 00:00 0 
7b2c7f5ca000-7b2c7f5e1000 ---p 00000000 00:00 0 
7b2c7f5e1000-7b2c7f5e9000 rw-p 00000000 00:00 0 
7b2c7f5e9000-7b2c7f6cd000 ---p 00000000 00:00 0 
7b2c7f6cd000-7b2c7f6f5000 rw-p 00000000 00:00 0 
7b2c7f6f5000-7b2c7f7b8000 ---p 00000000 00:00 0 
7b2c7f7b8000-7b2c7f7bd000 rw-p 00000000 00:00 0 
7b2c7f7bd000-7b2c7f7c4000 ---p 00000000 00:00 0 
7b2c7f7c4000-7b2c7f7e8000 r-xp 00000000 08:10 707802124                  /nix/store/gpxl5qgg8kicmcvivwmybwjlpf7wh20l-graalvm17-ce-22.3.0/lib/libjava.so
7b2c7f7e8000-7b2c7f7e9000 ---p 00024000 08:10 707802124                  /nix/store/gpxl5qgg8kicmcvivwmybwjlpf7wh20l-graalvm17-ce-22.3.0/lib/libjava.so
7b2c7f7e9000-7b2c7f7ea000 r--p 00024000 08:10 707802124                  /nix/store/gpxl5qgg8kicmcvivwmybwjlpf7wh20l-graalvm17-ce-22.3.0/lib/libjava.so
7b2c7f7ea000-7b2c7f7eb000 rw-p 00025000 08:10 707802124                  /nix/store/gpxl5qgg8kicmcvivwmybwjlpf7wh20l-graalvm17-ce-22.3.0/lib/libjava.so
7b2c7f7eb000-7b2c7f7ec000 rw-p 00000000 00:00 0 
7b2c7f7ec000-7b2c7f7f3000 rw-p 0002f000 08:10 707802124                  /nix/store/gpxl5qgg8kicmcvivwmybwjlpf7wh20l-graalvm17-ce-22.3.0/lib/libjava.so
7b2c7f7f3000-7b2c7f7fb000 rw-s 00000000 00:f4e 644                       /tmp/hsperfdata_runner/9513
7b2c7f7fb000-7b2c7f7fc000 ---p 00000000 00:00 0 
7b2c7f7fc000-7b2c7f7fd000 r--p 00000000 00:00 0 
7b2c7f7fd000-7b2c7f7fe000 rwxp 00000000 00:00 0 
7b2c7f7fe000-7b2c7f819000 r-xp 00000000 08:10 707802128                  /nix/store/gpxl5qgg8kicmcvivwmybwjlpf7wh20l-graalvm17-ce-22.3.0/lib/libjimage.so
7b2c7f819000-7b2c7f81a000 ---p 0001b000 08:10 707802128                  /nix/store/gpxl5qgg8kicmcvivwmybwjlpf7wh20l-graalvm17-ce-22.3.0/lib/libjimage.so
7b2c7f81a000-7b2c7f81c000 r--p 0001b000 08:10 707802128                  /nix/store/gpxl5qgg8kicmcvivwmybwjlpf7wh20l-graalvm17-ce-22.3.0/lib/libjimage.so
7b2c7f81c000-7b2c7f81d000 rw-p 0001d000 08:10 707802128                  /nix/store/gpxl5qgg8kicmcvivwmybwjlpf7wh20l-graalvm17-ce-22.3.0/lib/libjimage.so
7b2c7f81d000-7b2c7f81e000 rw-p 00024000 08:10 707802128                  /nix/store/gpxl5qgg8kicmcvivwmybwjlpf7wh20l-graalvm17-ce-22.3.0/lib/libjimage.so
7b2c7f81e000-7b2c7f822000 ---p 00000000 00:00 0 
7b2c7f822000-7b2c7f91e000 rw-p 00000000 00:00 0 
7b2c7f91e000-7b2c7f92c000 r--p 00000000 08:10 600592023                  /nix/store/4nlgxhb09sdr51nc9hdm8az5b08vzkgx-glibc-2.35-163/lib/libm.so.6
7b2c7f92c000-7b2c7f99f000 r-xp 0000e000 08:10 600592023                  /nix/store/4nlgxhb09sdr51nc9hdm8az5b08vzkgx-glibc-2.35-163/lib/libm.so.6
7b2c7f99f000-7b2c7f9fc000 r--p 00081000 08:10 600592023                  /nix/store/4nlgxhb09sdr51nc9hdm8az5b08vzkgx-glibc-2.35-163/lib/libm.so.6
7b2c7f9fc000-7b2c7f9fd000 r--p 000dd000 08:10 600592023                  /nix/store/4nlgxhb09sdr51nc9hdm8az5b08vzkgx-glibc-2.35-163/lib/libm.so.6
7b2c7f9fd000-7b2c7f9fe000 rw-p 000de000 08:10 600592023                  /nix/store/4nlgxhb09sdr51nc9hdm8az5b08vzkgx-glibc-2.35-163/lib/libm.so.6
7b2c7f9fe000-7b2c7f9ff000 r--p 00000000 08:10 600592042                  /nix/store/4nlgxhb09sdr51nc9hdm8az5b08vzkgx-glibc-2.35-163/lib/librt.so.1
7b2c7f9ff000-7b2c7fa00000 r-xp 00001000 08:10 600592042                  /nix/store/4nlgxhb09sdr51nc9hdm8az5b08vzkgx-glibc-2.35-163/lib/librt.so.1
7b2c7fa00000-7b2c7fa01000 r--p 00002000 08:10 600592042                  /nix/store/4nlgxhb09sdr51nc9hdm8az5b08vzkgx-glibc-2.35-163/lib/librt.so.1
7b2c7fa01000-7b2c7fa02000 r--p 00002000 08:10 600592042                  /nix/store/4nlgxhb09sdr51nc9hdm8az5b08vzkgx-glibc-2.35-163/lib/librt.so.1
7b2c7fa02000-7b2c7fa03000 rw-p 00003000 08:10 600592042                  /nix/store/4nlgxhb09sdr51nc9hdm8az5b08vzkgx-glibc-2.35-163/lib/librt.so.1
7b2c7fa03000-7b2c80b16000 r-xp 00000000 08:10 707972962                  /nix/store/gpxl5qgg8kicmcvivwmybwjlpf7wh20l-graalvm17-ce-22.3.0/lib/server/libjvm.so
7b2c80b16000-7b2c80b17000 ---p 01113000 08:10 707972962                  /nix/store/gpxl5qgg8kicmcvivwmybwjlpf7wh20l-graalvm17-ce-22.3.0/lib/server/libjvm.so
7b2c80b17000-7b2c80bcc000 r--p 01113000 08:10 707972962                  /nix/store/gpxl5qgg8kicmcvivwmybwjlpf7wh20l-graalvm17-ce-22.3.0/lib/server/libjvm.so
7b2c80bcc000-7b2c80c00000 rw-p 011c8000 08:10 707972962                  /nix/store/gpxl5qgg8kicmcvivwmybwjlpf7wh20l-graalvm17-ce-22.3.0/lib/server/libjvm.so
7b2c80c00000-7b2c80c5c000 rw-p 00000000 00:00 0 
7b2c80c5c000-7b2c80c84000 r--p 00000000 08:10 600592014                  /nix/store/4nlgxhb09sdr51nc9hdm8az5b08vzkgx-glibc-2.35-163/lib/libc.so.6
7b2c80c84000-7b2c80dfa000 r-xp 00028000 08:10 600592014                  /nix/store/4nlgxhb09sdr51nc9hdm8az5b08vzkgx-glibc-2.35-163/lib/libc.so.6
7b2c80dfa000-7b2c80e52000 r--p 0019e000 08:10 600592014                  /nix/store/4nlgxhb09sdr51nc9hdm8az5b08vzkgx-glibc-2.35-163/lib/libc.so.6
7b2c80e52000-7b2c80e56000 r--p 001f6000 08:10 600592014                  /nix/store/4nlgxhb09sdr51nc9hdm8az5b08vzkgx-glibc-2.35-163/lib/libc.so.6
7b2c80e56000-7b2c80e58000 rw-p 001fa000 08:10 600592014                  /nix/store/4nlgxhb09sdr51nc9hdm8az5b08vzkgx-glibc-2.35-163/lib/libc.so.6
7b2c80e58000-7b2c80e67000 rw-p 00000000 00:00 0 
7b2c80e67000-7b2c80e68000 r--p 00000000 08:10 600592019                  /nix/store/4nlgxhb09sdr51nc9hdm8az5b08vzkgx-glibc-2.35-163/lib/libdl.so.2
7b2c80e68000-7b2c80e69000 r-xp 00001000 08:10 600592019                  /nix/store/4nlgxhb09sdr51nc9hdm8az5b08vzkgx-glibc-2.35-163/lib/libdl.so.2
7b2c80e69000-7b2c80e6a000 r--p 00002000 08:10 600592019                  /nix/store/4nlgxhb09sdr51nc9hdm8az5b08vzkgx-glibc-2.35-163/lib/libdl.so.2
7b2c80e6a000-7b2c80e6b000 r--p 00002000 08:10 600592019                  /nix/store/4nlgxhb09sdr51nc9hdm8az5b08vzkgx-glibc-2.35-163/lib/libdl.so.2
7b2c80e6b000-7b2c80e6c000 rw-p 00003000 08:10 600592019                  /nix/store/4nlgxhb09sdr51nc9hdm8az5b08vzkgx-glibc-2.35-163/lib/libdl.so.2
7b2c80e6c000-7b2c80e6d000 r--p 00000000 08:10 600592038                  /nix/store/4nlgxhb09sdr51nc9hdm8az5b08vzkgx-glibc-2.35-163/lib/libpthread.so.0
7b2c80e6d000-7b2c80e6e000 r-xp 00001000 08:10 600592038                  /nix/store/4nlgxhb09sdr51nc9hdm8az5b08vzkgx-glibc-2.35-163/lib/libpthread.so.0
7b2c80e6e000-7b2c80e6f000 r--p 00002000 08:10 600592038                  /nix/store/4nlgxhb09sdr51nc9hdm8az5b08vzkgx-glibc-2.35-163/lib/libpthread.so.0
7b2c80e6f000-7b2c80e70000 r--p 00002000 08:10 600592038                  /nix/store/4nlgxhb09sdr51nc9hdm8az5b08vzkgx-glibc-2.35-163/lib/libpthread.so.0
7b2c80e70000-7b2c80e71000 rw-p 00003000 08:10 600592038                  /nix/store/4nlgxhb09sdr51nc9hdm8az5b08vzkgx-glibc-2.35-163/lib/libpthread.so.0
7b2c80e71000-7b2c80e7f000 r-xp 00000000 08:10 707802129                  /nix/store/gpxl5qgg8kicmcvivwmybwjlpf7wh20l-graalvm17-ce-22.3.0/lib/libjli.so
7b2c80e7f000-7b2c80e80000 ---p 0000e000 08:10 707802129                  /nix/store/gpxl5qgg8kicmcvivwmybwjlpf7wh20l-graalvm17-ce-22.3.0/lib/libjli.so
7b2c80e80000-7b2c80e81000 r--p 0000e000 08:10 707802129                  /nix/store/gpxl5qgg8kicmcvivwmybwjlpf7wh20l-graalvm17-ce-22.3.0/lib/libjli.so
7b2c80e81000-7b2c80e82000 rw-p 0000f000 08:10 707802129                  /nix/store/gpxl5qgg8kicmcvivwmybwjlpf7wh20l-graalvm17-ce-22.3.0/lib/libjli.so
7b2c80e82000-7b2c80e83000 rw-p 00012000 08:10 707802129                  /nix/store/gpxl5qgg8kicmcvivwmybwjlpf7wh20l-graalvm17-ce-22.3.0/lib/libjli.so
7b2c80e83000-7b2c80e86000 r--p 00000000 08:10 678822167                  /nix/store/026hln0aq1hyshaxsdvhg0kmcm6yf45r-zlib-1.2.13/lib/libz.so.1.2.13
7b2c80e86000-7b2c80e98000 r-xp 00003000 08:10 678822167                  /nix/store/026hln0aq1hyshaxsdvhg0kmcm6yf45r-zlib-1.2.13/lib/libz.so.1.2.13
7b2c80e98000-7b2c80e9f000 r--p 00015000 08:10 678822167                  /nix/store/026hln0aq1hyshaxsdvhg0kmcm6yf45r-zlib-1.2.13/lib/libz.so.1.2.13
7b2c80e9f000-7b2c80ea0000 r--p 0001b000 08:10 678822167                  /nix/store/026hln0aq1hyshaxsdvhg0kmcm6yf45r-zlib-1.2.13/lib/libz.so.1.2.13
7b2c80ea0000-7b2c80ea1000 rw-p 0001c000 08:10 678822167                  /nix/store/026hln0aq1hyshaxsdvhg0kmcm6yf45r-zlib-1.2.13/lib/libz.so.1.2.13
7b2c80ea1000-7b2c80ea3000 rw-p 00000000 00:00 0 
7b2c80ea3000-7b2c80ea5000 r--p 00000000 08:10 600592008                  /nix/store/4nlgxhb09sdr51nc9hdm8az5b08vzkgx-glibc-2.35-163/lib/ld-linux-x86-64.so.2
7b2c80ea5000-7b2c80ecc000 r-xp 00002000 08:10 600592008                  /nix/store/4nlgxhb09sdr51nc9hdm8az5b08vzkgx-glibc-2.35-163/lib/ld-linux-x86-64.so.2
7b2c80ecc000-7b2c80ed8000 r--p 00029000 08:10 600592008                  /nix/store/4nlgxhb09sdr51nc9hdm8az5b08vzkgx-glibc-2.35-163/lib/ld-linux-x86-64.so.2
7b2c80ed8000-7b2c80eda000 r--p 00034000 08:10 600592008                  /nix/store/4nlgxhb09sdr51nc9hdm8az5b08vzkgx-glibc-2.35-163/lib/ld-linux-x86-64.so.2
7b2c80eda000-7b2c80edc000 rw-p 00036000 08:10 600592008                  /nix/store/4nlgxhb09sdr51nc9hdm8az5b08vzkgx-glibc-2.35-163/lib/ld-linux-x86-64.so.2
7fff854d6000-7fff854fa000 rw-p 00000000 00:00 0                          [stack]
7fff85512000-7fff85516000 r--p 00000000 00:00 0                          [vvar]
7fff85516000-7fff85518000 r-xp 00000000 00:00 0                          [vdso]
ffffffffff600000-ffffffffff601000 --xp 00000000 00:00 0                  [vsyscall]


VM Arguments:
jvm_args: -XX:ThreadPriorityPolicy=1 -XX:+UnlockExperimentalVMOptions -XX:+EnableJVMCIProduct -XX:JVMCIThreadsPerNativeLibraryRuntime=1 -XX:-UnlockExperimentalVMOptions -Declipse.application=org.eclipse.jdt.ls.core.id1 -Dosgi.bundles.defaultStartLevel=4 -Declipse.product=org.eclipse.jdt.ls.core.product -Dlog.level=ALL -Xverify:none -XX:+UseParallelGC -XX:GCTimeRatio=4 -XX:AdaptiveSizePolicyWeight=90 -Dsun.zip.disableMemoryMapping=true -Xmx512m -Xms100m 
java_command: /nix/store/q9712qvwdh22a4krw4jz2sjrz07mvjbl-jdt-language-server-1.9.0/share/java/plugins/org.eclipse.equinox.launcher_1.6.400.v20210924-0641.jar --add-modules=ALL-SYSTEM --add-opens java.base/java.util=ALL-UNNAMED --add-opens java.base/java.lang=ALL-UNNAMED -configuration /home/runner/Final-Project-Code-Space-CS3HonorsLabsfo-20/.cache/jdt-language-server/config -data /home/runner/.cache/jdt-language-server/data/home/runner/Final-Project-Code-Space-CS3HonorsLabsfo-20
java_class_path (initial): /nix/store/q9712qvwdh22a4krw4jz2sjrz07mvjbl-jdt-language-server-1.9.0/share/java/plugins/org.eclipse.equinox.launcher_1.6.400.v20210924-0641.jar
Launcher Type: SUN_STANDARD

[Global flags]
    uintx AdaptiveSizePolicyWeight                 = 90                                        {product} {command line}
     intx CICompilerCount                          = 2                                         {product} {ergonomic}
     bool EnableJVMCIProduct                       = true                                {JVMCI product} {jimage}
    uintx GCTimeRatio                              = 4                                         {product} {command line}
   size_t InitialHeapSize                          = 104857600                                 {product} {command line}
     uint JVMCIThreadsPerNativeLibraryRuntime      = 1                                   {JVMCI product} {jimage}
   size_t MaxHeapSize                              = 536870912                                 {product} {command line}
   size_t MaxNewSize                               = 178782208                                 {product} {ergonomic}
   size_t MinHeapDeltaBytes                        = 524288                                    {product} {ergonomic}
   size_t MinHeapSize                              = 104857600                                 {product} {command line}
   size_t NewSize                                  = 34603008                                  {product} {ergonomic}
    uintx NonNMethodCodeHeapSize                   = 5826188                                {pd product} {ergonomic}
    uintx NonProfiledCodeHeapSize                  = 122916026                              {pd product} {ergonomic}
   size_t OldSize                                  = 70254592                                  {product} {ergonomic}
    uintx ProfiledCodeHeapSize                     = 122916026                              {pd product} {ergonomic}
    uintx ReservedCodeCacheSize                    = 251658240                              {pd product} {ergonomic}
     bool SegmentedCodeCache                       = true                                      {product} {ergonomic}
   size_t SoftMaxHeapSize                          = 536870912                              {manageable} {ergonomic}
     intx ThreadPriorityPolicy                     = 1                                         {product} {jimage}
     bool UseCompressedClassPointers               = true                           {product lp64_product} {ergonomic}
     bool UseCompressedOops                        = true                           {product lp64_product} {ergonomic}
     bool UseParallelGC                            = true                                      {product} {command line}

Logging:
Log output configuration:
 #0: stdout all=warning uptime,level,tags
 #1: stderr all=off uptime,level,tags

Environment Variables:
JAVA_HOME=/nix/store/gpxl5qgg8kicmcvivwmybwjlpf7wh20l-graalvm17-ce-22.3.0
PATH=/nix/store/1d6ian3r8kdzspw8hacjhl3xkp40g1lj-binutils-wrapper-2.39/bin:/nix/store/dq0xwmsk1g0i2ayg6pb7y87na2knzylh-gcc-wrapper-11.3.0/bin:/nix/store/bap4d0lpcrhpwmpb8ayjcgkmvfj62lnq-bash-interactive-5.1-p16/bin:/nix/store/pr5n59mb4jzmfx6kanwxly0l07p861fg-patchelf-0.15.0/bin:/nix/store/1gf2flfqnpqbr1b4p4qz2f72y42bs56r-gcc-11.3.0/bin:/nix/store/57xv61c5zi8pphjbcwxxjlgc34p61ic9-glibc-2.35-163-bin/bin:/nix/store/a7gvj343m05j2s32xcnwr35v31ynlypr-coreutils-9.1/bin:/nix/store/039g378vc3pc3dvi9dzdlrd0i4q93qwf-binutils-2.39/bin:/nix/store/gpxl5qgg8kicmcvivwmybwjlpf7wh20l-graalvm17-ce-22.3.0/bin:/nix/store/6z9ag3ihc8mq2hzsw48lhbznvzny65nz-apache-maven-3.8.6/bin:/nix/store/q9712qvwdh22a4krw4jz2sjrz07mvjbl-jdt-language-server-1.9.0/bin:/nix/store/9zdrgm97n766nc0kj11x4xvvp00qlfk9-java-debug/bin:/nix/store/18y8p4mjwjy26npih04hfv48wz9czgk3-attr-2.5.1-bin/bin:/nix/store/q8s1kzhsblr2a1p2g0lh2dkcgca1im3z-libcap-2.66/bin:/nix/store/bvihhgw8bh6cqqlj0d4s8cvmm4mqmzfc-pulseaudio-16.1/bin:/nix/store/mydc6f4k2z73xlcz7ilif3v2lcaiqvza-findutils-4.9.0/bin:/nix/store/j9p3g8472iijd50vhdprx0nmk2fqn5gv-diffutils-3.8/bin:/nix/store/89zs7rms6x00xfq4dq6m7mjnhkr8a6r4-gnused-4.8/bin:/nix/store/86bp03jkmsl6f92w0yzg4s59g5mhxwmy-gnugrep-3.7/bin:/nix/store/hwcdqw4jrjnd37wxqgsd47hd0j8bnj09-gawk-5.1.1/bin:/nix/store/cfbhw8r8ags41vwqaz47r583d0p4h4a1-gnutar-1.34/bin:/nix/store/p3m1ndl1lapwrlh698bnb5lvvxh67378-gzip-1.12/bin:/nix/store/a8mhcagrsly7c7mpjrpsnaahk4aax056-bzip2-1.0.8-bin/bin:/nix/store/mblgz65m3zv9x548a3d5m96fj2pbwr09-gnumake-4.3/bin:/nix/store/dsd5gz46hdbdk2rfdimqddhq6m8m8fqs-bash-5.1-p16/bin:/nix/store/v7ljksji50mg3w61dykaa3n3y79n6nil-patch-2.7.6/bin:/nix/store/zlcnmqq14jz5x9439jf937mvayyl63da-xz-5.2.7-bin/bin:/nix/store/y6aj732zm9m87c82fpvf103a1xb22blp-file-5.43/bin:/nix/store/zq9s9qcybj5nrkg5dasjs49hh0q1gmdk-pid1/bin:/nix/store/1d1w972k05d6zipgakbkb6a7gzxgldd1-replit-runtime-path/bin:/home/runner/.nix-profile/bin:/home/runner/.local/bin:/usr/local/sbin:/usr/local/bin:/usr/sbin:/usr/bin:/sbin:/b
LD_LIBRARY_PATH=/nix/store/a4pff549sk2idnkpzk5nsfps3mdkdnvm-cups-2.4.2-lib/lib:/nix/store/72mqxxhh3cy5yifh92wh2yb8cl2hikyy-cairo-1.16.0/lib:/nix/store/2k366jrbsra97gjfxwvrhvixjfxdach5-glib-2.74.1/lib:/nix/store/2j2znigd8ak37rlwh9khz0ry3clqlw1l-gtk+3-3.24.34/lib
DISPLAY=:0
LANG=en_US.UTF-8

Signal Handlers:
   SIGSEGV: crash_handler in libjvm.so, mask=11100100010111111101111111111110, flags=SA_RESTART|SA_SIGINFO
    SIGBUS: crash_handler in libjvm.so, mask=11100100010111111101111111111110, flags=SA_RESTART|SA_SIGINFO
    SIGFPE: crash_handler in libjvm.so, mask=11100100010111111101111111111110, flags=SA_RESTART|SA_SIGINFO
   SIGPIPE: IsolateEnterStub_IgnoreSIGPIPEStartupHook_noopSignalHandler_8f19bff2f35b5f630d83b364d6b2339320d4ec70_216e8361c6bc87a8f89f58cc10d3b2fd4415bf87 in libjvmcicompiler.so, mask=00000000000000000000000000000000, flags=SA_RESTART
  *** Handler was modified!
  *** Expected: javaSignalHandler in libjvm.so, mask=11100100110111111111111111111110, flags=SA_RESTART|SA_SIGINFO
   SIGXFSZ: javaSignalHandler in libjvm.so, mask=11100100010111111101111111111110, flags=SA_RESTART|SA_SIGINFO
    SIGILL: crash_handler in libjvm.so, mask=11100100010111111101111111111110, flags=SA_RESTART|SA_SIGINFO
   SIGUSR2: SR_handler in libjvm.so, mask=00000000000000000000000000000000, flags=SA_RESTART|SA_SIGINFO
    SIGHUP: UserHandler in libjvm.so, mask=11100100010111111101111111111110, flags=SA_RESTART|SA_SIGINFO
    SIGINT: UserHandler in libjvm.so, mask=11100100010111111101111111111110, flags=SA_RESTART|SA_SIGINFO
   SIGTERM: UserHandler in libjvm.so, mask=11100100010111111101111111111110, flags=SA_RESTART|SA_SIGINFO
   SIGQUIT: UserHandler in libjvm.so, mask=11100100010111111101111111111110, flags=SA_RESTART|SA_SIGINFO
  *** Handler was modified!
  *** Expected: javaSignalHandler in libjvm.so, mask=11100100110111111111111111111110, flags=SA_RESTART|SA_SIGINFO
   SIGTRAP: crash_handler in libjvm.so, mask=11100100010111111101111111111110, flags=SA_RESTART|SA_SIGINFO


---------------  S Y S T E M  ---------------

OS:
DISTRIB_ID=Ubuntu
DISTRIB_RELEASE=20.04
DISTRIB_CODENAME=focal
DISTRIB_DESCRIPTION="Ubuntu 20.04.2 LTS"
uname: Linux 6.5.0-1018-gcp #18~22.04.1-Ubuntu SMP Fri Apr  5 04:57:38 UTC 2024 x86_64
OS uptime: 0 days 18:50 hours
libc: glibc 2.35 NPTL 2.35 
rlimit (soft/hard): STACK 8192k/infinity , CORE infinity/infinity , NPROC infinity/infinity , NOFILE 20971/20971 , AS infinity/infinity , CPU infinity/infinity , DATA infinity/infinity , FSIZE infinity/infinity , MEMLOCK 8192k/8192k
load average: 12.04 11.97 13.02

/proc/meminfo:
MemTotal:       65835396 kB
MemFree:        33360028 kB
MemAvailable:   42397088 kB
Buffers:          230856 kB
Cached:          8755232 kB
SwapCached:            0 kB
Active:         20877036 kB
Inactive:        9130080 kB
Active(anon):   17452072 kB
Inactive(anon):  3748728 kB
Active(file):    3424964 kB
Inactive(file):  5381352 kB
Unevictable:       27912 kB
Mlocked:           27912 kB
SwapTotal:             0 kB
SwapFree:              0 kB
Zswap:                 0 kB
Zswapped:              0 kB
Dirty:              3748 kB
Writeback:             0 kB
AnonPages:      20879896 kB
Mapped:          1750492 kB
Shmem:            184044 kB
KReclaimable:     957196 kB
Slab:            1617520 kB
SReclaimable:     957196 kB
SUnreclaim:       660324 kB
KernelStack:      144444 kB
PageTables:       269796 kB
SecPageTables:         0 kB
NFS_Unstable:          0 kB
Bounce:                0 kB
WritebackTmp:          0 kB
CommitLimit:    32917696 kB
Committed_AS:   60044452 kB
VmallocTotal:   34359738367 kB
VmallocUsed:      177120 kB
VmallocChunk:          0 kB
Percpu:            63872 kB
HardwareCorrupted:     0 kB
AnonHugePages:    419840 kB
ShmemHugePages:        0 kB
ShmemPmdMapped:        0 kB
FileHugePages:         0 kB
FilePmdMapped:         0 kB
Unaccepted:            0 kB
HugePages_Total:       0
HugePages_Free:        0
HugePages_Rsvd:        0
HugePages_Surp:        0
Hugepagesize:       2048 kB
Hugetlb:               0 kB
DirectMap4k:      164664 kB
DirectMap2M:    20803584 kB
DirectMap1G:    48234496 kB

/sys/kernel/mm/transparent_hugepage/enabled: always [madvise] never
/sys/kernel/mm/transparent_hugepage/defrag (defrag/compaction efforts parameter): always defer defer+madvise [madvise] never

Process Memory:
Virtual Size: 4791932K (peak: 4836156K)
Resident Set Size: 793996K (peak: 841812K) (anon: 597108K, file: 196888K, shmem: 0K)
Swapped out: 0K
C-Heap outstanding allocations: 42563K, retained: 14720K
glibc malloc tunables: (default)

/proc/sys/kernel/threads-max (system-wide limit on the number of threads): 514277
/proc/sys/vm/max_map_count (maximum number of memory map areas a process may have): 65530
/proc/sys/kernel/pid_max (system-wide limit on number of process identifiers): 4194304

container (cgroup) information:
container_type: cgroupv2
cpu_cpuset_cpus: not supported
cpu_memory_nodes: not supported
active_processor_count: 2
cpu_quota: 200000
cpu_period: 100000
cpu_shares: no shares
memory_limit_in_bytes: 3292528 k
memory_and_swap_limit_in_bytes: unlimited
memory_soft_limit_in_bytes: 2097152 k
memory_usage_in_bytes: 1627176 k
memory_max_usage_in_bytes: not supported
maximum number of tasks: 1020
current number of tasks: 127

KVM virtualization detected
Steal ticks since vm start: 3016
Steal ticks percentage since vm start:  0.005

CPU: total 8 (initial active 2) (8 cores per cpu, 2 threads per core) family 23 model 49 stepping 0 microcode 0xffffffff, cx8, cmov, fxsr, ht, mmx, 3dnowpref, sse, sse2, sse3, ssse3, sse4a, sse4.1, sse4.2, popcnt, lzcnt, tsc, tscinvbit, avx, avx2, aes, clmul, bmi1, bmi2, adx, sha, fma, vzeroupper, clflush, clflushopt, hv
CPU Model and flags from /proc/cpuinfo:
model name	: AMD EPYC 7B12
flags		: fpu vme de pse tsc msr pae mce cx8 apic sep mtrr pge mca cmov pat pse36 clflush mmx fxsr sse sse2 ht syscall nx mmxext fxsr_opt pdpe1gb rdtscp lm constant_tsc rep_good nopl nonstop_tsc cpuid extd_apicid tsc_known_freq pni pclmulqdq ssse3 fma cx16 sse4_1 sse4_2 x2apic movbe popcnt aes xsave avx f16c rdrand hypervisor lahf_lm cmp_legacy cr8_legacy abm sse4a misalignsse 3dnowprefetch osvw topoext ssbd ibrs ibpb stibp vmmcall fsgsbase tsc_adjust bmi1 avx2 smep bmi2 rdseed adx smap clflushopt clwb sha_ni xsaveopt xsavec xgetbv1 clzero xsaveerptr arat npt nrip_save umip rdpid

Online cpus: 0-7
Offline cpus: 
BIOS frequency limitation: <Not Available>
Frequency switch latency (ns): <Not Available>
Available cpu frequencies: <Not Available>
Current governor: <Not Available>
Core performance/turbo boost: <Not Available>

Memory: 4k page, physical 3292528k(1665568k free), swap 0k(0k free)
Page Sizes: 4k

vm_info: OpenJDK 64-Bit Server VM (17.0.5+8-jvmci-22.3-b08) for linux-amd64 JRE (17.0.5+8-jvmci-22.3-b08), built on Oct 19 2022 09:01:27 by "buildslave" with gcc 10.3.0

END.
