#
# A fatal error has been detected by the Java Runtime Environment:
#
#  Internal Error (jvmciRuntime.cpp:1609), pid=28, tid=77
#  fatal error: Fatal exception in JVMCI: Error calling jdk.vm.ci.services.Services.serializeSavedProperties
#
# JRE version: OpenJDK Runtime Environment GraalVM CE 22.3.0 (17.0.5+8) (build 17.0.5+8-jvmci-22.3-b08)
# Java VM: OpenJDK 64-Bit Server VM GraalVM CE 22.3.0 (17.0.5+8-jvmci-22.3-b08, mixed mode, sharing, tiered, jvmci, jvmci compiler, compressed oops, compressed class ptrs, parallel gc, linux-amd64)
# Problematic frame:
# V  [libjvm.so+0x972714]  JVMCIRuntime::fatal_exception(JVMCIEnv*, char const*)+0x74
#
# Core dump will be written. Default location: Core dumps may be processed with "/usr/share/apport/apport -p%p -s%s -c%c -d%d -P%P -u%u -g%g -- %E" (or dumping to /home/runner/Final-Project-Code-Space-CS3HonorsLabsfo-20/core.28)
#
# If you would like to submit a bug report, please visit:
#   https://github.com/oracle/graal/issues
#

---------------  S U M M A R Y ------------

Command Line: -XX:ThreadPriorityPolicy=1 -XX:+UnlockExperimentalVMOptions -XX:+EnableJVMCIProduct -XX:JVMCIThreadsPerNativeLibraryRuntime=1 -XX:-UnlockExperimentalVMOptions -Declipse.application=org.eclipse.jdt.ls.core.id1 -Dosgi.bundles.defaultStartLevel=4 -Declipse.product=org.eclipse.jdt.ls.core.product -Dlog.level=ALL -Xverify:none -XX:+UseParallelGC -XX:GCTimeRatio=4 -XX:AdaptiveSizePolicyWeight=90 -Dsun.zip.disableMemoryMapping=true -Xmx512m -Xms100m /nix/store/q9712qvwdh22a4krw4jz2sjrz07mvjbl-jdt-language-server-1.9.0/share/java/plugins/org.eclipse.equinox.launcher_1.6.400.v20210924-0641.jar --add-modules=ALL-SYSTEM --add-opens java.base/java.util=ALL-UNNAMED --add-opens java.base/java.lang=ALL-UNNAMED -configuration /home/runner/Final-Project-Code-Space-CS3HonorsLabsfo-20/.cache/jdt-language-server/config -data /home/runner/.cache/jdt-language-server/data/home/runner/Final-Project-Code-Space-CS3HonorsLabsfo-20

Host: AMD EPYC 7B12, 8 cores, 3G, Ubuntu 20.04.2 LTS
Time: Sat May 11 04:03:38 2024 UTC elapsed time: 963.946468 seconds (0d 0h 16m 3s)

---------------  T H R E A D  ---------------

Current thread (0x00007c10e40d2c50):  JavaThread "JVMCI-native CompilerThread0" daemon [_thread_in_vm, id=77, stack(0x00007c10c9c48000,0x00007c10c9e48000)]


Current CompileTask:
JVMCI-native: 963946 9560   !   4       org.eclipse.jdt.internal.compiler.lookup.BinaryTypeBinding::superclass (207 bytes)

Stack: [0x00007c10c9c48000,0x00007c10c9e48000],  sp=0x00007c10c9e46380,  free space=2040k
Native frames: (J=compiled Java code, j=interpreted, Vv=VM code, C=native code)
V  [libjvm.so+0x972714]  JVMCIRuntime::fatal_exception(JVMCIEnv*, char const*)+0x74
V  [libjvm.so+0x93e2fe]  JVMCIEnv::copy_saved_properties()+0x14e
V  [libjvm.so+0x9732a9]  JVMCIRuntime::initialize(JVMCIEnv*)+0xb19
V  [libjvm.so+0x9738a2]  JVMCIRuntime::get_HotSpotJVMCIRuntime(JVMCIEnv*)+0x12
V  [libjvm.so+0x9749f2]  JVMCIRuntime::compile_method(JVMCIEnv*, JVMCICompiler*, methodHandle const&, int)+0xd2
V  [libjvm.so+0x5b0d20]  CompileBroker::invoke_compiler_on_method(CompileTask*)+0x1470
V  [libjvm.so+0x5b12e8]  CompileBroker::compiler_thread_loop()+0x528
V  [libjvm.so+0xd82460]  JavaThread::thread_main_inner()+0xd0
V  [libjvm.so+0xd85a40]  Thread::call_run()+0xc0
V  [libjvm.so+0xbdb1e1]  thread_native_entry(Thread*)+0xe1

Register to memory mapping:

RAX=0x00007c10e9c20000 points into unknown readable memory: 0x0000000000000058 | 58 00 00 00 00 00 00 00
RBX=0x00007c10ead1b398: <offset 0x0000000000ef5398> in /nix/store/gpxl5qgg8kicmcvivwmybwjlpf7wh20l-graalvm17-ce-22.3.0/lib/server/libjvm.so at 0x00007c10e9e26000
RCX=0x00007c10eacd31e8: <offset 0x0000000000ead1e8> in /nix/store/gpxl5qgg8kicmcvivwmybwjlpf7wh20l-graalvm17-ce-22.3.0/lib/server/libjvm.so at 0x00007c10e9e26000
RDX=0x0000000000000649 is an unknown value
RSP=0x00007c10c9e46380 is pointing into the stack for thread: 0x00007c10e40d2c50
RBP=0x00007c10c9e463a0 is pointing into the stack for thread: 0x00007c10e40d2c50
RSI=0x00007c10ead1bc48: <offset 0x0000000000ef5c48> in /nix/store/gpxl5qgg8kicmcvivwmybwjlpf7wh20l-graalvm17-ce-22.3.0/lib/server/libjvm.so at 0x00007c10e9e26000
RDI=0x00000000e0000000 is an oop: [Ljava.lang.Object; 
{0x00000000e0000000} - klass: 'java/lang/Object'[]
 - length: 0
R8 =0x00007c10ead1b398: <offset 0x0000000000ef5398> in /nix/store/gpxl5qgg8kicmcvivwmybwjlpf7wh20l-graalvm17-ce-22.3.0/lib/server/libjvm.so at 0x00007c10e9e26000
R9 =0x0000000000000003 is an unknown value
R10=0x00007c10eb06cda0: <offset 0x0000000001246da0> in /nix/store/gpxl5qgg8kicmcvivwmybwjlpf7wh20l-graalvm17-ce-22.3.0/lib/server/libjvm.so at 0x00007c10e9e26000
R11=0x000000080044f048 is pointing into metadata
R12=0x0 is NULL
R13=0x00007c10e40d2c50 is a thread
R14=0x00007c10e4000b80 points into unknown readable memory: 0x00007c10eaf4ca38 | 38 ca f4 ea 10 7c 00 00
R15=0x00007c10eb05ae40: <offset 0x0000000001234e40> in /nix/store/gpxl5qgg8kicmcvivwmybwjlpf7wh20l-graalvm17-ce-22.3.0/lib/server/libjvm.so at 0x00007c10e9e26000


Registers:
RAX=0x00007c10e9c20000, RBX=0x00007c10ead1b398, RCX=0x00007c10eacd31e8, RDX=0x0000000000000649
RSP=0x00007c10c9e46380, RBP=0x00007c10c9e463a0, RSI=0x00007c10ead1bc48, RDI=0x00000000e0000000
R8 =0x00007c10ead1b398, R9 =0x0000000000000003, R10=0x00007c10eb06cda0, R11=0x000000080044f048
R12=0x0000000000000000, R13=0x00007c10e40d2c50, R14=0x00007c10e4000b80, R15=0x00007c10eb05ae40
RIP=0x00007c10ea798714, EFLAGS=0x0000000000010206, CSGSFS=0x002b000000000033, ERR=0x0000000000000006
  TRAPNO=0x000000000000000e

Top of Stack: (sp=0x00007c10c9e46380)
0x00007c10c9e46380:   00007c10c9e46940 00007c10e40d2c50
0x00007c10c9e46390:   00007c10e85b18c8 0000000800c417a0
0x00007c10c9e463a0:   00007c10c9e46500 00007c10ea7642fe
0x00007c10c9e463b0:   00007c10c9e463e0 00007c10c9e46440 

Instructions: (pc=0x00007c10ea798714)
0x00007c10ea798614:   30 e8 f6 cf e8 ff 4c 89 e7 e8 2e 48 d1 ff 84 db
0x00007c10ea798624:   75 2a 4d 85 ed 74 04 4d 8b 6d 00 48 83 c4 08 44
0x00007c10ea798634:   89 f9 4c 89 f2 4c 89 ee 5b 4c 89 e7 41 5c 41 5d
0x00007c10ea798644:   41 5e 41 5f 5d e9 e2 47 d1 ff 66 90 48 83 c4 08
0x00007c10ea798654:   5b 41 5c 41 5d 41 5e 41 5f 5d c3 90 31 d2 be 08
0x00007c10ea798664:   00 00 00 4c 89 ff e8 b1 78 a3 ff 49 89 c5 e9 37
0x00007c10ea798674:   ff ff ff 66 0f 1f 84 00 00 00 00 00 48 8b 7a 08
0x00007c10ea798684:   e9 6d ff ff ff 0f 1f 80 00 00 00 00 e8 5b 48 0a
0x00007c10ea798694:   00 84 c0 75 89 e9 6a ff ff ff 66 90 55 48 89 e5
0x00007c10ea7986a4:   41 56 41 55 41 54 49 89 fc 53 48 89 f3 66 48 8d
0x00007c10ea7986b4:   3d 27 5e 85 00 66 66 48 e8 df 43 8d ff 4c 8b 28
0x00007c10ea7986c4:   8b 05 be 72 8a 00 85 c0 75 14 ba 01 00 00 00 48
0x00007c10ea7986d4:   8d 0d ae 72 8a 00 f0 0f b1 11 85 c0 74 4e be c8
0x00007c10ea7986e4:   00 00 00 4c 89 ef e8 01 0b 41 00 48 8d 05 12 ac
0x00007c10ea7986f4:   85 00 49 89 d8 48 8d 0d e8 aa 53 00 ba 49 06 00
0x00007c10ea798704:   00 48 8d 35 3c 35 58 00 bf 00 00 00 e0 48 8b 00
0x00007c10ea798714:   c6 00 58 31 c0 e8 e2 91 c6 ff 5b 41 5c 41 5d 41
0x00007c10ea798724:   5e 5d e9 55 34 26 00 0f 1f 44 00 00 48 8d 05 81
0x00007c10ea798734:   a3 8b 00 48 89 df 4c 8b 30 e8 9e 43 8d ff 48 89
0x00007c10ea798744:   de 48 89 c2 49 8b 06 4c 89 f7 ff 50 08 4c 89 f7
0x00007c10ea798754:   e8 a7 5c 27 00 4d 85 e4 74 12 be 01 00 00 00 4c
0x00007c10ea798764:   89 e7 e8 35 43 fc ff eb 82 0f 1f 00 be 01 00 00
0x00007c10ea798774:   00 4c 89 ef e8 d3 fd ff ff e9 6d ff ff ff 66 66
0x00007c10ea798784:   2e 0f 1f 84 00 00 00 00 00 0f 1f 00 55 48 89 e5
0x00007c10ea798794:   41 57 41 56 41 55 41 54 53 48 81 ec 08 02 00 00
0x00007c10ea7987a4:   64 48 8b 04 25 28 00 00 00 48 89 45 c8 8b 07 83
0x00007c10ea7987b4:   f8 02 0f 84 11 04 00 00 4c 8b 6f 18 49 89 ff 49
0x00007c10ea7987c4:   89 f4 4d 85 ed 74 14 4c 89 ef e8 5d 57 22 00 41
0x00007c10ea7987d4:   8b 07 83 f8 02 0f 84 19 04 00 00 48 8d 1d 9a 06
0x00007c10ea7987e4:   8a 00 4c 8d 35 0b 3c 58 00 eb 38 90 48 85 d2 7f
0x00007c10ea7987f4:   0d 48 8d 05 b4 c0 85 00 48 83 38 00 7e 0e 41 8b
0x00007c10ea798804:   77 2c 4c 89 f7 31 c0 e8 a0 b2 f7 ff 49 8b 7f 18 


Stack slot to memory mapping:
stack at sp + 0 slots: 0x00007c10c9e46940 is pointing into the stack for thread: 0x00007c10e40d2c50
stack at sp + 1 slots: 0x00007c10e40d2c50 is a thread
stack at sp + 2 slots: 0x00007c10e85b18c8 points into unknown readable memory: 0x6573001880c9ffff | ff ff c9 80 18 00 73 65
stack at sp + 3 slots: 0x0000000800c417a0 is a pointer to class: 
jdk.vm.ci.services.Services {0x0000000800c417a0}
 - instance size:     2
 - klass size:        65
 - access:            public final synchronized 
 - state:             fully_initialized
 - name:              'jdk/vm/ci/services/Services'
 - super:             'java/lang/Object'
 - sub:               
 - arrays:            NULL
 - methods:           Array<T>(0x00007c10ca83f1a0)
 - method ordering:   Array<T>(0x0000000800928960)
 - default_methods:   Array<T>(0x0000000000000000)
 - local interfaces:  Array<T>(0x00000008005ce810)
 - trans. interfaces: Array<T>(0x00000008005ce810)
 - constants:         constant pool [427] {0x00007c10ca83e280} for 'jdk/vm/ci/services/Services' cache=0x00007c10ca8418e0
 - class loader data:  loader data: 0x00007c10e4027c40 of 'bootstrap'
 - source file:       'Services.java'
 - class annotations:       Array<T>(0x0000000000000000)
 - class type annotations:  Array<T>(0x0000000000000000)
 - field annotations:       Array<T>(0x0000000000000000)
 - field type annotations:  Array<T>(0x0000000000000000)
 - inner classes:     Array<T>(0x00007c10ca840440)
 - nest members:     Array<T>(0x00007c10ca840460)
 - permitted subclasses:     Array<T>(0x00000008005ce7a0)
 - java mirror:       a 'java/lang/Class'{0x00000000e047a468} = 'jdk/vm/ci/services/Services'
 - vtable length      5  (start addr: 0x0000000800c41970)
 - itable length      2 (start addr: 0x0000000800c41998)
 - ---- static fields (3 words):
 - public static final 'IS_BUILDING_NATIVE_IMAGE' 'Z' @128 
 - public static final 'IS_IN_NATIVE_IMAGE' 'Z' @129 
 - private static volatile 'savedProperties' 'Ljava/util/Map;' @112 
 - static final 'JVMCI_ENABLED' 'Z' @130 
 - private static final 'servicesCache' 'Ljava/util/Map;' @116 
 - private static final 'MAX_UNICODE_IN_UTF8_LENGTH' 'I' @120 
 - private static final 'MAX_UTF8_PROPERTY_STRING_LENGTH' 'I' @124 
 - ---- non-static fields (0 words):
 - non-static oop maps: 
stack at sp + 4 slots: 0x00007c10c9e46500 is pointing into the stack for thread: 0x00007c10e40d2c50
stack at sp + 5 slots: 0x00007c10ea7642fe: <offset 0x000000000093e2fe> in /nix/store/gpxl5qgg8kicmcvivwmybwjlpf7wh20l-graalvm17-ce-22.3.0/lib/server/libjvm.so at 0x00007c10e9e26000
stack at sp + 6 slots: 0x00007c10c9e463e0 is pointing into the stack for thread: 0x00007c10e40d2c50
stack at sp + 7 slots: 0x00007c10c9e46440 is pointing into the stack for thread: 0x00007c10e40d2c50


---------------  P R O C E S S  ---------------

Threads class SMR info:
_java_thread_list=0x00007c10380035d0, length=28, elements={
0x00007c10e4025ee0, 0x00007c10e40c6ef0, 0x00007c10e40c8330, 0x00007c10e40ceac0,
0x00007c10e40cfe70, 0x00007c10e40d1260, 0x00007c10e40d2c50, 0x00007c10e40d4160,
0x00007c10e40d55b0, 0x00007c10e4100a50, 0x00007c10e4151330, 0x00007c10e42f7b20,
0x00007c10e433fbb0, 0x00007c10e4342c40, 0x00007c1080032eb0, 0x00007c1080405b70,
0x00007c10805efe80, 0x00007c1080734100, 0x00007c10e437f880, 0x00007c10e441aac0,
0x00007c1054000eb0, 0x00007c1058145fa0, 0x00007c1058157c60, 0x00007c104c000ff0,
0x00007c10581592c0, 0x00007c1058159f60, 0x00007c105819c710, 0x00007c103c001ce0
}

Java Threads: ( => current thread )
  0x00007c10e4025ee0 JavaThread "main" [_thread_blocked, id=67, stack(0x00007c10e9c41000,0x00007c10e9d41000)]
  0x00007c10e40c6ef0 JavaThread "Reference Handler" daemon [_thread_blocked, id=70, stack(0x00007c10ca52e000,0x00007c10ca62e000)]
  0x00007c10e40c8330 JavaThread "Finalizer" daemon [_thread_blocked, id=72, stack(0x00007c10ca42e000,0x00007c10ca52e000)]
  0x00007c10e40ceac0 JavaThread "Signal Dispatcher" daemon [_thread_blocked, id=74, stack(0x00007c10ca048000,0x00007c10ca148000)]
  0x00007c10e40cfe70 JavaThread "Service Thread" daemon [_thread_blocked, id=75, stack(0x00007c10c9f48000,0x00007c10ca048000)]
  0x00007c10e40d1260 JavaThread "Monitor Deflation Thread" daemon [_thread_blocked, id=76, stack(0x00007c10c9e48000,0x00007c10c9f48000)]
=>0x00007c10e40d2c50 JavaThread "JVMCI-native CompilerThread0" daemon [_thread_in_vm, id=77, stack(0x00007c10c9c48000,0x00007c10c9e48000)]
  0x00007c10e40d4160 JavaThread "C1 CompilerThread0" daemon [_thread_blocked, id=78, stack(0x00007c10c9a48000,0x00007c10c9c48000)]
  0x00007c10e40d55b0 JavaThread "Sweeper thread" daemon [_thread_blocked, id=79, stack(0x00007c10c9948000,0x00007c10c9a48000)]
  0x00007c10e4100a50 JavaThread "Common-Cleaner" daemon [_thread_blocked, id=83, stack(0x00007c10c9848000,0x00007c10c9948000)]
  0x00007c10e4151330 JavaThread "Notification Thread" daemon [_thread_blocked, id=87, stack(0x00007c10c9748000,0x00007c10c9848000)]
  0x00007c10e42f7b20 JavaThread "Active Thread: Equinox Container: 225e61f4-e8e3-4e3b-9867-e084cd3154de" [_thread_blocked, id=108, stack(0x00007c10c8400000,0x00007c10c8500000)]
  0x00007c10e433fbb0 JavaThread "Framework Event Dispatcher: Equinox Container: 225e61f4-e8e3-4e3b-9867-e084cd3154de" daemon [_thread_blocked, id=115, stack(0x00007c10c8200000,0x00007c10c8300000)]
  0x00007c10e4342c40 JavaThread "Start Level: Equinox Container: 225e61f4-e8e3-4e3b-9867-e084cd3154de" daemon [_thread_blocked, id=116, stack(0x00007c10c8000000,0x00007c10c8100000)]
  0x00007c1080032eb0 JavaThread "SCR Component Actor" daemon [_thread_blocked, id=118, stack(0x00007c1091b00000,0x00007c1091c00000)]
  0x00007c1080405b70 JavaThread "Worker-JM" [_thread_blocked, id=123, stack(0x00007c1091700000,0x00007c1091800000)]
  0x00007c10805efe80 JavaThread "Java indexing" daemon [_thread_blocked, id=128, stack(0x00007c1091100000,0x00007c1091200000)]
  0x00007c1080734100 JavaThread "Bundle File Closer" daemon [_thread_blocked, id=129, stack(0x00007c1090f00000,0x00007c1091000000)]
  0x00007c10e437f880 JavaThread "pool-3-thread-1" [_thread_blocked, id=133, stack(0x00007c1091900000,0x00007c1091a00000)]
  0x00007c10e441aac0 JavaThread "pool-2-thread-1" [_thread_blocked, id=136, stack(0x00007c10c8100000,0x00007c10c8200000)]
  0x00007c1054000eb0 JavaThread "Worker-3: Publish Diagnostics" [_thread_blocked, id=139, stack(0x00007c1090b00000,0x00007c1090c00000)]
  0x00007c1058145fa0 JavaThread "Thread-3" [_thread_blocked, id=472, stack(0x00007c1090900000,0x00007c1090a00000)]
  0x00007c1058157c60 JavaThread "Thread-4" [_thread_blocked, id=473, stack(0x00007c1091500000,0x00007c1091600000)]
  0x00007c104c000ff0 JavaThread "Worker-6: Compacting resource model" [_thread_blocked, id=476, stack(0x00007c1090d00000,0x00007c1090e00000)]
  0x00007c10581592c0 JavaThread "Thread-5" [_thread_blocked, id=477, stack(0x00007c1090700000,0x00007c1090800000)]
  0x00007c1058159f60 JavaThread "Thread-6" [_thread_blocked, id=478, stack(0x00007c1091300000,0x00007c1091400000)]
  0x00007c105819c710 JavaThread "Thread-7" [_thread_blocked, id=479, stack(0x00007c1090100000,0x00007c1090200000)]
  0x00007c103c001ce0 JavaThread "Worker-7" [_thread_blocked, id=609, stack(0x00007c1090300000,0x00007c1090400000)]

Other Threads:
  0x00007c10e40c2630 VMThread "VM Thread" [stack: 0x00007c10ca630000,0x00007c10ca730000] [id=69] _threads_hazard_ptr=0x00007c10380035d0
  0x00007c10e4152cd0 WatcherThread [stack: 0x00007c10c9648000,0x00007c10c9748000] [id=88]
  0x00007c10e403d7c0 GCTaskThread "GC Thread#0" [stack: 0x00007c10e9804000,0x00007c10e9904000] [id=68]
  0x00007c10bc001270 GCTaskThread "GC Thread#1" [stack: 0x00007c108e900000,0x00007c108ea00000] [id=119]

Threads with active compile tasks:
JVMCI-native CompilerThread0   963980 9560   !   4       org.eclipse.jdt.internal.compiler.lookup.BinaryTypeBinding::superclass (207 bytes)

VM state: synchronizing (normal execution)

VM Mutex/Monitor currently owned by a thread:  ([mutex/lock_event])
[0x00007c10e4023030] Threads_lock - owner thread: 0x00007c10e40c2630
[0x00007c10e40237e0] Heap_lock - owner thread: 0x00007c10805efe80

OutOfMemory and StackOverflow Exception counts:
OutOfMemoryError java_heap_errors=1
LinkageErrors=72

Heap address: 0x00000000e0000000, size: 512 MB, Compressed Oops mode: 32-bit

CDS archive(s) mapped at: [0x0000000800000000-0x0000000800bc8000-0x0000000800bc8000), size 12353536, SharedBaseAddress: 0x0000000800000000, ArchiveRelocationMode: 0.
Compressed class space mapped at: 0x0000000800c00000-0x0000000840c00000, reserved size: 1073741824
Narrow klass base: 0x0000000800000000, Narrow klass shift: 0, Narrow klass range: 0x100000000

GC Precious Log:
 CPUs: 8 total, 2 available
 Memory: 3215M
 Large Page Support: Disabled
 NUMA Support: Disabled
 Compressed Oops: Enabled (32-bit)
 Alignments: Space 512K, Generation 512K, Heap 2M
 Heap Min Capacity: 100M
 Heap Initial Capacity: 100M
 Heap Max Capacity: 512M
 Pre-touch: Disabled
 Parallel Workers: 2

Heap:
 PSYoungGen      total 83456K, used 43519K [0x00000000f5580000, 0x00000000fd180000, 0x0000000100000000)
  eden space 43520K, 99% used [0x00000000f5580000,0x00000000f7fffff8,0x00000000f8000000)
  from space 39936K, 0% used [0x00000000fa900000,0x00000000fa900000,0x00000000fd000000)
  to   space 40960K, 0% used [0x00000000f8000000,0x00000000f8000000,0x00000000fa800000)
 ParOldGen       total 349696K, used 349693K [0x00000000e0000000, 0x00000000f5580000, 0x00000000f5580000)
  object space 349696K, 99% used [0x00000000e0000000,0x00000000f557f6d0,0x00000000f5580000)
 Metaspace       used 57672K, committed 58624K, reserved 1105920K
  class space    used 5553K, committed 5952K, reserved 1048576K

Card table byte_map: [0x00007c10e9904000,0x00007c10e9a05000] _byte_map_base: 0x00007c10e9204000

Marking Bits: (ParMarkBitMap*) 0x00007c10eb0544c0
 Begin Bits: [0x00007c10e8757000, 0x00007c10e8f57000)
 End Bits:   [0x00007c10e8f57000, 0x00007c10e9757000)

Polling page: 0x00007c10e9c1e000

Metaspace:

Usage:
  Non-class:     50.90 MB used.
      Class:      5.42 MB used.
       Both:     56.32 MB used.

Virtual space:
  Non-class space:       56.00 MB reserved,      51.44 MB ( 92%) committed,  7 nodes.
      Class space:        1.00 GB reserved,       5.81 MB ( <1%) committed,  1 nodes.
             Both:        1.05 GB reserved,      57.25 MB (  5%) committed. 

Chunk freelists:
   Non-Class:  253.00 KB
       Class:  2.26 MB
        Both:  2.51 MB

MaxMetaspaceSize: unlimited
CompressedClassSpaceSize: 1.00 GB
Initial GC threshold: 21.00 MB
Current GC threshold: 95.44 MB
CDS: on
MetaspaceReclaimPolicy: balanced
 - commit_granule_bytes: 65536.
 - commit_granule_words: 8192.
 - virtual_space_node_default_size: 1048576.
 - enlarge_chunks_in_place: 1.
 - new_chunks_are_fully_committed: 0.
 - uncommit_free_chunks: 1.
 - use_allocation_guard: 0.
 - handle_deallocations: 1.


Internal statistics:

num_allocs_failed_limit: 6.
num_arena_births: 486.
num_arena_deaths: 146.
num_vsnodes_births: 8.
num_vsnodes_deaths: 0.
num_space_committed: 915.
num_space_uncommitted: 0.
num_chunks_returned_to_freelist: 206.
num_chunks_taken_from_freelist: 2795.
num_chunk_merges: 83.
num_chunk_splits: 1779.
num_chunks_enlarged: 1086.
num_purges: 16.
num_inconsistent_stats: 0.

CodeHeap 'non-profiled nmethods': size=120036Kb used=2694Kb max_used=2694Kb free=117341Kb
 bounds [0x00007c10d2f7a000, 0x00007c10d322a000, 0x00007c10da4b3000]
CodeHeap 'profiled nmethods': size=120032Kb used=16632Kb max_used=16844Kb free=103400Kb
 bounds [0x00007c10cba42000, 0x00007c10ccae2000, 0x00007c10d2f7a000]
CodeHeap 'non-nmethods': size=5692Kb used=1401Kb max_used=1403Kb free=4290Kb
 bounds [0x00007c10cb4b3000, 0x00007c10cb723000, 0x00007c10cba42000]
 total_blobs=7939 nmethods=7196 adapters=613
 compilation: enabled
              stopped_count=0, restarted_count=0
 full_count=0

JVMCI Events (20 events):
Event: 823.679 Thread 0x00007c10e40d2c50 compacted oop handles in JVMCI runtime 0 from 48 to 48
Event: 823.679 Thread 0x00007c10e40d2c50 releasing handles for JVMCI runtime 0: oop handles=48, metadata handles={total=332, live=329, blocks=31}
Event: 823.679 Thread 0x00007c10e40d2c50 detached from JVMCI runtime 0
Event: 846.680 Thread 0x00007c10e40d2c50 attached to JVMCI runtime 0
Event: 846.682 Thread 0x00007c10e40d2c50 created JavaVM[11]@0x00007c108fb9e340 for JVMCI runtime 0
Event: 846.682 Thread 0x00007c10e40d2c50 initializing JVMCI runtime 0
Event: 846.682 Thread 0x00007c10e40d2c50 done waiting for JavaVM references initialization in JVMCI runtime 0
Event: 855.067 Thread 0x00007c10e40d2c50 initialized JVMCI runtime 0
Event: 870.021 Thread 0x00007c10e40d2c50 compacted oop handles in JVMCI runtime 0 from 107 to 56
Event: 878.874 Thread 0x00007c10e40d2c50 detaching from JVMCI runtime 0: releasing idle compiler thread (0 other threads still attached)
Event: 878.874 Thread 0x00007c10e40d2c50 shutting down HotSpotJVMCIRuntime for JVMCI runtime 0
Event: 880.284 Thread 0x00007c10e40d2c50 shut down JVMCI runtime 0
Event: 880.288 Thread 0x00007c10e40d2c50 destroyed JavaVM[11]@0x00007c108fb9e340 for JVMCI runtime 0
Event: 880.288 Thread 0x00007c10e40d2c50 compacted oop handles in JVMCI runtime 0 from 59 to 59
Event: 880.288 Thread 0x00007c10e40d2c50 releasing handles for JVMCI runtime 0: oop handles=59, metadata handles={total=160, live=160, blocks=31}
Event: 880.288 Thread 0x00007c10e40d2c50 detached from JVMCI runtime 0
Event: 947.523 Thread 0x00007c10e40d2c50 attached to JVMCI runtime 0
Event: 947.526 Thread 0x00007c10e40d2c50 created JavaVM[12]@0x00007c108fb9e340 for JVMCI runtime 0
Event: 947.997 Thread 0x00007c10e40d2c50 initializing JVMCI runtime 0
Event: 947.997 Thread 0x00007c10e40d2c50 done waiting for JavaVM references initialization in JVMCI runtime 0

Compilation events (20 events):
Event: 868.537 Thread 0x00007c10e40d2c50 nmethod 9554 0x00007c10d321a090 code [0x00007c10d321a240, 0x00007c10d321a970]
Event: 868.537 Thread 0x00007c10e40d2c50 9555   !   4       org.eclipse.jdt.internal.core.JavaModelManager::secondaryTypes (195 bytes)
Event: 877.840 Thread 0x00007c10e40d2c50 nmethod 9555 0x00007c10d321ae90 code [0x00007c10d321b040, 0x00007c10d321b4d0]
Event: 877.840 Thread 0x00007c10e40d2c50 9558       4       java.lang.Thread::interrupted (23 bytes)
Event: 877.842 Thread 0x00007c10e40d2c50 nmethod 9558 0x00007c10d321b890 code [0x00007c10d321ba20, 0x00007c10d321bab0]
Event: 945.158 Thread 0x00007c10e40d4160 9559       3       org.eclipse.jdt.internal.compiler.lookup.InferenceContext18::getParameter (37 bytes)
Event: 945.692 Thread 0x00007c10e40d4160 nmethod 9559 0x00007c10cc458490 code [0x00007c10cc458660, 0x00007c10cc458b20]
Event: 947.523 Thread 0x00007c10e40d2c50 9560   !   4       org.eclipse.jdt.internal.compiler.lookup.BinaryTypeBinding::superclass (207 bytes)
Event: 948.475 Thread 0x00007c10e40d4160 9562       3       org.eclipse.jdt.internal.compiler.ast.IntLiteral::computeValue (49 bytes)
Event: 948.475 Thread 0x00007c10e40d4160 nmethod 9562 0x00007c10cc7ad810 code [0x00007c10cc7ad9e0, 0x00007c10cc7add10]
Event: 948.475 Thread 0x00007c10e40d4160 9561       3       org.eclipse.jdt.internal.compiler.ast.IntLiteral::computeConstant (293 bytes)
Event: 948.476 Thread 0x00007c10e40d4160 nmethod 9561 0x00007c10cc248210 code [0x00007c10cc2484c0, 0x00007c10cc249090]
Event: 948.477 Thread 0x00007c10e40d4160 9564       3       org.eclipse.jdt.internal.compiler.lookup.SourceTypeBinding::superInterfaces (65 bytes)
Event: 949.019 Thread 0x00007c10e40d4160 nmethod 9564 0x00007c10cc559f90 code [0x00007c10cc55a1c0, 0x00007c10cc55b020]
Event: 949.019 Thread 0x00007c10e40d4160 9565       3       org.eclipse.jdt.internal.compiler.ast.Assignment::checkAssignment (130 bytes)
Event: 949.020 Thread 0x00007c10e40d4160 nmethod 9565 0x00007c10cc909a90 code [0x00007c10cc909d20, 0x00007c10cc90ba30]
Event: 949.874 Thread 0x00007c10e40d4160 9567       3       org.eclipse.jdt.internal.compiler.lookup.Scope::findField (879 bytes)
Event: 950.735 Thread 0x00007c10e40d4160 nmethod 9567 0x00007c10ccad5110 code [0x00007c10ccad5740, 0x00007c10ccadbf10]
Event: 962.064 Thread 0x00007c10e40d4160 9568       3       java.util.concurrent.TimeUnit::toNanos (45 bytes)
Event: 962.756 Thread 0x00007c10e40d4160 nmethod 9568 0x00007c10cc909510 code [0x00007c10cc9096c0, 0x00007c10cc909930]

GC Heap History (20 events):
Event: 958.776 GC heap before
{Heap before GC invocations=1759 (full 1690):
 PSYoungGen      total 83456K, used 43520K [0x00000000f5580000, 0x00000000fd180000, 0x0000000100000000)
  eden space 43520K, 100% used [0x00000000f5580000,0x00000000f8000000,0x00000000f8000000)
  from space 39936K, 0% used [0x00000000fa900000,0x00000000fa900000,0x00000000fd000000)
  to   space 40960K, 0% used [0x00000000f8000000,0x00000000f8000000,0x00000000fa800000)
 ParOldGen       total 349696K, used 349689K [0x00000000e0000000, 0x00000000f5580000, 0x00000000f5580000)
  object space 349696K, 99% used [0x00000000e0000000,0x00000000f557e750,0x00000000f5580000)
 Metaspace       used 57672K, committed 58624K, reserved 1105920K
  class space    used 5553K, committed 5952K, reserved 1048576K
}
Event: 959.308 GC heap after
{Heap after GC invocations=1759 (full 1690):
 PSYoungGen      total 84480K, used 43519K [0x00000000f5580000, 0x00000000fd180000, 0x0000000100000000)
  eden space 43520K, 99% used [0x00000000f5580000,0x00000000f7ffffa0,0x00000000f8000000)
  from space 40960K, 0% used [0x00000000f8000000,0x00000000f8000000,0x00000000fa800000)
  to   space 39936K, 0% used [0x00000000fa900000,0x00000000fa900000,0x00000000fd000000)
 ParOldGen       total 349696K, used 349689K [0x00000000e0000000, 0x00000000f5580000, 0x00000000f5580000)
  object space 349696K, 99% used [0x00000000e0000000,0x00000000f557e750,0x00000000f5580000)
 Metaspace       used 57672K, committed 58624K, reserved 1105920K
  class space    used 5553K, committed 5952K, reserved 1048576K
}
Event: 959.308 GC heap before
{Heap before GC invocations=1760 (full 1691):
 PSYoungGen      total 84480K, used 43520K [0x00000000f5580000, 0x00000000fd180000, 0x0000000100000000)
  eden space 43520K, 100% used [0x00000000f5580000,0x00000000f8000000,0x00000000f8000000)
  from space 40960K, 0% used [0x00000000f8000000,0x00000000f8000000,0x00000000fa800000)
  to   space 39936K, 0% used [0x00000000fa900000,0x00000000fa900000,0x00000000fd000000)
 ParOldGen       total 349696K, used 349689K [0x00000000e0000000, 0x00000000f5580000, 0x00000000f5580000)
  object space 349696K, 99% used [0x00000000e0000000,0x00000000f557e750,0x00000000f5580000)
 Metaspace       used 57672K, committed 58624K, reserved 1105920K
  class space    used 5553K, committed 5952K, reserved 1048576K
}
Event: 959.794 GC heap after
{Heap after GC invocations=1760 (full 1691):
 PSYoungGen      total 83456K, used 43519K [0x00000000f5580000, 0x00000000fd180000, 0x0000000100000000)
  eden space 43520K, 99% used [0x00000000f5580000,0x00000000f7ffffa0,0x00000000f8000000)
  from space 39936K, 0% used [0x00000000fa900000,0x00000000fa900000,0x00000000fd000000)
  to   space 40960K, 0% used [0x00000000f8000000,0x00000000f8000000,0x00000000fa800000)
 ParOldGen       total 349696K, used 349689K [0x00000000e0000000, 0x00000000f5580000, 0x00000000f5580000)
  object space 349696K, 99% used [0x00000000e0000000,0x00000000f557e750,0x00000000f5580000)
 Metaspace       used 57672K, committed 58624K, reserved 1105920K
  class space    used 5553K, committed 5952K, reserved 1048576K
}
Event: 959.794 GC heap before
{Heap before GC invocations=1761 (full 1692):
 PSYoungGen      total 83456K, used 43520K [0x00000000f5580000, 0x00000000fd180000, 0x0000000100000000)
  eden space 43520K, 100% used [0x00000000f5580000,0x00000000f8000000,0x00000000f8000000)
  from space 39936K, 0% used [0x00000000fa900000,0x00000000fa900000,0x00000000fd000000)
  to   space 40960K, 0% used [0x00000000f8000000,0x00000000f8000000,0x00000000fa800000)
 ParOldGen       total 349696K, used 349689K [0x00000000e0000000, 0x00000000f5580000, 0x00000000f5580000)
  object space 349696K, 99% used [0x00000000e0000000,0x00000000f557e750,0x00000000f5580000)
 Metaspace       used 57672K, committed 58624K, reserved 1105920K
  class space    used 5553K, committed 5952K, reserved 1048576K
}
Event: 960.221 GC heap after
{Heap after GC invocations=1761 (full 1692):
 PSYoungGen      total 84480K, used 43519K [0x00000000f5580000, 0x00000000fd180000, 0x0000000100000000)
  eden space 43520K, 99% used [0x00000000f5580000,0x00000000f7ffffa0,0x00000000f8000000)
  from space 40960K, 0% used [0x00000000f8000000,0x00000000f8000000,0x00000000fa800000)
  to   space 39936K, 0% used [0x00000000fa900000,0x00000000fa900000,0x00000000fd000000)
 ParOldGen       total 349696K, used 349689K [0x00000000e0000000, 0x00000000f5580000, 0x00000000f5580000)
  object space 349696K, 99% used [0x00000000e0000000,0x00000000f557e750,0x00000000f5580000)
 Metaspace       used 57672K, committed 58624K, reserved 1105920K
  class space    used 5553K, committed 5952K, reserved 1048576K
}
Event: 960.221 GC heap before
{Heap before GC invocations=1762 (full 1693):
 PSYoungGen      total 84480K, used 43520K [0x00000000f5580000, 0x00000000fd180000, 0x0000000100000000)
  eden space 43520K, 100% used [0x00000000f5580000,0x00000000f8000000,0x00000000f8000000)
  from space 40960K, 0% used [0x00000000f8000000,0x00000000f8000000,0x00000000fa800000)
  to   space 39936K, 0% used [0x00000000fa900000,0x00000000fa900000,0x00000000fd000000)
 ParOldGen       total 349696K, used 349689K [0x00000000e0000000, 0x00000000f5580000, 0x00000000f5580000)
  object space 349696K, 99% used [0x00000000e0000000,0x00000000f557e750,0x00000000f5580000)
 Metaspace       used 57672K, committed 58624K, reserved 1105920K
  class space    used 5553K, committed 5952K, reserved 1048576K
}
Event: 960.701 GC heap after
{Heap after GC invocations=1762 (full 1693):
 PSYoungGen      total 83456K, used 43519K [0x00000000f5580000, 0x00000000fd180000, 0x0000000100000000)
  eden space 43520K, 99% used [0x00000000f5580000,0x00000000f7ffffc0,0x00000000f8000000)
  from space 39936K, 0% used [0x00000000fa900000,0x00000000fa900000,0x00000000fd000000)
  to   space 40960K, 0% used [0x00000000f8000000,0x00000000f8000000,0x00000000fa800000)
 ParOldGen       total 349696K, used 349689K [0x00000000e0000000, 0x00000000f5580000, 0x00000000f5580000)
  object space 349696K, 99% used [0x00000000e0000000,0x00000000f557e750,0x00000000f5580000)
 Metaspace       used 57672K, committed 58624K, reserved 1105920K
  class space    used 5553K, committed 5952K, reserved 1048576K
}
Event: 960.702 GC heap before
{Heap before GC invocations=1763 (full 1694):
 PSYoungGen      total 83456K, used 43520K [0x00000000f5580000, 0x00000000fd180000, 0x0000000100000000)
  eden space 43520K, 100% used [0x00000000f5580000,0x00000000f8000000,0x00000000f8000000)
  from space 39936K, 0% used [0x00000000fa900000,0x00000000fa900000,0x00000000fd000000)
  to   space 40960K, 0% used [0x00000000f8000000,0x00000000f8000000,0x00000000fa800000)
 ParOldGen       total 349696K, used 349689K [0x00000000e0000000, 0x00000000f5580000, 0x00000000f5580000)
  object space 349696K, 99% used [0x00000000e0000000,0x00000000f557e750,0x00000000f5580000)
 Metaspace       used 57672K, committed 58624K, reserved 1105920K
  class space    used 5553K, committed 5952K, reserved 1048576K
}
Event: 961.089 GC heap after
{Heap after GC invocations=1763 (full 1694):
 PSYoungGen      total 84480K, used 43519K [0x00000000f5580000, 0x00000000fd180000, 0x0000000100000000)
  eden space 43520K, 99% used [0x00000000f5580000,0x00000000f7ffffc0,0x00000000f8000000)
  from space 40960K, 0% used [0x00000000f8000000,0x00000000f8000000,0x00000000fa800000)
  to   space 39936K, 0% used [0x00000000fa900000,0x00000000fa900000,0x00000000fd000000)
 ParOldGen       total 349696K, used 349689K [0x00000000e0000000, 0x00000000f5580000, 0x00000000f5580000)
  object space 349696K, 99% used [0x00000000e0000000,0x00000000f557e750,0x00000000f5580000)
 Metaspace       used 57672K, committed 58624K, reserved 1105920K
  class space    used 5553K, committed 5952K, reserved 1048576K
}
Event: 961.089 GC heap before
{Heap before GC invocations=1764 (full 1695):
 PSYoungGen      total 84480K, used 43520K [0x00000000f5580000, 0x00000000fd180000, 0x0000000100000000)
  eden space 43520K, 100% used [0x00000000f5580000,0x00000000f8000000,0x00000000f8000000)
  from space 40960K, 0% used [0x00000000f8000000,0x00000000f8000000,0x00000000fa800000)
  to   space 39936K, 0% used [0x00000000fa900000,0x00000000fa900000,0x00000000fd000000)
 ParOldGen       total 349696K, used 349689K [0x00000000e0000000, 0x00000000f5580000, 0x00000000f5580000)
  object space 349696K, 99% used [0x00000000e0000000,0x00000000f557e750,0x00000000f5580000)
 Metaspace       used 57672K, committed 58624K, reserved 1105920K
  class space    used 5553K, committed 5952K, reserved 1048576K
}
Event: 961.518 GC heap after
{Heap after GC invocations=1764 (full 1695):
 PSYoungGen      total 83456K, used 43519K [0x00000000f5580000, 0x00000000fd180000, 0x0000000100000000)
  eden space 43520K, 99% used [0x00000000f5580000,0x00000000f7ffffc0,0x00000000f8000000)
  from space 39936K, 0% used [0x00000000fa900000,0x00000000fa900000,0x00000000fd000000)
  to   space 40960K, 0% used [0x00000000f8000000,0x00000000f8000000,0x00000000fa800000)
 ParOldGen       total 349696K, used 349689K [0x00000000e0000000, 0x00000000f5580000, 0x00000000f5580000)
  object space 349696K, 99% used [0x00000000e0000000,0x00000000f557e750,0x00000000f5580000)
 Metaspace       used 57672K, committed 58624K, reserved 1105920K
  class space    used 5553K, committed 5952K, reserved 1048576K
}
Event: 961.518 GC heap before
{Heap before GC invocations=1765 (full 1696):
 PSYoungGen      total 83456K, used 43520K [0x00000000f5580000, 0x00000000fd180000, 0x0000000100000000)
  eden space 43520K, 100% used [0x00000000f5580000,0x00000000f8000000,0x00000000f8000000)
  from space 39936K, 0% used [0x00000000fa900000,0x00000000fa900000,0x00000000fd000000)
  to   space 40960K, 0% used [0x00000000f8000000,0x00000000f8000000,0x00000000fa800000)
 ParOldGen       total 349696K, used 349689K [0x00000000e0000000, 0x00000000f5580000, 0x00000000f5580000)
  object space 349696K, 99% used [0x00000000e0000000,0x00000000f557e750,0x00000000f5580000)
 Metaspace       used 57672K, committed 58624K, reserved 1105920K
  class space    used 5553K, committed 5952K, reserved 1048576K
}
Event: 962.063 GC heap after
{Heap after GC invocations=1765 (full 1696):
 PSYoungGen      total 84480K, used 43519K [0x00000000f5580000, 0x00000000fd180000, 0x0000000100000000)
  eden space 43520K, 99% used [0x00000000f5580000,0x00000000f7ffffc0,0x00000000f8000000)
  from space 40960K, 0% used [0x00000000f8000000,0x00000000f8000000,0x00000000fa800000)
  to   space 39936K, 0% used [0x00000000fa900000,0x00000000fa900000,0x00000000fd000000)
 ParOldGen       total 349696K, used 349689K [0x00000000e0000000, 0x00000000f5580000, 0x00000000f5580000)
  object space 349696K, 99% used [0x00000000e0000000,0x00000000f557e750,0x00000000f5580000)
 Metaspace       used 57672K, committed 58624K, reserved 1105920K
  class space    used 5553K, committed 5952K, reserved 1048576K
}
Event: 962.064 GC heap before
{Heap before GC invocations=1766 (full 1697):
 PSYoungGen      total 84480K, used 43519K [0x00000000f5580000, 0x00000000fd180000, 0x0000000100000000)
  eden space 43520K, 99% used [0x00000000f5580000,0x00000000f7fffff8,0x00000000f8000000)
  from space 40960K, 0% used [0x00000000f8000000,0x00000000f8000000,0x00000000fa800000)
  to   space 39936K, 0% used [0x00000000fa900000,0x00000000fa900000,0x00000000fd000000)
 ParOldGen       total 349696K, used 349689K [0x00000000e0000000, 0x00000000f5580000, 0x00000000f5580000)
  object space 349696K, 99% used [0x00000000e0000000,0x00000000f557e750,0x00000000f5580000)
 Metaspace       used 57672K, committed 58624K, reserved 1105920K
  class space    used 5553K, committed 5952K, reserved 1048576K
}
Event: 962.756 GC heap after
{Heap after GC invocations=1766 (full 1697):
 PSYoungGen      total 83456K, used 43519K [0x00000000f5580000, 0x00000000fd180000, 0x0000000100000000)
  eden space 43520K, 99% used [0x00000000f5580000,0x00000000f7ffffb8,0x00000000f8000000)
  from space 39936K, 0% used [0x00000000fa900000,0x00000000fa900000,0x00000000fd000000)
  to   space 40960K, 0% used [0x00000000f8000000,0x00000000f8000000,0x00000000fa800000)
 ParOldGen       total 349696K, used 349689K [0x00000000e0000000, 0x00000000f5580000, 0x00000000f5580000)
  object space 349696K, 99% used [0x00000000e0000000,0x00000000f557e750,0x00000000f5580000)
 Metaspace       used 57672K, committed 58624K, reserved 1105920K
  class space    used 5553K, committed 5952K, reserved 1048576K
}
Event: 962.759 GC heap before
{Heap before GC invocations=1767 (full 1698):
 PSYoungGen      total 83456K, used 43520K [0x00000000f5580000, 0x00000000fd180000, 0x0000000100000000)
  eden space 43520K, 100% used [0x00000000f5580000,0x00000000f8000000,0x00000000f8000000)
  from space 39936K, 0% used [0x00000000fa900000,0x00000000fa900000,0x00000000fd000000)
  to   space 40960K, 0% used [0x00000000f8000000,0x00000000f8000000,0x00000000fa800000)
 ParOldGen       total 349696K, used 349694K [0x00000000e0000000, 0x00000000f5580000, 0x00000000f5580000)
  object space 349696K, 99% used [0x00000000e0000000,0x00000000f557fb58,0x00000000f5580000)
 Metaspace       used 57672K, committed 58624K, reserved 1105920K
  class space    used 5553K, committed 5952K, reserved 1048576K
}
Event: 963.460 GC heap after
{Heap after GC invocations=1767 (full 1698):
 PSYoungGen      total 84480K, used 43519K [0x00000000f5580000, 0x00000000fd180000, 0x0000000100000000)
  eden space 43520K, 99% used [0x00000000f5580000,0x00000000f7ffffb0,0x00000000f8000000)
  from space 40960K, 0% used [0x00000000f8000000,0x00000000f8000000,0x00000000fa800000)
  to   space 39936K, 0% used [0x00000000fa900000,0x00000000fa900000,0x00000000fd000000)
 ParOldGen       total 349696K, used 349693K [0x00000000e0000000, 0x00000000f5580000, 0x00000000f5580000)
  object space 349696K, 99% used [0x00000000e0000000,0x00000000f557f688,0x00000000f5580000)
 Metaspace       used 57672K, committed 58624K, reserved 1105920K
  class space    used 5553K, committed 5952K, reserved 1048576K
}
Event: 963.460 GC heap before
{Heap before GC invocations=1768 (full 1699):
 PSYoungGen      total 84480K, used 43519K [0x00000000f5580000, 0x00000000fd180000, 0x0000000100000000)
  eden space 43520K, 99% used [0x00000000f5580000,0x00000000f7ffffb0,0x00000000f8000000)
  from space 40960K, 0% used [0x00000000f8000000,0x00000000f8000000,0x00000000fa800000)
  to   space 39936K, 0% used [0x00000000fa900000,0x00000000fa900000,0x00000000fd000000)
 ParOldGen       total 349696K, used 349693K [0x00000000e0000000, 0x00000000f5580000, 0x00000000f5580000)
  object space 349696K, 99% used [0x00000000e0000000,0x00000000f557f688,0x00000000f5580000)
 Metaspace       used 57672K, committed 58624K, reserved 1105920K
  class space    used 5553K, committed 5952K, reserved 1048576K
}
Event: 963.921 GC heap after
{Heap after GC invocations=1768 (full 1699):
 PSYoungGen      total 83456K, used 43519K [0x00000000f5580000, 0x00000000fd180000, 0x0000000100000000)
  eden space 43520K, 99% used [0x00000000f5580000,0x00000000f7ffffb0,0x00000000f8000000)
  from space 39936K, 0% used [0x00000000fa900000,0x00000000fa900000,0x00000000fd000000)
  to   space 40960K, 0% used [0x00000000f8000000,0x00000000f8000000,0x00000000fa800000)
 ParOldGen       total 349696K, used 349693K [0x00000000e0000000, 0x00000000f5580000, 0x00000000f5580000)
  object space 349696K, 99% used [0x00000000e0000000,0x00000000f557f688,0x00000000f5580000)
 Metaspace       used 57672K, committed 58624K, reserved 1105920K
  class space    used 5553K, committed 5952K, reserved 1048576K
}

Dll operation events (9 events):
Event: 0.017 Loaded shared library /nix/store/gpxl5qgg8kicmcvivwmybwjlpf7wh20l-graalvm17-ce-22.3.0/lib/libjava.so
Event: 0.066 Loaded shared library /nix/store/gpxl5qgg8kicmcvivwmybwjlpf7wh20l-graalvm17-ce-22.3.0/lib/libjsvml.so
Event: 2.222 Loaded shared library /nix/store/gpxl5qgg8kicmcvivwmybwjlpf7wh20l-graalvm17-ce-22.3.0/lib/libnio.so
Event: 2.235 Loaded shared library /nix/store/gpxl5qgg8kicmcvivwmybwjlpf7wh20l-graalvm17-ce-22.3.0/lib/libzip.so
Event: 2.270 Loaded shared library /nix/store/gpxl5qgg8kicmcvivwmybwjlpf7wh20l-graalvm17-ce-22.3.0/lib/libjvmcicompiler.so
Event: 4.074 Loaded shared library /nix/store/gpxl5qgg8kicmcvivwmybwjlpf7wh20l-graalvm17-ce-22.3.0/lib/libjimage.so
Event: 7.355 Loaded shared library /nix/store/gpxl5qgg8kicmcvivwmybwjlpf7wh20l-graalvm17-ce-22.3.0/lib/libnet.so
Event: 11.210 Loaded shared library /home/runner/Final-Project-Code-Space-CS3HonorsLabsfo-20/.cache/jdt-language-server/config/org.eclipse.equinox.launcher/org.eclipse.equinox.launcher.gtk.linux.x86_64_1.2.400.v20211117-0650/eclipse_11600.so
Event: 41.012 Loaded shared library /nix/store/gpxl5qgg8kicmcvivwmybwjlpf7wh20l-graalvm17-ce-22.3.0/lib/libextnet.so

Deoptimization events (20 events):
Event: 148.489 Thread 0x00007c10581592c0 Uncommon trap: trap_request=0xffffffed fr.pc=0x00007c10d3071d72 relative=0x00000000000003d2
Event: 148.489 Thread 0x00007c10581592c0 Uncommon trap: reason=null_assert_or_unreached0 action=reinterpret pc=0x00007c10d3071d72 method=org.eclipse.jdt.internal.compiler.classfmt.ClassFileReader.isAnonymous()Z @ 0 jvmci
Event: 148.489 Thread 0x00007c10581592c0 DEOPT PACKING pc=0x00007c10d3071d72 sp=0x00007c10907fd620
Event: 148.489 Thread 0x00007c10581592c0 DEOPT UNPACKING pc=0x00007c10cb505325 sp=0x00007c10907fcac0 mode 3
Event: 149.109 Thread 0x00007c104c000ff0 Uncommon trap: trap_request=0xffffffed fr.pc=0x00007c10d3148501 relative=0x0000000000001921
Event: 149.109 Thread 0x00007c104c000ff0 Uncommon trap: reason=null_assert_or_unreached0 action=reinterpret pc=0x00007c10d3148501 method=org.eclipse.jdt.internal.compiler.parser.Scanner.internalScanIdentifierOrKeyword(II[C)I @ 0 jvmci
Event: 149.109 Thread 0x00007c104c000ff0 DEOPT PACKING pc=0x00007c10d3148501 sp=0x00007c1090dfdd80
Event: 149.109 Thread 0x00007c104c000ff0 DEOPT UNPACKING pc=0x00007c10cb505325 sp=0x00007c1090dfd210 mode 3
Event: 150.289 Thread 0x00007c1058159f60 Uncommon trap: trap_request=0xffffffdd fr.pc=0x00007c10d3167b1b relative=0x0000000000000c1b
Event: 150.289 Thread 0x00007c1058159f60 Uncommon trap: reason=class_check action=reinterpret pc=0x00007c10d3167b1b method=java.util.TimSort.binarySort([Ljava/lang/Object;IIILjava/util/Comparator;)V @ 32 jvmci
Event: 150.289 Thread 0x00007c1058159f60 DEOPT PACKING pc=0x00007c10d3167b1b sp=0x00007c10913fde00
Event: 150.289 Thread 0x00007c1058159f60 DEOPT UNPACKING pc=0x00007c10cb505325 sp=0x00007c10913fd2e0 mode 3
Event: 168.705 Thread 0x00007c10581592c0 DEOPT PACKING pc=0x00007c10cc199fb4 sp=0x00007c10907fdcf0
Event: 168.705 Thread 0x00007c10581592c0 DEOPT UNPACKING pc=0x00007c10cb505325 sp=0x00007c10907fd280 mode 0
Event: 169.890 Thread 0x00007c1058159f60 DEOPT PACKING pc=0x00007c10cbdb98a4 sp=0x00007c10913fdd00
Event: 169.890 Thread 0x00007c1058159f60 DEOPT UNPACKING pc=0x00007c10cb505325 sp=0x00007c10913fd1f0 mode 0
Event: 169.890 Thread 0x00007c1058159f60 DEOPT PACKING pc=0x00007c10cc2307fc sp=0x00007c10913fdef0
Event: 169.890 Thread 0x00007c1058159f60 DEOPT UNPACKING pc=0x00007c10cb505325 sp=0x00007c10913fd420 mode 0
Event: 237.785 Thread 0x00007c1058157c60 DEOPT PACKING pc=0x00007c10cc68653c sp=0x00007c10915fcef0
Event: 237.785 Thread 0x00007c1058157c60 DEOPT UNPACKING pc=0x00007c10cb505325 sp=0x00007c10915fc4b8 mode 0

Classes unloaded (20 events):
Event: 175.605 Thread 0x00007c10e40c2630 Unloading class 0x0000000801111000 'jdk/internal/reflect/GeneratedSerializationConstructorAccessor17'
Event: 175.605 Thread 0x00007c10e40c2630 Unloading class 0x0000000801110c00 'jdk/internal/reflect/GeneratedSerializationConstructorAccessor16'
Event: 175.605 Thread 0x00007c10e40c2630 Unloading class 0x0000000801110800 'jdk/internal/reflect/GeneratedSerializationConstructorAccessor15'
Event: 175.605 Thread 0x00007c10e40c2630 Unloading class 0x0000000801110000 'jdk/internal/reflect/GeneratedConstructorAccessor37'
Event: 175.605 Thread 0x00007c10e40c2630 Unloading class 0x000000080110f000 'jdk/internal/reflect/GeneratedSerializationConstructorAccessor14'
Event: 175.605 Thread 0x00007c10e40c2630 Unloading class 0x000000080110ec00 'jdk/internal/reflect/GeneratedSerializationConstructorAccessor13'
Event: 175.605 Thread 0x00007c10e40c2630 Unloading class 0x000000080110e800 'jdk/internal/reflect/GeneratedSerializationConstructorAccessor12'
Event: 175.605 Thread 0x00007c10e40c2630 Unloading class 0x000000080110e400 'jdk/internal/reflect/GeneratedMethodAccessor12'
Event: 175.605 Thread 0x00007c10e40c2630 Unloading class 0x000000080110e000 'jdk/internal/reflect/GeneratedMethodAccessor11'
Event: 175.605 Thread 0x00007c10e40c2630 Unloading class 0x000000080110dc00 'jdk/internal/reflect/GeneratedSerializationConstructorAccessor11'
Event: 175.605 Thread 0x00007c10e40c2630 Unloading class 0x000000080110d800 'jdk/internal/reflect/GeneratedSerializationConstructorAccessor10'
Event: 175.605 Thread 0x00007c10e40c2630 Unloading class 0x000000080110d400 'jdk/internal/reflect/GeneratedSerializationConstructorAccessor9'
Event: 175.605 Thread 0x00007c10e40c2630 Unloading class 0x000000080110d000 'jdk/internal/reflect/GeneratedSerializationConstructorAccessor8'
Event: 175.605 Thread 0x00007c10e40c2630 Unloading class 0x0000000800fec400 'jdk/internal/reflect/GeneratedSerializationConstructorAccessor2'
Event: 175.605 Thread 0x00007c10e40c2630 Unloading class 0x0000000800fec000 'jdk/internal/reflect/GeneratedSerializationConstructorAccessor1'
Event: 179.471 Thread 0x00007c10e40c2630 Unloading class 0x0000000801044c00 'jdk/internal/reflect/GeneratedMethodAccessor10'
Event: 179.471 Thread 0x00007c10e40c2630 Unloading class 0x0000000801044800 'jdk/internal/reflect/GeneratedMethodAccessor9'
Event: 179.471 Thread 0x00007c10e40c2630 Unloading class 0x0000000801044400 'jdk/internal/reflect/GeneratedMethodAccessor8'
Event: 179.471 Thread 0x00007c10e40c2630 Unloading class 0x0000000801044000 'jdk/internal/reflect/GeneratedMethodAccessor7'
Event: 280.719 Thread 0x00007c10e40c2630 Unloading class 0x0000000801024000 'jdk/internal/reflect/GeneratedConstructorAccessor23'

Classes redefined (0 events):
No events

Internal exceptions (20 events):
Event: 46.039 Thread 0x00007c1054000eb0 Exception <a 'sun/nio/fs/UnixException'{0x00000000f63826b8}> (0x00000000f63826b8) 
thrown [src/hotspot/share/prims/jni.cpp, line 516]
Event: 46.068 Thread 0x00007c1054000eb0 Exception <a 'sun/nio/fs/UnixException'{0x00000000f66cc7b0}> (0x00000000f66cc7b0) 
thrown [src/hotspot/share/prims/jni.cpp, line 516]
Event: 46.604 Thread 0x00007c10e441aac0 Exception <a 'java/lang/NoSuchMethodError'{0x00000000f5ae7f90}: 'java.lang.Object java.lang.invoke.DirectMethodHandle$Holder.invokeInterface(java.lang.Object, java.lang.Object, java.lang.Object)'> (0x00000000f5ae7f90) 
thrown [src/hotspot/share/interpreter/linkResolver.cpp, line 758]
Event: 46.667 Thread 0x00007c104c000ff0 Exception <a 'java/lang/NoSuchMethodError'{0x00000000f645c4d8}: static [Lorg/eclipse/core/runtime/IPath;.<clinit>()V> (0x00000000f645c4d8) 
thrown [src/hotspot/share/prims/jni.cpp, line 1107]
Event: 46.686 Thread 0x00007c104c000ff0 Exception <a 'java/lang/NoSuchMethodError'{0x00000000f65dc0d8}: static [J.<clinit>()V> (0x00000000f65dc0d8) 
thrown [src/hotspot/share/prims/jni.cpp, line 1107]
Event: 46.822 Thread 0x00007c1054000eb0 Exception <a 'java/lang/NoSuchMethodError'{0x00000000f5ee5cc8}: 'java.lang.Object java.lang.invoke.DirectMethodHandle$Holder.newInvokeSpecial(java.lang.Object, java.lang.Object, java.lang.Object, int, java.lang.Object)'> (0x00000000f5ee5cc8) 
thrown [src/hotspot/share/interpreter/linkResolver.cpp, line 758]
Event: 46.826 Thread 0x00007c1054000eb0 Exception <a 'java/lang/NoSuchMethodError'{0x00000000f5ee9bd0}: 'java.lang.Object java.lang.invoke.DirectMethodHandle$Holder.invokeSpecial(java.lang.Object, java.lang.Object, java.lang.Object, java.lang.Object, int, java.lang.Object)'> (0x00000000f5ee9bd0) 
thrown [src/hotspot/share/interpreter/linkResolver.cpp, line 758]
Event: 46.827 Thread 0x00007c1054000eb0 Exception <a 'java/lang/NoSuchMethodError'{0x00000000f5eed410}: 'java.lang.Object java.lang.invoke.Invokers$Holder.linkToTargetMethod(java.lang.Object, java.lang.Object, int, java.lang.Object, java.lang.Object)'> (0x00000000f5eed410) 
thrown [src/hotspot/share/interpreter/linkResolver.cpp, line 758]
Event: 49.134 Thread 0x00007c1054000eb0 Exception <a 'java/io/FileNotFoundException'{0x00000000f59f2568}> (0x00000000f59f2568) 
thrown [src/hotspot/share/prims/jni.cpp, line 516]
Event: 49.517 Thread 0x00007c10640010d0 Exception <a 'java/lang/NoSuchMethodError'{0x00000000f570edc0}: 'java.lang.Object java.lang.invoke.DirectMethodHandle$Holder.invokeStatic(java.lang.Object, java.lang.Object, java.lang.Object, long)'> (0x00000000f570edc0) 
thrown [src/hotspot/share/interpreter/linkResolver.cpp, line 758]
Event: 49.518 Thread 0x00007c10640010d0 Exception <a 'java/lang/NoSuchMethodError'{0x00000000f7003b48}: 'java.lang.Object java.lang.invoke.DirectMethodHandle$Holder.newInvokeSpecial(java.lang.Object, java.lang.Object, java.lang.Object, long)'> (0x00000000f7003b48) 
thrown [src/hotspot/share/interpreter/linkResolver.cpp, line 758]
Event: 49.518 Thread 0x00007c10640010d0 Exception <a 'java/lang/NoSuchMethodError'{0x00000000f7007c60}: 'java.lang.Object java.lang.invoke.DirectMethodHandle$Holder.invokeSpecial(java.lang.Object, java.lang.Object, java.lang.Object, java.lang.Object, long)'> (0x00000000f7007c60) 
thrown [src/hotspot/share/interpreter/linkResolver.cpp, line 758]
Event: 49.518 Thread 0x00007c10640010d0 Exception <a 'java/lang/NoSuchMethodError'{0x00000000f700b7c8}: 'java.lang.Object java.lang.invoke.Invokers$Holder.linkToTargetMethod(java.lang.Object, java.lang.Object, long, java.lang.Object)'> (0x00000000f700b7c8) 
thrown [src/hotspot/share/interpreter/linkResolver.cpp, line 758]
Event: 49.530 Thread 0x00007c10640010d0 Exception <a 'java/lang/NoSuchMethodError'{0x00000000f7037d48}: 'java.lang.Object java.lang.invoke.DirectMethodHandle$Holder.newInvokeSpecial(java.lang.Object, java.lang.Object, int, java.lang.Object, java.lang.Object)'> (0x00000000f7037d48) 
thrown [src/hotspot/share/interpreter/linkResolver.cpp, line 758]
Event: 49.531 Thread 0x00007c10640010d0 Exception <a 'java/lang/NoSuchMethodError'{0x00000000f703c258}: 'java.lang.Object java.lang.invoke.DirectMethodHandle$Holder.invokeSpecial(java.lang.Object, java.lang.Object, java.lang.Object, int, java.lang.Object, java.lang.Object)'> (0x00000000f703c258) 
thrown [src/hotspot/share/interpreter/linkResolver.cpp, line 758]
Event: 50.321 Thread 0x00007c104c000ff0 Implicit null exception at 0x00007c10d31655a2 to 0x00007c10d316592f
Event: 50.849 Thread 0x00007c104c000ff0 Implicit null exception at 0x00007c10d30780f1 to 0x00007c10d30782a3
Event: 148.489 Thread 0x00007c10581592c0 Implicit null exception at 0x00007c10d30719da to 0x00007c10d3071d57
Event: 178.801 Thread 0x00007c105819c710 Exception <a 'java/lang/ArrayIndexOutOfBoundsException'{0x00000000f7fb9950}: Index 21571 out of bounds for length 21571> (0x00000000f7fb9950) 
thrown [src/hotspot/share/interpreter/interpreterRuntime.cpp, line 428]
Event: 963.923 Thread 0x00007c10e40d2c50 Exception <a 'java/lang/OutOfMemoryError'{0x00000000e041e818}> (0x00000000e041e818) 
thrown [src/hotspot/share/gc/shared/memAllocator.cpp, line 136]

VM Operations (20 events):
Event: 957.901 Executing VM operation: ParallelGCFailedAllocation
Event: 958.776 Executing VM operation: ParallelGCFailedAllocation done
Event: 958.776 Executing VM operation: ParallelGCFailedAllocation
Event: 959.308 Executing VM operation: ParallelGCFailedAllocation done
Event: 959.308 Executing VM operation: ParallelGCFailedAllocation
Event: 959.794 Executing VM operation: ParallelGCFailedAllocation done
Event: 959.794 Executing VM operation: ParallelGCFailedAllocation
Event: 960.221 Executing VM operation: ParallelGCFailedAllocation done
Event: 960.221 Executing VM operation: ParallelGCFailedAllocation
Event: 960.701 Executing VM operation: ParallelGCFailedAllocation done
Event: 960.702 Executing VM operation: ParallelGCFailedAllocation
Event: 961.089 Executing VM operation: ParallelGCFailedAllocation done
Event: 961.089 Executing VM operation: ParallelGCFailedAllocation
Event: 961.518 Executing VM operation: ParallelGCFailedAllocation done
Event: 961.518 Executing VM operation: ParallelGCFailedAllocation
Event: 962.063 Executing VM operation: ParallelGCFailedAllocation done
Event: 962.064 Executing VM operation: ParallelGCFailedAllocation
Event: 962.756 Executing VM operation: ParallelGCFailedAllocation done
Event: 962.757 Executing VM operation: ParallelGCFailedAllocation
Event: 963.922 Executing VM operation: ParallelGCFailedAllocation done

Events (20 events):
Event: 430.938 loading class sun/nio/ch/ExtendedSocketOption$1 done
Event: 435.084 loading class sun/security/ssl/Alert
Event: 468.543 loading class sun/security/ssl/Alert done
Event: 484.500 loading class sun/security/ssl/Alert$AlertConsumer
Event: 492.589 loading class sun/security/ssl/Alert$AlertConsumer done
Event: 492.590 loading class sun/security/ssl/Alert$Level
Event: 495.739 loading class sun/security/ssl/Alert$Level done
Event: 499.063 loading class javax/crypto/ShortBufferException
Event: 499.492 loading class javax/crypto/ShortBufferException done
Event: 499.493 loading class java/net/SocketException
Event: 499.493 loading class java/net/SocketException done
Event: 506.035 loading class java/io/InterruptedIOException
Event: 508.494 loading class java/io/InterruptedIOException done
Event: 508.926 loading class javax/net/ssl/SSLException
Event: 509.760 loading class javax/net/ssl/SSLException done
Event: 509.760 loading class java/lang/AssertionError
Event: 511.103 loading class java/lang/AssertionError done
Event: 512.017 Thread 0x00007c104c42c1f0 Thread exited: 0x00007c104c42c1f0
Event: 512.017 Thread 0x00007c1034001dd0 Thread exited: 0x00007c1034001dd0
Event: 560.264 Thread 0x00007c104c42d150 Thread exited: 0x00007c104c42d150


Dynamic libraries:
e0000000-f5100000 rw-p 00000000 00:00 0 
f5100000-fd180000 rw-p 00000000 00:00 0 
fd180000-100000000 ---p 00000000 00:00 0 
800000000-800449000 rw-p 00001000 08:10 707969865                        /nix/store/gpxl5qgg8kicmcvivwmybwjlpf7wh20l-graalvm17-ce-22.3.0/lib/server/classes.jsa
800449000-800bc8000 r--p 0044a000 08:10 707969865                        /nix/store/gpxl5qgg8kicmcvivwmybwjlpf7wh20l-graalvm17-ce-22.3.0/lib/server/classes.jsa
800bc8000-800c00000 ---p 00000000 00:00 0 
800c00000-800c10000 rw-p 00000000 00:00 0 
800c10000-800c30000 rw-p 00000000 00:00 0 
800c30000-800cb0000 rw-p 00000000 00:00 0 
800cb0000-800cf0000 rw-p 00000000 00:00 0 
800cf0000-800db0000 rw-p 00000000 00:00 0 
800db0000-800df0000 rw-p 00000000 00:00 0 
800df0000-801070000 rw-p 00000000 00:00 0 
801070000-8010b0000 rw-p 00000000 00:00 0 
8010b0000-8011d0000 rw-p 00000000 00:00 0 
8011d0000-840c00000 ---p 00000000 00:00 0 
6327d80d0000-6327d80d1000 r-xp 00000000 08:10 672029940                  /nix/store/gpxl5qgg8kicmcvivwmybwjlpf7wh20l-graalvm17-ce-22.3.0/bin/.java-wrapped
6327d80d2000-6327d80d3000 r--p 00001000 08:10 672029940                  /nix/store/gpxl5qgg8kicmcvivwmybwjlpf7wh20l-graalvm17-ce-22.3.0/bin/.java-wrapped
6327d80d3000-6327d80d4000 rw-p 00002000 08:10 672029940                  /nix/store/gpxl5qgg8kicmcvivwmybwjlpf7wh20l-graalvm17-ce-22.3.0/bin/.java-wrapped
6327d80d4000-6327d80d5000 rw-p 00004000 08:10 672029940                  /nix/store/gpxl5qgg8kicmcvivwmybwjlpf7wh20l-graalvm17-ce-22.3.0/bin/.java-wrapped
6327d80d5000-6327d80d6000 rw-p 00005000 08:10 672029940                  /nix/store/gpxl5qgg8kicmcvivwmybwjlpf7wh20l-graalvm17-ce-22.3.0/bin/.java-wrapped
6327d958f000-6327d95d7000 rw-p 00000000 00:00 0                          [heap]
7c1020000000-7c1020021000 rw-p 00000000 00:00 0 
7c1020021000-7c1024000000 ---p 00000000 00:00 0 
7c1024000000-7c1024029000 rw-p 00000000 00:00 0 
7c1024029000-7c1028000000 ---p 00000000 00:00 0 
7c102b000000-7c102b3d0000 rw-p 00000000 00:00 0 
7c102b3d0000-7c102b800000 ---p 00000000 00:00 0 
7c102b800000-7c102b8f0000 rw-p 00000000 00:00 0 
7c102b8f0000-7c102b9a0000 rw-p 00000000 00:00 0 
7c102b9a0000-7c102ba00000 ---p 00000000 00:00 0 
7c102ba00000-7c102bbb0000 rw-p 00000000 00:00 0 
7c102bbb0000-7c102c000000 rw-p 00000000 00:00 0 
7c102c000000-7c102c021000 rw-p 00000000 00:00 0 
7c102c021000-7c1030000000 ---p 00000000 00:00 0 
7c1030000000-7c1030021000 rw-p 00000000 00:00 0 
7c1030021000-7c1034000000 ---p 00000000 00:00 0 
7c1034000000-7c1034021000 rw-p 00000000 00:00 0 
7c1034021000-7c1038000000 ---p 00000000 00:00 0 
7c1038000000-7c1038021000 rw-p 00000000 00:00 0 
7c1038021000-7c103c000000 ---p 00000000 00:00 0 
7c103c000000-7c103c021000 rw-p 00000000 00:00 0 
7c103c021000-7c1040000000 ---p 00000000 00:00 0 
7c1041400000-7c1041790000 rw-p 00000000 00:00 0 
7c1041790000-7c10417b0000 rw-p 00000000 00:00 0 
7c10417b0000-7c10418d0000 rw-p 00000000 00:00 0 
7c10418d0000-7c10418f0000 rw-p 00000000 00:00 0 
7c10418f0000-7c1041af0000 rw-p 00000000 00:00 0 
7c1041af0000-7c1041b70000 rw-p 00000000 00:00 0 
7c1041b70000-7c1041c00000 rw-p 00000000 00:00 0 
7c1041cb3000-7c104b800000 r--s 00000000 08:10 707804677                  /nix/store/gpxl5qgg8kicmcvivwmybwjlpf7wh20l-graalvm17-ce-22.3.0/lib/modules
7c104b800000-7c104bef0000 rw-p 00000000 00:00 0 
7c104bef0000-7c104c000000 rw-p 00000000 00:00 0 
7c104c000000-7c104c4f8000 rw-p 00000000 00:00 0 
7c104c4f8000-7c1050000000 ---p 00000000 00:00 0 
7c1050000000-7c1050180000 rw-p 00000000 00:00 0 
7c1050180000-7c1054000000 ---p 00000000 00:00 0 
7c1054000000-7c1054040000 rw-p 00000000 00:00 0 
7c1054040000-7c1058000000 ---p 00000000 00:00 0 
7c1058000000-7c10581ce000 rw-p 00000000 00:00 0 
7c10581ce000-7c105c000000 ---p 00000000 00:00 0 
7c105c000000-7c105c08c000 rw-p 00000000 00:00 0 
7c105c08c000-7c1060000000 ---p 00000000 00:00 0 
7c1060000000-7c1060021000 rw-p 00000000 00:00 0 
7c1060021000-7c1064000000 ---p 00000000 00:00 0 
7c1064000000-7c106430c000 rw-p 00000000 00:00 0 
7c106430c000-7c1068000000 ---p 00000000 00:00 0 
7c1068000000-7c1068080000 rw-p 00000000 00:00 0 
7c1068080000-7c106c000000 ---p 00000000 00:00 0 
7c106c000000-7c106c021000 rw-p 00000000 00:00 0 
7c106c021000-7c1070000000 ---p 00000000 00:00 0 
7c1070000000-7c1070021000 rw-p 00000000 00:00 0 
7c1070021000-7c1074000000 ---p 00000000 00:00 0 
7c1074000000-7c1074021000 rw-p 00000000 00:00 0 
7c1074021000-7c1078000000 ---p 00000000 00:00 0 
7c1078000000-7c107804e000 rw-p 00000000 00:00 0 
7c107804e000-7c107c000000 ---p 00000000 00:00 0 
7c107c000000-7c107c021000 rw-p 00000000 00:00 0 
7c107c021000-7c1080000000 ---p 00000000 00:00 0 
7c1080000000-7c108087b000 rw-p 00000000 00:00 0 
7c108087b000-7c1084000000 ---p 00000000 00:00 0 
7c1084000000-7c1084021000 rw-p 00000000 00:00 0 
7c1084021000-7c1088000000 ---p 00000000 00:00 0 
7c1088000000-7c1088021000 rw-p 00000000 00:00 0 
7c1088021000-7c108c000000 ---p 00000000 00:00 0 
7c108d400000-7c108d8f0000 rw-p 00000000 00:00 0 
7c108d8f0000-7c108d9f0000 rw-p 00000000 00:00 0 
7c108d9f0000-7c108dbf0000 rw-p 00000000 00:00 0 
7c108dbf0000-7c108dcf0000 rw-p 00000000 00:00 0 
7c108dcf0000-7c108ddf0000 rw-p 00000000 00:00 0 
7c108ddf0000-7c108e2f0000 rw-p 00000000 00:00 0 
7c108e2f0000-7c108e3f0000 rw-p 00000000 00:00 0 
7c108e3f0000-7c108e400000 rw-p 00000000 00:00 0 
7c108e600000-7c108e610000 r-xp 00000000 00:122d 296                      /home/runner/Final-Project-Code-Space-CS3HonorsLabsfo-20/.cache/jdt-language-server/config/org.eclipse.equinox.launcher/org.eclipse.equinox.launcher.gtk.linux.x86_64_1.2.400.v20211117-0650/eclipse_11600.so
7c108e610000-7c108e80f000 ---p 00010000 00:122d 296                      /home/runner/Final-Project-Code-Space-CS3HonorsLabsfo-20/.cache/jdt-language-server/config/org.eclipse.equinox.launcher/org.eclipse.equinox.launcher.gtk.linux.x86_64_1.2.400.v20211117-0650/eclipse_11600.so
7c108e80f000-7c108e810000 r--p 0000f000 00:122d 296                      /home/runner/Final-Project-Code-Space-CS3HonorsLabsfo-20/.cache/jdt-language-server/config/org.eclipse.equinox.launcher/org.eclipse.equinox.launcher.gtk.linux.x86_64_1.2.400.v20211117-0650/eclipse_11600.so
7c108e810000-7c108e811000 rw-p 00010000 00:122d 296                      /home/runner/Final-Project-Code-Space-CS3HonorsLabsfo-20/.cache/jdt-language-server/config/org.eclipse.equinox.launcher/org.eclipse.equinox.launcher.gtk.linux.x86_64_1.2.400.v20211117-0650/eclipse_11600.so
7c108e8fe000-7c108e8ff000 ---p 00000000 00:00 0 
7c108e8ff000-7c108ea00000 rw-p 00000000 00:00 0 
7c108ef00000-7c108f000000 ---p 00000000 00:00 0 
7c108f000000-7c108f5af000 r--p 01122000 08:10 707802136                  /nix/store/gpxl5qgg8kicmcvivwmybwjlpf7wh20l-graalvm17-ce-22.3.0/lib/libjvmcicompiler.so
7c108f5af000-7c108f700000 r--p 00000000 00:00 0 
7c108f700000-7c108f73d000 rw-p 00000000 00:00 0 
7c108f73d000-7c108fc5d000 rw-p 0185f000 08:10 707802136                  /nix/store/gpxl5qgg8kicmcvivwmybwjlpf7wh20l-graalvm17-ce-22.3.0/lib/libjvmcicompiler.so
7c108fc5d000-7c1090044000 r--p 01d7f000 08:10 707802136                  /nix/store/gpxl5qgg8kicmcvivwmybwjlpf7wh20l-graalvm17-ce-22.3.0/lib/libjvmcicompiler.so
7c1090100000-7c1090104000 ---p 00000000 00:00 0 
7c1090104000-7c1090200000 rw-p 00000000 00:00 0 
7c1090300000-7c1090304000 ---p 00000000 00:00 0 
7c1090304000-7c1090400000 rw-p 00000000 00:00 0 
7c1090500000-7c1090504000 ---p 00000000 00:00 0 
7c1090504000-7c1090600000 rw-p 00000000 00:00 0 
7c1090700000-7c1090704000 ---p 00000000 00:00 0 
7c1090704000-7c1090800000 rw-p 00000000 00:00 0 
7c1090900000-7c1090904000 ---p 00000000 00:00 0 
7c1090904000-7c1090a00000 rw-p 00000000 00:00 0 
7c1090a00000-7c1090a04000 ---p 00000000 00:00 0 
7c1090a04000-7c1090b00000 rw-p 00000000 00:00 0 
7c1090b00000-7c1090b04000 ---p 00000000 00:00 0 
7c1090b04000-7c1090c00000 rw-p 00000000 00:00 0 
7c1090d00000-7c1090d04000 ---p 00000000 00:00 0 
7c1090d04000-7c1090e00000 rw-p 00000000 00:00 0 
7c1090f00000-7c1090f04000 ---p 00000000 00:00 0 
7c1090f04000-7c1091000000 rw-p 00000000 00:00 0 
7c1091100000-7c1091104000 ---p 00000000 00:00 0 
7c1091104000-7c1091200000 rw-p 00000000 00:00 0 
7c1091300000-7c1091304000 ---p 00000000 00:00 0 
7c1091304000-7c1091400000 rw-p 00000000 00:00 0 
7c1091400000-7c1091404000 ---p 00000000 00:00 0 
7c1091404000-7c1091500000 rw-p 00000000 00:00 0 
7c1091500000-7c1091504000 ---p 00000000 00:00 0 
7c1091504000-7c1091600000 rw-p 00000000 00:00 0 
7c1091700000-7c1091704000 ---p 00000000 00:00 0 
7c1091704000-7c1091800000 rw-p 00000000 00:00 0 
7c1091900000-7c1091904000 ---p 00000000 00:00 0 
7c1091904000-7c1091a00000 rw-p 00000000 00:00 0 
7c1091b00000-7c1091b04000 ---p 00000000 00:00 0 
7c1091b04000-7c1091c00000 rw-p 00000000 00:00 0 
7c1091c00000-7c1093d6a000 r-xp 00000000 08:10 707802136                  /nix/store/gpxl5qgg8kicmcvivwmybwjlpf7wh20l-graalvm17-ce-22.3.0/lib/libjvmcicompiler.so
7c1093d6a000-7c1093f69000 ---p 0216a000 08:10 707802136                  /nix/store/gpxl5qgg8kicmcvivwmybwjlpf7wh20l-graalvm17-ce-22.3.0/lib/libjvmcicompiler.so
7c1093f69000-7c1093f6a000 r--p 02169000 08:10 707802136                  /nix/store/gpxl5qgg8kicmcvivwmybwjlpf7wh20l-graalvm17-ce-22.3.0/lib/libjvmcicompiler.so
7c1093f6a000-7c1093f6c000 rw-p 0216a000 08:10 707802136                  /nix/store/gpxl5qgg8kicmcvivwmybwjlpf7wh20l-graalvm17-ce-22.3.0/lib/libjvmcicompiler.so
7c1093f6c000-7c1093f6d000 rw-p 00000000 00:00 0 
7c1093f6d000-7c1093f72000 rw-p 023c3000 08:10 707802136                  /nix/store/gpxl5qgg8kicmcvivwmybwjlpf7wh20l-graalvm17-ce-22.3.0/lib/libjvmcicompiler.so
7c1094000000-7c1094021000 rw-p 00000000 00:00 0 
7c1094021000-7c1098000000 ---p 00000000 00:00 0 
7c1098000000-7c1098021000 rw-p 00000000 00:00 0 
7c1098021000-7c109c000000 ---p 00000000 00:00 0 
7c109c000000-7c109c051000 rw-p 00000000 00:00 0 
7c109c051000-7c10a0000000 ---p 00000000 00:00 0 
7c10a0000000-7c10a0021000 rw-p 00000000 00:00 0 
7c10a0021000-7c10a4000000 ---p 00000000 00:00 0 
7c10a4000000-7c10a40cd000 rw-p 00000000 00:00 0 
7c10a40cd000-7c10a8000000 ---p 00000000 00:00 0 
7c10a8000000-7c10a8b83000 rw-p 00000000 00:00 0 
7c10a8b83000-7c10ac000000 ---p 00000000 00:00 0 
7c10ac000000-7c10ac021000 rw-p 00000000 00:00 0 
7c10ac021000-7c10b0000000 ---p 00000000 00:00 0 
7c10b0000000-7c10b0021000 rw-p 00000000 00:00 0 
7c10b0021000-7c10b4000000 ---p 00000000 00:00 0 
7c10b4000000-7c10b4021000 rw-p 00000000 00:00 0 
7c10b4021000-7c10b8000000 ---p 00000000 00:00 0 
7c10b8000000-7c10b8021000 rw-p 00000000 00:00 0 
7c10b8021000-7c10bc000000 ---p 00000000 00:00 0 
7c10bc000000-7c10bc021000 rw-p 00000000 00:00 0 
7c10bc021000-7c10c0000000 ---p 00000000 00:00 0 
7c10c0000000-7c10c0021000 rw-p 00000000 00:00 0 
7c10c0021000-7c10c4000000 ---p 00000000 00:00 0 
7c10c4000000-7c10c403a000 rw-p 00000000 00:00 0 
7c10c403a000-7c10c8000000 ---p 00000000 00:00 0 
7c10c8000000-7c10c8004000 ---p 00000000 00:00 0 
7c10c8004000-7c10c8100000 rw-p 00000000 00:00 0 
7c10c8100000-7c10c8104000 ---p 00000000 00:00 0 
7c10c8104000-7c10c8200000 rw-p 00000000 00:00 0 
7c10c8200000-7c10c8204000 ---p 00000000 00:00 0 
7c10c8204000-7c10c8300000 rw-p 00000000 00:00 0 
7c10c8300000-7c10c8304000 ---p 00000000 00:00 0 
7c10c8304000-7c10c8400000 rw-p 00000000 00:00 0 
7c10c8400000-7c10c8404000 ---p 00000000 00:00 0 
7c10c8404000-7c10c8500000 rw-p 00000000 00:00 0 
7c10c9168000-7c10c9600000 rw-p 00000000 00:00 0 
7c10c9646000-7c10c9647000 ---p 00000000 00:00 0 
7c10c9647000-7c10c9748000 rw-p 00000000 00:00 0 
7c10c9748000-7c10c974c000 ---p 00000000 00:00 0 
7c10c974c000-7c10c9848000 rw-p 00000000 00:00 0 
7c10c9848000-7c10c984c000 ---p 00000000 00:00 0 
7c10c984c000-7c10c9948000 rw-p 00000000 00:00 0 
7c10c9948000-7c10c994c000 ---p 00000000 00:00 0 
7c10c994c000-7c10c9a48000 rw-p 00000000 00:00 0 
7c10c9a48000-7c10c9a4c000 ---p 00000000 00:00 0 
7c10c9a4c000-7c10c9c48000 rw-p 00000000 00:00 0 
7c10c9c48000-7c10c9c4c000 ---p 00000000 00:00 0 
7c10c9c4c000-7c10c9e48000 rw-p 00000000 00:00 0 
7c10c9e48000-7c10c9e4c000 ---p 00000000 00:00 0 
7c10c9e4c000-7c10c9f48000 rw-p 00000000 00:00 0 
7c10c9f48000-7c10c9f4c000 ---p 00000000 00:00 0 
7c10c9f4c000-7c10ca048000 rw-p 00000000 00:00 0 
7c10ca048000-7c10ca04c000 ---p 00000000 00:00 0 
7c10ca04c000-7c10ca148000 rw-p 00000000 00:00 0 
7c10ca148000-7c10ca42e000 r--p 00000000 08:01 1075481                    /usr/lib/locale/locale-archive
7c10ca42e000-7c10ca432000 ---p 00000000 00:00 0 
7c10ca432000-7c10ca52e000 rw-p 00000000 00:00 0 
7c10ca52e000-7c10ca532000 ---p 00000000 00:00 0 
7c10ca532000-7c10ca62e000 rw-p 00000000 00:00 0 
7c10ca62e000-7c10ca62f000 ---p 00000000 00:00 0 
7c10ca62f000-7c10ca730000 rw-p 00000000 00:00 0 
7c10ca730000-7c10ca7fe000 r-xp 00000000 08:10 707802132                  /nix/store/gpxl5qgg8kicmcvivwmybwjlpf7wh20l-graalvm17-ce-22.3.0/lib/libjsvml.so
7c10ca7fe000-7c10ca7ff000 r--p 000cd000 08:10 707802132                  /nix/store/gpxl5qgg8kicmcvivwmybwjlpf7wh20l-graalvm17-ce-22.3.0/lib/libjsvml.so
7c10ca7ff000-7c10ca800000 rw-p 000ce000 08:10 707802132                  /nix/store/gpxl5qgg8kicmcvivwmybwjlpf7wh20l-graalvm17-ce-22.3.0/lib/libjsvml.so
7c10ca800000-7c10cabf0000 rw-p 00000000 00:00 0 
7c10cabf0000-7c10caeb0000 rw-p 00000000 00:00 0 
7c10caeb0000-7c10caef0000 rw-p 00000000 00:00 0 
7c10caef0000-7c10cb000000 rw-p 00000000 00:00 0 
7c10cb072000-7c10cb076000 ---p 00000000 00:00 0 
7c10cb076000-7c10cb094000 rw-p 00000000 00:00 0 
7c10cb094000-7c10cb0a9000 r-xp 00000000 08:10 707804666                  /nix/store/gpxl5qgg8kicmcvivwmybwjlpf7wh20l-graalvm17-ce-22.3.0/lib/libnet.so
7c10cb0a9000-7c10cb0aa000 ---p 00015000 08:10 707804666                  /nix/store/gpxl5qgg8kicmcvivwmybwjlpf7wh20l-graalvm17-ce-22.3.0/lib/libnet.so
7c10cb0aa000-7c10cb0ab000 r--p 00015000 08:10 707804666                  /nix/store/gpxl5qgg8kicmcvivwmybwjlpf7wh20l-graalvm17-ce-22.3.0/lib/libnet.so
7c10cb0ab000-7c10cb0ac000 rw-p 00016000 08:10 707804666                  /nix/store/gpxl5qgg8kicmcvivwmybwjlpf7wh20l-graalvm17-ce-22.3.0/lib/libnet.so
7c10cb0ac000-7c10cb0af000 rw-p 0001b000 08:10 707804666                  /nix/store/gpxl5qgg8kicmcvivwmybwjlpf7wh20l-graalvm17-ce-22.3.0/lib/libnet.so
7c10cb0af000-7c10cb4b3000 rw-p 00000000 00:00 0 
7c10cb4b3000-7c10cb723000 rwxp 00000000 00:00 0 
7c10cb723000-7c10cba42000 ---p 00000000 00:00 0 
7c10cba42000-7c10ccae2000 rwxp 00000000 00:00 0 
7c10ccae2000-7c10d2f7a000 ---p 00000000 00:00 0 
7c10d2f7a000-7c10d322a000 rwxp 00000000 00:00 0 
7c10d322a000-7c10da4b3000 ---p 00000000 00:00 0 
7c10da4b3000-7c10e4000000 r--s 00000000 08:10 707804677                  /nix/store/gpxl5qgg8kicmcvivwmybwjlpf7wh20l-graalvm17-ce-22.3.0/lib/modules
7c10e4000000-7c10e4420000 rw-p 00000000 00:00 0 
7c10e4420000-7c10e8000000 ---p 00000000 00:00 0 
7c10e8000000-7c10e8002000 r-xp 00000000 08:10 707802113                  /nix/store/gpxl5qgg8kicmcvivwmybwjlpf7wh20l-graalvm17-ce-22.3.0/lib/libextnet.so
7c10e8002000-7c10e8003000 r--p 00001000 08:10 707802113                  /nix/store/gpxl5qgg8kicmcvivwmybwjlpf7wh20l-graalvm17-ce-22.3.0/lib/libextnet.so
7c10e8003000-7c10e8004000 rw-p 00002000 08:10 707802113                  /nix/store/gpxl5qgg8kicmcvivwmybwjlpf7wh20l-graalvm17-ce-22.3.0/lib/libextnet.so
7c10e8004000-7c10e8005000 rw-p 00004000 08:10 707802113                  /nix/store/gpxl5qgg8kicmcvivwmybwjlpf7wh20l-graalvm17-ce-22.3.0/lib/libextnet.so
7c10e8005000-7c10e800c000 r-xp 00000000 08:10 707804676                  /nix/store/gpxl5qgg8kicmcvivwmybwjlpf7wh20l-graalvm17-ce-22.3.0/lib/libzip.so
7c10e800c000-7c10e800d000 ---p 00007000 08:10 707804676                  /nix/store/gpxl5qgg8kicmcvivwmybwjlpf7wh20l-graalvm17-ce-22.3.0/lib/libzip.so
7c10e800d000-7c10e800e000 r--p 00007000 08:10 707804676                  /nix/store/gpxl5qgg8kicmcvivwmybwjlpf7wh20l-graalvm17-ce-22.3.0/lib/libzip.so
7c10e800e000-7c10e800f000 rw-p 00008000 08:10 707804676                  /nix/store/gpxl5qgg8kicmcvivwmybwjlpf7wh20l-graalvm17-ce-22.3.0/lib/libzip.so
7c10e800f000-7c10e8011000 rw-p 0000b000 08:10 707804676                  /nix/store/gpxl5qgg8kicmcvivwmybwjlpf7wh20l-graalvm17-ce-22.3.0/lib/libzip.so
7c10e8011000-7c10e8024000 r-xp 00000000 08:10 707804667                  /nix/store/gpxl5qgg8kicmcvivwmybwjlpf7wh20l-graalvm17-ce-22.3.0/lib/libnio.so
7c10e8024000-7c10e8025000 r--p 00012000 08:10 707804667                  /nix/store/gpxl5qgg8kicmcvivwmybwjlpf7wh20l-graalvm17-ce-22.3.0/lib/libnio.so
7c10e8025000-7c10e8026000 rw-p 00013000 08:10 707804667                  /nix/store/gpxl5qgg8kicmcvivwmybwjlpf7wh20l-graalvm17-ce-22.3.0/lib/libnio.so
7c10e8026000-7c10e802b000 rw-p 00019000 08:10 707804667                  /nix/store/gpxl5qgg8kicmcvivwmybwjlpf7wh20l-graalvm17-ce-22.3.0/lib/libnio.so
7c10e802b000-7c10e9802000 rw-p 00000000 00:00 0 
7c10e9802000-7c10e9803000 ---p 00000000 00:00 0 
7c10e9803000-7c10e99ad000 rw-p 00000000 00:00 0 
7c10e99ad000-7c10e99ed000 rw-p 00000000 00:00 0 
7c10e99ed000-7c10e9a04000 ---p 00000000 00:00 0 
7c10e9a04000-7c10e9a0b000 rw-p 00000000 00:00 0 
7c10e9a0b000-7c10e9af0000 ---p 00000000 00:00 0 
7c10e9af0000-7c10e9b12000 rw-p 00000000 00:00 0 
7c10e9b12000-7c10e9bdb000 ---p 00000000 00:00 0 
7c10e9bdb000-7c10e9be0000 rw-p 00000000 00:00 0 
7c10e9be0000-7c10e9be7000 ---p 00000000 00:00 0 
7c10e9be7000-7c10e9c0b000 r-xp 00000000 08:10 707802124                  /nix/store/gpxl5qgg8kicmcvivwmybwjlpf7wh20l-graalvm17-ce-22.3.0/lib/libjava.so
7c10e9c0b000-7c10e9c0c000 ---p 00024000 08:10 707802124                  /nix/store/gpxl5qgg8kicmcvivwmybwjlpf7wh20l-graalvm17-ce-22.3.0/lib/libjava.so
7c10e9c0c000-7c10e9c0d000 r--p 00024000 08:10 707802124                  /nix/store/gpxl5qgg8kicmcvivwmybwjlpf7wh20l-graalvm17-ce-22.3.0/lib/libjava.so
7c10e9c0d000-7c10e9c0e000 rw-p 00025000 08:10 707802124                  /nix/store/gpxl5qgg8kicmcvivwmybwjlpf7wh20l-graalvm17-ce-22.3.0/lib/libjava.so
7c10e9c0e000-7c10e9c0f000 rw-p 00000000 00:00 0 
7c10e9c0f000-7c10e9c16000 rw-p 0002f000 08:10 707802124                  /nix/store/gpxl5qgg8kicmcvivwmybwjlpf7wh20l-graalvm17-ce-22.3.0/lib/libjava.so
7c10e9c16000-7c10e9c1e000 rw-s 00000000 00:ee3 368                       /tmp/hsperfdata_runner/28
7c10e9c1e000-7c10e9c1f000 ---p 00000000 00:00 0 
7c10e9c1f000-7c10e9c20000 r--p 00000000 00:00 0 
7c10e9c20000-7c10e9c21000 rwxp 00000000 00:00 0 
7c10e9c21000-7c10e9c3c000 r-xp 00000000 08:10 707802128                  /nix/store/gpxl5qgg8kicmcvivwmybwjlpf7wh20l-graalvm17-ce-22.3.0/lib/libjimage.so
7c10e9c3c000-7c10e9c3d000 ---p 0001b000 08:10 707802128                  /nix/store/gpxl5qgg8kicmcvivwmybwjlpf7wh20l-graalvm17-ce-22.3.0/lib/libjimage.so
7c10e9c3d000-7c10e9c3f000 r--p 0001b000 08:10 707802128                  /nix/store/gpxl5qgg8kicmcvivwmybwjlpf7wh20l-graalvm17-ce-22.3.0/lib/libjimage.so
7c10e9c3f000-7c10e9c40000 rw-p 0001d000 08:10 707802128                  /nix/store/gpxl5qgg8kicmcvivwmybwjlpf7wh20l-graalvm17-ce-22.3.0/lib/libjimage.so
7c10e9c40000-7c10e9c41000 rw-p 00024000 08:10 707802128                  /nix/store/gpxl5qgg8kicmcvivwmybwjlpf7wh20l-graalvm17-ce-22.3.0/lib/libjimage.so
7c10e9c41000-7c10e9c45000 ---p 00000000 00:00 0 
7c10e9c45000-7c10e9d41000 rw-p 00000000 00:00 0 
7c10e9d41000-7c10e9d4f000 r--p 00000000 08:10 600592023                  /nix/store/4nlgxhb09sdr51nc9hdm8az5b08vzkgx-glibc-2.35-163/lib/libm.so.6
7c10e9d4f000-7c10e9dc2000 r-xp 0000e000 08:10 600592023                  /nix/store/4nlgxhb09sdr51nc9hdm8az5b08vzkgx-glibc-2.35-163/lib/libm.so.6
7c10e9dc2000-7c10e9e1f000 r--p 00081000 08:10 600592023                  /nix/store/4nlgxhb09sdr51nc9hdm8az5b08vzkgx-glibc-2.35-163/lib/libm.so.6
7c10e9e1f000-7c10e9e20000 r--p 000dd000 08:10 600592023                  /nix/store/4nlgxhb09sdr51nc9hdm8az5b08vzkgx-glibc-2.35-163/lib/libm.so.6
7c10e9e20000-7c10e9e21000 rw-p 000de000 08:10 600592023                  /nix/store/4nlgxhb09sdr51nc9hdm8az5b08vzkgx-glibc-2.35-163/lib/libm.so.6
7c10e9e21000-7c10e9e22000 r--p 00000000 08:10 600592042                  /nix/store/4nlgxhb09sdr51nc9hdm8az5b08vzkgx-glibc-2.35-163/lib/librt.so.1
7c10e9e22000-7c10e9e23000 r-xp 00001000 08:10 600592042                  /nix/store/4nlgxhb09sdr51nc9hdm8az5b08vzkgx-glibc-2.35-163/lib/librt.so.1
7c10e9e23000-7c10e9e24000 r--p 00002000 08:10 600592042                  /nix/store/4nlgxhb09sdr51nc9hdm8az5b08vzkgx-glibc-2.35-163/lib/librt.so.1
7c10e9e24000-7c10e9e25000 r--p 00002000 08:10 600592042                  /nix/store/4nlgxhb09sdr51nc9hdm8az5b08vzkgx-glibc-2.35-163/lib/librt.so.1
7c10e9e25000-7c10e9e26000 rw-p 00003000 08:10 600592042                  /nix/store/4nlgxhb09sdr51nc9hdm8az5b08vzkgx-glibc-2.35-163/lib/librt.so.1
7c10e9e26000-7c10eaf39000 r-xp 00000000 08:10 707972962                  /nix/store/gpxl5qgg8kicmcvivwmybwjlpf7wh20l-graalvm17-ce-22.3.0/lib/server/libjvm.so
7c10eaf39000-7c10eaf3a000 ---p 01113000 08:10 707972962                  /nix/store/gpxl5qgg8kicmcvivwmybwjlpf7wh20l-graalvm17-ce-22.3.0/lib/server/libjvm.so
7c10eaf3a000-7c10eafef000 r--p 01113000 08:10 707972962                  /nix/store/gpxl5qgg8kicmcvivwmybwjlpf7wh20l-graalvm17-ce-22.3.0/lib/server/libjvm.so
7c10eafef000-7c10eb023000 rw-p 011c8000 08:10 707972962                  /nix/store/gpxl5qgg8kicmcvivwmybwjlpf7wh20l-graalvm17-ce-22.3.0/lib/server/libjvm.so
7c10eb023000-7c10eb07f000 rw-p 00000000 00:00 0 
7c10eb07f000-7c10eb0a7000 r--p 00000000 08:10 600592014                  /nix/store/4nlgxhb09sdr51nc9hdm8az5b08vzkgx-glibc-2.35-163/lib/libc.so.6
7c10eb0a7000-7c10eb21d000 r-xp 00028000 08:10 600592014                  /nix/store/4nlgxhb09sdr51nc9hdm8az5b08vzkgx-glibc-2.35-163/lib/libc.so.6
7c10eb21d000-7c10eb275000 r--p 0019e000 08:10 600592014                  /nix/store/4nlgxhb09sdr51nc9hdm8az5b08vzkgx-glibc-2.35-163/lib/libc.so.6
7c10eb275000-7c10eb279000 r--p 001f6000 08:10 600592014                  /nix/store/4nlgxhb09sdr51nc9hdm8az5b08vzkgx-glibc-2.35-163/lib/libc.so.6
7c10eb279000-7c10eb27b000 rw-p 001fa000 08:10 600592014                  /nix/store/4nlgxhb09sdr51nc9hdm8az5b08vzkgx-glibc-2.35-163/lib/libc.so.6
7c10eb27b000-7c10eb28a000 rw-p 00000000 00:00 0 
7c10eb28a000-7c10eb28b000 r--p 00000000 08:10 600592019                  /nix/store/4nlgxhb09sdr51nc9hdm8az5b08vzkgx-glibc-2.35-163/lib/libdl.so.2
7c10eb28b000-7c10eb28c000 r-xp 00001000 08:10 600592019                  /nix/store/4nlgxhb09sdr51nc9hdm8az5b08vzkgx-glibc-2.35-163/lib/libdl.so.2
7c10eb28c000-7c10eb28d000 r--p 00002000 08:10 600592019                  /nix/store/4nlgxhb09sdr51nc9hdm8az5b08vzkgx-glibc-2.35-163/lib/libdl.so.2
7c10eb28d000-7c10eb28e000 r--p 00002000 08:10 600592019                  /nix/store/4nlgxhb09sdr51nc9hdm8az5b08vzkgx-glibc-2.35-163/lib/libdl.so.2
7c10eb28e000-7c10eb28f000 rw-p 00003000 08:10 600592019                  /nix/store/4nlgxhb09sdr51nc9hdm8az5b08vzkgx-glibc-2.35-163/lib/libdl.so.2
7c10eb28f000-7c10eb290000 r--p 00000000 08:10 600592038                  /nix/store/4nlgxhb09sdr51nc9hdm8az5b08vzkgx-glibc-2.35-163/lib/libpthread.so.0
7c10eb290000-7c10eb291000 r-xp 00001000 08:10 600592038                  /nix/store/4nlgxhb09sdr51nc9hdm8az5b08vzkgx-glibc-2.35-163/lib/libpthread.so.0
7c10eb291000-7c10eb292000 r--p 00002000 08:10 600592038                  /nix/store/4nlgxhb09sdr51nc9hdm8az5b08vzkgx-glibc-2.35-163/lib/libpthread.so.0
7c10eb292000-7c10eb293000 r--p 00002000 08:10 600592038                  /nix/store/4nlgxhb09sdr51nc9hdm8az5b08vzkgx-glibc-2.35-163/lib/libpthread.so.0
7c10eb293000-7c10eb294000 rw-p 00003000 08:10 600592038                  /nix/store/4nlgxhb09sdr51nc9hdm8az5b08vzkgx-glibc-2.35-163/lib/libpthread.so.0
7c10eb294000-7c10eb2a2000 r-xp 00000000 08:10 707802129                  /nix/store/gpxl5qgg8kicmcvivwmybwjlpf7wh20l-graalvm17-ce-22.3.0/lib/libjli.so
7c10eb2a2000-7c10eb2a3000 ---p 0000e000 08:10 707802129                  /nix/store/gpxl5qgg8kicmcvivwmybwjlpf7wh20l-graalvm17-ce-22.3.0/lib/libjli.so
7c10eb2a3000-7c10eb2a4000 r--p 0000e000 08:10 707802129                  /nix/store/gpxl5qgg8kicmcvivwmybwjlpf7wh20l-graalvm17-ce-22.3.0/lib/libjli.so
7c10eb2a4000-7c10eb2a5000 rw-p 0000f000 08:10 707802129                  /nix/store/gpxl5qgg8kicmcvivwmybwjlpf7wh20l-graalvm17-ce-22.3.0/lib/libjli.so
7c10eb2a5000-7c10eb2a6000 rw-p 00012000 08:10 707802129                  /nix/store/gpxl5qgg8kicmcvivwmybwjlpf7wh20l-graalvm17-ce-22.3.0/lib/libjli.so
7c10eb2a6000-7c10eb2a9000 r--p 00000000 08:10 678822167                  /nix/store/026hln0aq1hyshaxsdvhg0kmcm6yf45r-zlib-1.2.13/lib/libz.so.1.2.13
7c10eb2a9000-7c10eb2bb000 r-xp 00003000 08:10 678822167                  /nix/store/026hln0aq1hyshaxsdvhg0kmcm6yf45r-zlib-1.2.13/lib/libz.so.1.2.13
7c10eb2bb000-7c10eb2c2000 r--p 00015000 08:10 678822167                  /nix/store/026hln0aq1hyshaxsdvhg0kmcm6yf45r-zlib-1.2.13/lib/libz.so.1.2.13
7c10eb2c2000-7c10eb2c3000 r--p 0001b000 08:10 678822167                  /nix/store/026hln0aq1hyshaxsdvhg0kmcm6yf45r-zlib-1.2.13/lib/libz.so.1.2.13
7c10eb2c3000-7c10eb2c4000 rw-p 0001c000 08:10 678822167                  /nix/store/026hln0aq1hyshaxsdvhg0kmcm6yf45r-zlib-1.2.13/lib/libz.so.1.2.13
7c10eb2c4000-7c10eb2c6000 rw-p 00000000 00:00 0 
7c10eb2c6000-7c10eb2c8000 r--p 00000000 08:10 600592008                  /nix/store/4nlgxhb09sdr51nc9hdm8az5b08vzkgx-glibc-2.35-163/lib/ld-linux-x86-64.so.2
7c10eb2c8000-7c10eb2ef000 r-xp 00002000 08:10 600592008                  /nix/store/4nlgxhb09sdr51nc9hdm8az5b08vzkgx-glibc-2.35-163/lib/ld-linux-x86-64.so.2
7c10eb2ef000-7c10eb2fb000 r--p 00029000 08:10 600592008                  /nix/store/4nlgxhb09sdr51nc9hdm8az5b08vzkgx-glibc-2.35-163/lib/ld-linux-x86-64.so.2
7c10eb2fb000-7c10eb2fd000 r--p 00034000 08:10 600592008                  /nix/store/4nlgxhb09sdr51nc9hdm8az5b08vzkgx-glibc-2.35-163/lib/ld-linux-x86-64.so.2
7c10eb2fd000-7c10eb2ff000 rw-p 00036000 08:10 600592008                  /nix/store/4nlgxhb09sdr51nc9hdm8az5b08vzkgx-glibc-2.35-163/lib/ld-linux-x86-64.so.2
7ffcea067000-7ffcea08b000 rw-p 00000000 00:00 0                          [stack]
7ffcea0f3000-7ffcea0f7000 r--p 00000000 00:00 0                          [vvar]
7ffcea0f7000-7ffcea0f9000 r-xp 00000000 00:00 0                          [vdso]
ffffffffff600000-ffffffffff601000 --xp 00000000 00:00 0                  [vsyscall]


VM Arguments:
jvm_args: -XX:ThreadPriorityPolicy=1 -XX:+UnlockExperimentalVMOptions -XX:+EnableJVMCIProduct -XX:JVMCIThreadsPerNativeLibraryRuntime=1 -XX:-UnlockExperimentalVMOptions -Declipse.application=org.eclipse.jdt.ls.core.id1 -Dosgi.bundles.defaultStartLevel=4 -Declipse.product=org.eclipse.jdt.ls.core.product -Dlog.level=ALL -Xverify:none -XX:+UseParallelGC -XX:GCTimeRatio=4 -XX:AdaptiveSizePolicyWeight=90 -Dsun.zip.disableMemoryMapping=true -Xmx512m -Xms100m 
java_command: /nix/store/q9712qvwdh22a4krw4jz2sjrz07mvjbl-jdt-language-server-1.9.0/share/java/plugins/org.eclipse.equinox.launcher_1.6.400.v20210924-0641.jar --add-modules=ALL-SYSTEM --add-opens java.base/java.util=ALL-UNNAMED --add-opens java.base/java.lang=ALL-UNNAMED -configuration /home/runner/Final-Project-Code-Space-CS3HonorsLabsfo-20/.cache/jdt-language-server/config -data /home/runner/.cache/jdt-language-server/data/home/runner/Final-Project-Code-Space-CS3HonorsLabsfo-20
java_class_path (initial): /nix/store/q9712qvwdh22a4krw4jz2sjrz07mvjbl-jdt-language-server-1.9.0/share/java/plugins/org.eclipse.equinox.launcher_1.6.400.v20210924-0641.jar
Launcher Type: SUN_STANDARD

[Global flags]
    uintx AdaptiveSizePolicyWeight                 = 90                                        {product} {command line}
     intx CICompilerCount                          = 2                                         {product} {ergonomic}
     bool EnableJVMCIProduct                       = true                                {JVMCI product} {jimage}
    uintx GCTimeRatio                              = 4                                         {product} {command line}
   size_t InitialHeapSize                          = 104857600                                 {product} {command line}
     uint JVMCIThreadsPerNativeLibraryRuntime      = 1                                   {JVMCI product} {jimage}
   size_t MaxHeapSize                              = 536870912                                 {product} {command line}
   size_t MaxNewSize                               = 178782208                                 {product} {ergonomic}
   size_t MinHeapDeltaBytes                        = 524288                                    {product} {ergonomic}
   size_t MinHeapSize                              = 104857600                                 {product} {command line}
   size_t NewSize                                  = 34603008                                  {product} {ergonomic}
    uintx NonNMethodCodeHeapSize                   = 5826188                                {pd product} {ergonomic}
    uintx NonProfiledCodeHeapSize                  = 122916026                              {pd product} {ergonomic}
   size_t OldSize                                  = 70254592                                  {product} {ergonomic}
    uintx ProfiledCodeHeapSize                     = 122916026                              {pd product} {ergonomic}
    uintx ReservedCodeCacheSize                    = 251658240                              {pd product} {ergonomic}
     bool SegmentedCodeCache                       = true                                      {product} {ergonomic}
   size_t SoftMaxHeapSize                          = 536870912                              {manageable} {ergonomic}
     intx ThreadPriorityPolicy                     = 1                                         {product} {jimage}
     bool UseCompressedClassPointers               = true                           {product lp64_product} {ergonomic}
     bool UseCompressedOops                        = true                           {product lp64_product} {ergonomic}
     bool UseParallelGC                            = true                                      {product} {command line}

Logging:
Log output configuration:
 #0: stdout all=warning uptime,level,tags
 #1: stderr all=off uptime,level,tags

Environment Variables:
JAVA_HOME=/nix/store/gpxl5qgg8kicmcvivwmybwjlpf7wh20l-graalvm17-ce-22.3.0
PATH=/nix/store/1d6ian3r8kdzspw8hacjhl3xkp40g1lj-binutils-wrapper-2.39/bin:/nix/store/dq0xwmsk1g0i2ayg6pb7y87na2knzylh-gcc-wrapper-11.3.0/bin:/nix/store/bap4d0lpcrhpwmpb8ayjcgkmvfj62lnq-bash-interactive-5.1-p16/bin:/nix/store/pr5n59mb4jzmfx6kanwxly0l07p861fg-patchelf-0.15.0/bin:/nix/store/1gf2flfqnpqbr1b4p4qz2f72y42bs56r-gcc-11.3.0/bin:/nix/store/57xv61c5zi8pphjbcwxxjlgc34p61ic9-glibc-2.35-163-bin/bin:/nix/store/a7gvj343m05j2s32xcnwr35v31ynlypr-coreutils-9.1/bin:/nix/store/039g378vc3pc3dvi9dzdlrd0i4q93qwf-binutils-2.39/bin:/nix/store/gpxl5qgg8kicmcvivwmybwjlpf7wh20l-graalvm17-ce-22.3.0/bin:/nix/store/6z9ag3ihc8mq2hzsw48lhbznvzny65nz-apache-maven-3.8.6/bin:/nix/store/q9712qvwdh22a4krw4jz2sjrz07mvjbl-jdt-language-server-1.9.0/bin:/nix/store/9zdrgm97n766nc0kj11x4xvvp00qlfk9-java-debug/bin:/nix/store/18y8p4mjwjy26npih04hfv48wz9czgk3-attr-2.5.1-bin/bin:/nix/store/q8s1kzhsblr2a1p2g0lh2dkcgca1im3z-libcap-2.66/bin:/nix/store/bvihhgw8bh6cqqlj0d4s8cvmm4mqmzfc-pulseaudio-16.1/bin:/nix/store/mydc6f4k2z73xlcz7ilif3v2lcaiqvza-findutils-4.9.0/bin:/nix/store/j9p3g8472iijd50vhdprx0nmk2fqn5gv-diffutils-3.8/bin:/nix/store/89zs7rms6x00xfq4dq6m7mjnhkr8a6r4-gnused-4.8/bin:/nix/store/86bp03jkmsl6f92w0yzg4s59g5mhxwmy-gnugrep-3.7/bin:/nix/store/hwcdqw4jrjnd37wxqgsd47hd0j8bnj09-gawk-5.1.1/bin:/nix/store/cfbhw8r8ags41vwqaz47r583d0p4h4a1-gnutar-1.34/bin:/nix/store/p3m1ndl1lapwrlh698bnb5lvvxh67378-gzip-1.12/bin:/nix/store/a8mhcagrsly7c7mpjrpsnaahk4aax056-bzip2-1.0.8-bin/bin:/nix/store/mblgz65m3zv9x548a3d5m96fj2pbwr09-gnumake-4.3/bin:/nix/store/dsd5gz46hdbdk2rfdimqddhq6m8m8fqs-bash-5.1-p16/bin:/nix/store/v7ljksji50mg3w61dykaa3n3y79n6nil-patch-2.7.6/bin:/nix/store/zlcnmqq14jz5x9439jf937mvayyl63da-xz-5.2.7-bin/bin:/nix/store/y6aj732zm9m87c82fpvf103a1xb22blp-file-5.43/bin:/nix/store/hd44lw385qj22l3b1gv56wwzgw8dj6sm-pid1/bin:/nix/store/ccn8kcg6kbgcpfr2n6phz24wlmw9dkvq-replit-runtime-path/bin:/home/runner/.nix-profile/bin:/home/runner/.local/bin:/usr/local/sbin:/usr/local/bin:/usr/sbin:/usr/bin:/sbin:/b
LD_LIBRARY_PATH=/nix/store/a4pff549sk2idnkpzk5nsfps3mdkdnvm-cups-2.4.2-lib/lib:/nix/store/72mqxxhh3cy5yifh92wh2yb8cl2hikyy-cairo-1.16.0/lib:/nix/store/2k366jrbsra97gjfxwvrhvixjfxdach5-glib-2.74.1/lib:/nix/store/2j2znigd8ak37rlwh9khz0ry3clqlw1l-gtk+3-3.24.34/lib
DISPLAY=:0
LANG=en_US.UTF-8

Signal Handlers:
   SIGSEGV: crash_handler in libjvm.so, mask=11100100010111111101111111111110, flags=SA_RESTART|SA_SIGINFO
    SIGBUS: crash_handler in libjvm.so, mask=11100100010111111101111111111110, flags=SA_RESTART|SA_SIGINFO
    SIGFPE: crash_handler in libjvm.so, mask=11100100010111111101111111111110, flags=SA_RESTART|SA_SIGINFO
   SIGPIPE: IsolateEnterStub_IgnoreSIGPIPEStartupHook_noopSignalHandler_8f19bff2f35b5f630d83b364d6b2339320d4ec70_216e8361c6bc87a8f89f58cc10d3b2fd4415bf87 in libjvmcicompiler.so, mask=00000000000000000000000000000000, flags=SA_RESTART
  *** Handler was modified!
  *** Expected: javaSignalHandler in libjvm.so, mask=11100100110111111111111111111110, flags=SA_RESTART|SA_SIGINFO
   SIGXFSZ: javaSignalHandler in libjvm.so, mask=11100100010111111101111111111110, flags=SA_RESTART|SA_SIGINFO
    SIGILL: crash_handler in libjvm.so, mask=11100100010111111101111111111110, flags=SA_RESTART|SA_SIGINFO
   SIGUSR2: SR_handler in libjvm.so, mask=00000000000000000000000000000000, flags=SA_RESTART|SA_SIGINFO
    SIGHUP: UserHandler in libjvm.so, mask=11100100010111111101111111111110, flags=SA_RESTART|SA_SIGINFO
    SIGINT: UserHandler in libjvm.so, mask=11100100010111111101111111111110, flags=SA_RESTART|SA_SIGINFO
   SIGTERM: UserHandler in libjvm.so, mask=11100100010111111101111111111110, flags=SA_RESTART|SA_SIGINFO
   SIGQUIT: UserHandler in libjvm.so, mask=11100100010111111101111111111110, flags=SA_RESTART|SA_SIGINFO
  *** Handler was modified!
  *** Expected: javaSignalHandler in libjvm.so, mask=11100100110111111111111111111110, flags=SA_RESTART|SA_SIGINFO
   SIGTRAP: crash_handler in libjvm.so, mask=11100100010111111101111111111110, flags=SA_RESTART|SA_SIGINFO


---------------  S Y S T E M  ---------------

OS:
DISTRIB_ID=Ubuntu
DISTRIB_RELEASE=20.04
DISTRIB_CODENAME=focal
DISTRIB_DESCRIPTION="Ubuntu 20.04.2 LTS"
uname: Linux 6.5.0-1018-gcp #18~22.04.1-Ubuntu SMP Fri Apr  5 04:57:38 UTC 2024 x86_64
OS uptime: 1 days 2:11 hours
libc: glibc 2.35 NPTL 2.35 
rlimit (soft/hard): STACK 8192k/infinity , CORE infinity/infinity , NPROC infinity/infinity , NOFILE 20971/20971 , AS infinity/infinity , CPU infinity/infinity , DATA infinity/infinity , FSIZE infinity/infinity , MEMLOCK 8192k/8192k
load average: 16.40 16.68 14.87

/proc/meminfo:
MemTotal:       65835408 kB
MemFree:        29048264 kB
MemAvailable:   38010128 kB
Buffers:          249776 kB
Cached:          8329916 kB
SwapCached:            0 kB
Active:         20309888 kB
Inactive:       13745324 kB
Active(anon):   17747980 kB
Inactive(anon):  7676668 kB
Active(file):    2561908 kB
Inactive(file):  6068656 kB
Unevictable:       28684 kB
Mlocked:           28684 kB
SwapTotal:             0 kB
SwapFree:              0 kB
Zswap:                 0 kB
Zswapped:              0 kB
Dirty:              3916 kB
Writeback:            12 kB
AnonPages:      25305180 kB
Mapped:          2116160 kB
Shmem:             92488 kB
KReclaimable:    1057752 kB
Slab:            1750296 kB
SReclaimable:    1057752 kB
SUnreclaim:       692544 kB
KernelStack:      175868 kB
PageTables:       357296 kB
SecPageTables:         0 kB
NFS_Unstable:          0 kB
Bounce:                0 kB
WritebackTmp:          0 kB
CommitLimit:    32917704 kB
Committed_AS:   68158800 kB
VmallocTotal:   34359738367 kB
VmallocUsed:      210720 kB
VmallocChunk:          0 kB
Percpu:            68384 kB
HardwareCorrupted:     0 kB
AnonHugePages:    219136 kB
ShmemHugePages:        0 kB
ShmemPmdMapped:        0 kB
FileHugePages:         0 kB
FilePmdMapped:         0 kB
Unaccepted:            0 kB
HugePages_Total:       0
HugePages_Free:        0
HugePages_Rsvd:        0
HugePages_Surp:        0
Hugepagesize:       2048 kB
Hugetlb:               0 kB
DirectMap4k:      140088 kB
DirectMap2M:     9293824 kB
DirectMap1G:    59768832 kB

/sys/kernel/mm/transparent_hugepage/enabled: always [madvise] never
/sys/kernel/mm/transparent_hugepage/defrag (defrag/compaction efforts parameter): always defer defer+madvise [madvise] never

Process Memory:
Virtual Size: 4791952K (peak: 4852560K)
Resident Set Size: 798960K (peak: 864392K) (anon: 600796K, file: 198164K, shmem: 0K)
Swapped out: 0K
C-Heap outstanding allocations: 43494K, retained: 13621K
glibc malloc tunables: (default)

/proc/sys/kernel/threads-max (system-wide limit on the number of threads): 514277
/proc/sys/vm/max_map_count (maximum number of memory map areas a process may have): 65530
/proc/sys/kernel/pid_max (system-wide limit on number of process identifiers): 4194304

container (cgroup) information:
container_type: cgroupv2
cpu_cpuset_cpus: not supported
cpu_memory_nodes: not supported
active_processor_count: 2
cpu_quota: 200000
cpu_period: 100000
cpu_shares: no shares
memory_limit_in_bytes: 3292528 k
memory_and_swap_limit_in_bytes: unlimited
memory_soft_limit_in_bytes: 2097152 k
memory_usage_in_bytes: 785580 k
memory_max_usage_in_bytes: not supported
maximum number of tasks: 1020
current number of tasks: 52

KVM virtualization detected
Steal ticks since vm start: 699
Steal ticks percentage since vm start:  0.001

CPU: total 8 (initial active 2) (8 cores per cpu, 2 threads per core) family 23 model 49 stepping 0 microcode 0xffffffff, cx8, cmov, fxsr, ht, mmx, 3dnowpref, sse, sse2, sse3, ssse3, sse4a, sse4.1, sse4.2, popcnt, lzcnt, tsc, tscinvbit, avx, avx2, aes, clmul, bmi1, bmi2, adx, sha, fma, vzeroupper, clflush, clflushopt, hv
CPU Model and flags from /proc/cpuinfo:
model name	: AMD EPYC 7B12
flags		: fpu vme de pse tsc msr pae mce cx8 apic sep mtrr pge mca cmov pat pse36 clflush mmx fxsr sse sse2 ht syscall nx mmxext fxsr_opt pdpe1gb rdtscp lm constant_tsc rep_good nopl nonstop_tsc cpuid extd_apicid tsc_known_freq pni pclmulqdq ssse3 fma cx16 sse4_1 sse4_2 x2apic movbe popcnt aes xsave avx f16c rdrand hypervisor lahf_lm cmp_legacy cr8_legacy abm sse4a misalignsse 3dnowprefetch osvw topoext ssbd ibrs ibpb stibp vmmcall fsgsbase tsc_adjust bmi1 avx2 smep bmi2 rdseed adx smap clflushopt clwb sha_ni xsaveopt xsavec xgetbv1 clzero xsaveerptr arat npt nrip_save umip rdpid

Online cpus: 0-7
Offline cpus: 
BIOS frequency limitation: <Not Available>
Frequency switch latency (ns): <Not Available>
Available cpu frequencies: <Not Available>
Current governor: <Not Available>
Core performance/turbo boost: <Not Available>

Memory: 4k page, physical 3292528k(2506940k free), swap 0k(0k free)
Page Sizes: 4k

vm_info: OpenJDK 64-Bit Server VM (17.0.5+8-jvmci-22.3-b08) for linux-amd64 JRE (17.0.5+8-jvmci-22.3-b08), built on Oct 19 2022 09:01:27 by "buildslave" with gcc 10.3.0

END.
