#
# A fatal error has been detected by the Java Runtime Environment:
#
#  Internal Error (jvmciRuntime.cpp:1609), pid=93, tid=108
#  fatal error: Fatal exception in JVMCI: Error calling jdk.vm.ci.services.Services.serializeSavedProperties
#
# JRE version: OpenJDK Runtime Environment GraalVM CE 22.3.0 (17.0.5+8) (build 17.0.5+8-jvmci-22.3-b08)
# Java VM: OpenJDK 64-Bit Server VM GraalVM CE 22.3.0 (17.0.5+8-jvmci-22.3-b08, mixed mode, sharing, tiered, jvmci, jvmci compiler, compressed oops, compressed class ptrs, parallel gc, linux-amd64)
# Problematic frame:
# V  [libjvm.so+0x972714]  JVMCIRuntime::fatal_exception(JVMCIEnv*, char const*)+0x74
#
# Core dump will be written. Default location: Core dumps may be processed with "/usr/share/apport/apport -p%p -s%s -c%c -d%d -P%P -u%u -g%g -- %E" (or dumping to /home/runner/Final-Project-Code-Space-CS3HonorsLabsfo-20/core.93)
#
# If you would like to submit a bug report, please visit:
#   https://github.com/oracle/graal/issues
#

---------------  S U M M A R Y ------------

Command Line: -XX:ThreadPriorityPolicy=1 -XX:+UnlockExperimentalVMOptions -XX:+EnableJVMCIProduct -XX:JVMCIThreadsPerNativeLibraryRuntime=1 -XX:-UnlockExperimentalVMOptions -Declipse.application=org.eclipse.jdt.ls.core.id1 -Dosgi.bundles.defaultStartLevel=4 -Declipse.product=org.eclipse.jdt.ls.core.product -Dlog.level=ALL -Xverify:none -XX:+UseParallelGC -XX:GCTimeRatio=4 -XX:AdaptiveSizePolicyWeight=90 -Dsun.zip.disableMemoryMapping=true -Xmx512m -Xms100m /nix/store/q9712qvwdh22a4krw4jz2sjrz07mvjbl-jdt-language-server-1.9.0/share/java/plugins/org.eclipse.equinox.launcher_1.6.400.v20210924-0641.jar --add-modules=ALL-SYSTEM --add-opens java.base/java.util=ALL-UNNAMED --add-opens java.base/java.lang=ALL-UNNAMED -configuration /home/runner/Final-Project-Code-Space-CS3HonorsLabsfo-20/.cache/jdt-language-server/config -data /home/runner/.cache/jdt-language-server/data/home/runner/Final-Project-Code-Space-CS3HonorsLabsfo-20

Host: AMD EPYC 7B12, 8 cores, 3G, Ubuntu 20.04.2 LTS
Time: Wed May  8 16:57:24 2024 UTC elapsed time: 551.169646 seconds (0d 0h 9m 11s)

---------------  T H R E A D  ---------------

Current thread (0x00007fd7c00d2c50):  JavaThread "JVMCI-native CompilerThread0" daemon [_thread_in_vm, id=108, stack(0x00007fd7c4518000,0x00007fd7c4718000)]


Current CompileTask:
JVMCI-native: 551169 8225       4       org.eclipse.jdt.internal.core.PackageFragment::equals (53 bytes)

Stack: [0x00007fd7c4518000,0x00007fd7c4718000],  sp=0x00007fd7c4716380,  free space=2040k
Native frames: (J=compiled Java code, j=interpreted, Vv=VM code, C=native code)
V  [libjvm.so+0x972714]  JVMCIRuntime::fatal_exception(JVMCIEnv*, char const*)+0x74
V  [libjvm.so+0x93e2fe]  JVMCIEnv::copy_saved_properties()+0x14e
V  [libjvm.so+0x9732a9]  JVMCIRuntime::initialize(JVMCIEnv*)+0xb19
V  [libjvm.so+0x9738a2]  JVMCIRuntime::get_HotSpotJVMCIRuntime(JVMCIEnv*)+0x12
V  [libjvm.so+0x9749f2]  JVMCIRuntime::compile_method(JVMCIEnv*, JVMCICompiler*, methodHandle const&, int)+0xd2
V  [libjvm.so+0x5b0d20]  CompileBroker::invoke_compiler_on_method(CompileTask*)+0x1470
V  [libjvm.so+0x5b12e8]  CompileBroker::compiler_thread_loop()+0x528
V  [libjvm.so+0xd82460]  JavaThread::thread_main_inner()+0xd0
V  [libjvm.so+0xd85a40]  Thread::call_run()+0xc0
V  [libjvm.so+0xbdb1e1]  thread_native_entry(Thread*)+0xe1

Register to memory mapping:

RAX=0x00007fd7c797d000 points into unknown readable memory: 0x0000000000000058 | 58 00 00 00 00 00 00 00
RBX=0x00007fd7c8a78398: <offset 0x0000000000ef5398> in /nix/store/gpxl5qgg8kicmcvivwmybwjlpf7wh20l-graalvm17-ce-22.3.0/lib/server/libjvm.so at 0x00007fd7c7b83000
RCX=0x00007fd7c8a301e8: <offset 0x0000000000ead1e8> in /nix/store/gpxl5qgg8kicmcvivwmybwjlpf7wh20l-graalvm17-ce-22.3.0/lib/server/libjvm.so at 0x00007fd7c7b83000
RDX=0x0000000000000649 is an unknown value
RSP=0x00007fd7c4716380 is pointing into the stack for thread: 0x00007fd7c00d2c50
RBP=0x00007fd7c47163a0 is pointing into the stack for thread: 0x00007fd7c00d2c50
RSI=0x00007fd7c8a78c48: <offset 0x0000000000ef5c48> in /nix/store/gpxl5qgg8kicmcvivwmybwjlpf7wh20l-graalvm17-ce-22.3.0/lib/server/libjvm.so at 0x00007fd7c7b83000
RDI=0x00000000e0000000 is an oop: java.lang.String 
{0x00000000e0000000} - klass: 'java/lang/String'
 - string: "ZipFile closed"
R8 =0x00007fd7c8a78398: <offset 0x0000000000ef5398> in /nix/store/gpxl5qgg8kicmcvivwmybwjlpf7wh20l-graalvm17-ce-22.3.0/lib/server/libjvm.so at 0x00007fd7c7b83000
R9 =0x0000000000000003 is an unknown value
R10=0x00007fd7c8dc9da0: <offset 0x0000000001246da0> in /nix/store/gpxl5qgg8kicmcvivwmybwjlpf7wh20l-graalvm17-ce-22.3.0/lib/server/libjvm.so at 0x00007fd7c7b83000
R11=0x000000080044f048 is pointing into metadata
R12=0x0 is NULL
R13=0x00007fd7c00d2c50 is a thread
R14=0x00007fd7c0000b80 points into unknown readable memory: 0x00007fd7c8ca9a38 | 38 9a ca c8 d7 7f 00 00
R15=0x00007fd7c8db7e40: <offset 0x0000000001234e40> in /nix/store/gpxl5qgg8kicmcvivwmybwjlpf7wh20l-graalvm17-ce-22.3.0/lib/server/libjvm.so at 0x00007fd7c7b83000


Registers:
RAX=0x00007fd7c797d000, RBX=0x00007fd7c8a78398, RCX=0x00007fd7c8a301e8, RDX=0x0000000000000649
RSP=0x00007fd7c4716380, RBP=0x00007fd7c47163a0, RSI=0x00007fd7c8a78c48, RDI=0x00000000e0000000
R8 =0x00007fd7c8a78398, R9 =0x0000000000000003, R10=0x00007fd7c8dc9da0, R11=0x000000080044f048
R12=0x0000000000000000, R13=0x00007fd7c00d2c50, R14=0x00007fd7c0000b80, R15=0x00007fd7c8db7e40
RIP=0x00007fd7c84f5714, EFLAGS=0x0000000000010206, CSGSFS=0x002b000000000033, ERR=0x0000000000000006
  TRAPNO=0x000000000000000e

Top of Stack: (sp=0x00007fd7c4716380)
0x00007fd7c4716380:   00007fd7c4716940 00007fd7c00d2c50
0x00007fd7c4716390:   00007fd7c630e8c8 0000000800c417a0
0x00007fd7c47163a0:   00007fd7c4716500 00007fd7c84c12fe
0x00007fd7c47163b0:   00007fd7c47163e0 00007fd7c4716440 

Instructions: (pc=0x00007fd7c84f5714)
0x00007fd7c84f5614:   30 e8 f6 cf e8 ff 4c 89 e7 e8 2e 48 d1 ff 84 db
0x00007fd7c84f5624:   75 2a 4d 85 ed 74 04 4d 8b 6d 00 48 83 c4 08 44
0x00007fd7c84f5634:   89 f9 4c 89 f2 4c 89 ee 5b 4c 89 e7 41 5c 41 5d
0x00007fd7c84f5644:   41 5e 41 5f 5d e9 e2 47 d1 ff 66 90 48 83 c4 08
0x00007fd7c84f5654:   5b 41 5c 41 5d 41 5e 41 5f 5d c3 90 31 d2 be 08
0x00007fd7c84f5664:   00 00 00 4c 89 ff e8 b1 78 a3 ff 49 89 c5 e9 37
0x00007fd7c84f5674:   ff ff ff 66 0f 1f 84 00 00 00 00 00 48 8b 7a 08
0x00007fd7c84f5684:   e9 6d ff ff ff 0f 1f 80 00 00 00 00 e8 5b 48 0a
0x00007fd7c84f5694:   00 84 c0 75 89 e9 6a ff ff ff 66 90 55 48 89 e5
0x00007fd7c84f56a4:   41 56 41 55 41 54 49 89 fc 53 48 89 f3 66 48 8d
0x00007fd7c84f56b4:   3d 27 5e 85 00 66 66 48 e8 df 43 8d ff 4c 8b 28
0x00007fd7c84f56c4:   8b 05 be 72 8a 00 85 c0 75 14 ba 01 00 00 00 48
0x00007fd7c84f56d4:   8d 0d ae 72 8a 00 f0 0f b1 11 85 c0 74 4e be c8
0x00007fd7c84f56e4:   00 00 00 4c 89 ef e8 01 0b 41 00 48 8d 05 12 ac
0x00007fd7c84f56f4:   85 00 49 89 d8 48 8d 0d e8 aa 53 00 ba 49 06 00
0x00007fd7c84f5704:   00 48 8d 35 3c 35 58 00 bf 00 00 00 e0 48 8b 00
0x00007fd7c84f5714:   c6 00 58 31 c0 e8 e2 91 c6 ff 5b 41 5c 41 5d 41
0x00007fd7c84f5724:   5e 5d e9 55 34 26 00 0f 1f 44 00 00 48 8d 05 81
0x00007fd7c84f5734:   a3 8b 00 48 89 df 4c 8b 30 e8 9e 43 8d ff 48 89
0x00007fd7c84f5744:   de 48 89 c2 49 8b 06 4c 89 f7 ff 50 08 4c 89 f7
0x00007fd7c84f5754:   e8 a7 5c 27 00 4d 85 e4 74 12 be 01 00 00 00 4c
0x00007fd7c84f5764:   89 e7 e8 35 43 fc ff eb 82 0f 1f 00 be 01 00 00
0x00007fd7c84f5774:   00 4c 89 ef e8 d3 fd ff ff e9 6d ff ff ff 66 66
0x00007fd7c84f5784:   2e 0f 1f 84 00 00 00 00 00 0f 1f 00 55 48 89 e5
0x00007fd7c84f5794:   41 57 41 56 41 55 41 54 53 48 81 ec 08 02 00 00
0x00007fd7c84f57a4:   64 48 8b 04 25 28 00 00 00 48 89 45 c8 8b 07 83
0x00007fd7c84f57b4:   f8 02 0f 84 11 04 00 00 4c 8b 6f 18 49 89 ff 49
0x00007fd7c84f57c4:   89 f4 4d 85 ed 74 14 4c 89 ef e8 5d 57 22 00 41
0x00007fd7c84f57d4:   8b 07 83 f8 02 0f 84 19 04 00 00 48 8d 1d 9a 06
0x00007fd7c84f57e4:   8a 00 4c 8d 35 0b 3c 58 00 eb 38 90 48 85 d2 7f
0x00007fd7c84f57f4:   0d 48 8d 05 b4 c0 85 00 48 83 38 00 7e 0e 41 8b
0x00007fd7c84f5804:   77 2c 4c 89 f7 31 c0 e8 a0 b2 f7 ff 49 8b 7f 18 


Stack slot to memory mapping:
stack at sp + 0 slots: 0x00007fd7c4716940 is pointing into the stack for thread: 0x00007fd7c00d2c50
stack at sp + 1 slots: 0x00007fd7c00d2c50 is a thread
stack at sp + 2 slots: 0x00007fd7c630e8c8 points into unknown readable memory: 0x65730018052dffff | ff ff 2d 05 18 00 73 65
stack at sp + 3 slots: 0x0000000800c417a0 is a pointer to class: 
jdk.vm.ci.services.Services {0x0000000800c417a0}
 - instance size:     2
 - klass size:        65
 - access:            public final synchronized 
 - state:             fully_initialized
 - name:              'jdk/vm/ci/services/Services'
 - super:             'java/lang/Object'
 - sub:               
 - arrays:            NULL
 - methods:           Array<T>(0x00007fd7c50430d0)
 - method ordering:   Array<T>(0x0000000800928960)
 - default_methods:   Array<T>(0x0000000000000000)
 - local interfaces:  Array<T>(0x00000008005ce810)
 - trans. interfaces: Array<T>(0x00000008005ce810)
 - constants:         constant pool [427] {0x00007fd7c5041ed8} for 'jdk/vm/ci/services/Services' cache=0x00007fd7c50443a0
 - class loader data:  loader data: 0x00007fd7c0027c40 of 'bootstrap'
 - source file:       'Services.java'
 - class annotations:       Array<T>(0x0000000000000000)
 - class type annotations:  Array<T>(0x0000000000000000)
 - field annotations:       Array<T>(0x0000000000000000)
 - field type annotations:  Array<T>(0x0000000000000000)
 - inner classes:     Array<T>(0x00007fd7c5044370)
 - nest members:     Array<T>(0x00007fd7c5044390)
 - permitted subclasses:     Array<T>(0x00000008005ce7a0)
 - java mirror:       a 'java/lang/Class'{0x00000000e0300810} = 'jdk/vm/ci/services/Services'
 - vtable length      5  (start addr: 0x0000000800c41970)
 - itable length      2 (start addr: 0x0000000800c41998)
 - ---- static fields (3 words):
 - public static final 'IS_BUILDING_NATIVE_IMAGE' 'Z' @128 
 - public static final 'IS_IN_NATIVE_IMAGE' 'Z' @129 
 - private static volatile 'savedProperties' 'Ljava/util/Map;' @112 
 - static final 'JVMCI_ENABLED' 'Z' @130 
 - private static final 'servicesCache' 'Ljava/util/Map;' @116 
 - private static final 'MAX_UNICODE_IN_UTF8_LENGTH' 'I' @120 
 - private static final 'MAX_UTF8_PROPERTY_STRING_LENGTH' 'I' @124 
 - ---- non-static fields (0 words):
 - non-static oop maps: 
stack at sp + 4 slots: 0x00007fd7c4716500 is pointing into the stack for thread: 0x00007fd7c00d2c50
stack at sp + 5 slots: 0x00007fd7c84c12fe: <offset 0x000000000093e2fe> in /nix/store/gpxl5qgg8kicmcvivwmybwjlpf7wh20l-graalvm17-ce-22.3.0/lib/server/libjvm.so at 0x00007fd7c7b83000
stack at sp + 6 slots: 0x00007fd7c47163e0 is pointing into the stack for thread: 0x00007fd7c00d2c50
stack at sp + 7 slots: 0x00007fd7c4716440 is pointing into the stack for thread: 0x00007fd7c00d2c50


---------------  P R O C E S S  ---------------

Threads class SMR info:
_java_thread_list=0x00007fd70c000b70, length=27, elements={
0x00007fd7c0025ee0, 0x00007fd7c00c6ef0, 0x00007fd7c00c8330, 0x00007fd7c00ceac0,
0x00007fd7c00cfe70, 0x00007fd7c00d1260, 0x00007fd7c00d2c50, 0x00007fd7c00d4160,
0x00007fd7c00d55b0, 0x00007fd7c00f8460, 0x00007fd7c01408e0, 0x00007fd7c02f6750,
0x00007fd7c033e8c0, 0x00007fd7c0341550, 0x00007fd75802f830, 0x00007fd7583fc630,
0x00007fd7400010d0, 0x00007fd7585e4b40, 0x00007fd758793a40, 0x00007fd7c0395be0,
0x00007fd7c042b9a0, 0x00007fd7444875a0, 0x00007fd728219dc0, 0x00007fd72821a7a0,
0x00007fd72821b270, 0x00007fd72821bbe0, 0x00007fd744000ff0
}

Java Threads: ( => current thread )
  0x00007fd7c0025ee0 JavaThread "main" [_thread_blocked, id=100, stack(0x00007fd7c799e000,0x00007fd7c7a9e000)]
  0x00007fd7c00c6ef0 JavaThread "Reference Handler" daemon [_thread_blocked, id=103, stack(0x00007fd7c4dfe000,0x00007fd7c4efe000)]
  0x00007fd7c00c8330 JavaThread "Finalizer" daemon [_thread_blocked, id=104, stack(0x00007fd7c4cfe000,0x00007fd7c4dfe000)]
  0x00007fd7c00ceac0 JavaThread "Signal Dispatcher" daemon [_thread_blocked, id=105, stack(0x00007fd7c4918000,0x00007fd7c4a18000)]
  0x00007fd7c00cfe70 JavaThread "Service Thread" daemon [_thread_blocked, id=106, stack(0x00007fd7c4818000,0x00007fd7c4918000)]
  0x00007fd7c00d1260 JavaThread "Monitor Deflation Thread" daemon [_thread_blocked, id=107, stack(0x00007fd7c4718000,0x00007fd7c4818000)]
=>0x00007fd7c00d2c50 JavaThread "JVMCI-native CompilerThread0" daemon [_thread_in_vm, id=108, stack(0x00007fd7c4518000,0x00007fd7c4718000)]
  0x00007fd7c00d4160 JavaThread "C1 CompilerThread0" daemon [_thread_blocked, id=109, stack(0x00007fd7c4318000,0x00007fd7c4518000)]
  0x00007fd7c00d55b0 JavaThread "Sweeper thread" daemon [_thread_blocked, id=110, stack(0x00007fd7c4218000,0x00007fd7c4318000)]
  0x00007fd7c00f8460 JavaThread "Common-Cleaner" daemon [_thread_blocked, id=111, stack(0x00007fd7c4118000,0x00007fd7c4218000)]
  0x00007fd7c01408e0 JavaThread "Notification Thread" daemon [_thread_blocked, id=113, stack(0x00007fd7c4018000,0x00007fd7c4118000)]
  0x00007fd7c02f6750 JavaThread "Active Thread: Equinox Container: a0a41b08-d0e7-48d5-9a21-c33776e1a1ff" [_thread_blocked, id=130, stack(0x00007fd7a4f00000,0x00007fd7a5000000)]
  0x00007fd7c033e8c0 JavaThread "Framework Event Dispatcher: Equinox Container: a0a41b08-d0e7-48d5-9a21-c33776e1a1ff" daemon [_thread_blocked, id=131, stack(0x00007fd7a4d00000,0x00007fd7a4e00000)]
  0x00007fd7c0341550 JavaThread "Start Level: Equinox Container: a0a41b08-d0e7-48d5-9a21-c33776e1a1ff" daemon [_thread_blocked, id=132, stack(0x00007fd7a4b00000,0x00007fd7a4c00000)]
  0x00007fd75802f830 JavaThread "SCR Component Actor" daemon [_thread_blocked, id=134, stack(0x00007fd7a4900000,0x00007fd7a4a00000)]
  0x00007fd7583fc630 JavaThread "Worker-JM" [_thread_blocked, id=138, stack(0x00007fd7a4500000,0x00007fd7a4600000)]
  0x00007fd7400010d0 JavaThread "Worker-1" [_thread_blocked, id=140, stack(0x00007fd7a4100000,0x00007fd7a4200000)]
  0x00007fd7585e4b40 JavaThread "Java indexing" daemon [_thread_blocked, id=141, stack(0x00007fd76ed00000,0x00007fd76ee00000)]
  0x00007fd758793a40 JavaThread "Bundle File Closer" daemon [_thread_blocked, id=143, stack(0x00007fd76e900000,0x00007fd76ea00000)]
  0x00007fd7c0395be0 JavaThread "pool-3-thread-1" [_thread_blocked, id=144, stack(0x00007fd76e700000,0x00007fd76e800000)]
  0x00007fd7c042b9a0 JavaThread "pool-2-thread-1" [_thread_blocked, id=145, stack(0x00007fd76e500000,0x00007fd76e600000)]
  0x00007fd7444875a0 JavaThread "Okio Watchdog" daemon [_thread_blocked, id=169, stack(0x00007fd7a4a00000,0x00007fd7a4b00000)]
  0x00007fd728219dc0 JavaThread "Thread-4" [_thread_blocked, id=443, stack(0x00007fd76e300000,0x00007fd76e400000)]
  0x00007fd72821a7a0 JavaThread "Thread-5" [_thread_blocked, id=450, stack(0x00007fd76e200000,0x00007fd76e300000)]
  0x00007fd72821b270 JavaThread "Thread-8" [_thread_blocked, id=459, stack(0x00007fd76eb00000,0x00007fd76ec00000)]
  0x00007fd72821bbe0 JavaThread "Thread-9" [_thread_blocked, id=460, stack(0x00007fd76dd00000,0x00007fd76de00000)]
  0x00007fd744000ff0 JavaThread "Worker-6" [_thread_blocked, id=463, stack(0x00007fd76e100000,0x00007fd76e200000)]

Other Threads:
  0x00007fd7c00c2630 VMThread "VM Thread" [stack: 0x00007fd7c4f00000,0x00007fd7c5000000] [id=102] _threads_hazard_ptr=0x00007fd70c000b70
  0x00007fd7c0142670 WatcherThread [stack: 0x00007fd7a73b3000,0x00007fd7a74b3000] [id=114]
  0x00007fd7c003d7c0 GCTaskThread "GC Thread#0" [stack: 0x00007fd7c7561000,0x00007fd7c7661000] [id=101]
  0x00007fd798001290 GCTaskThread "GC Thread#1" [stack: 0x00007fd76c700000,0x00007fd76c800000] [id=133]

Threads with active compile tasks:
JVMCI-native CompilerThread0   551220 8225       4       org.eclipse.jdt.internal.core.PackageFragment::equals (53 bytes)

VM state: synchronizing (normal execution)

VM Mutex/Monitor currently owned by a thread:  ([mutex/lock_event])
[0x00007fd7c0023030] Threads_lock - owner thread: 0x00007fd7c00c2630
[0x00007fd7c00237e0] Heap_lock - owner thread: 0x00007fd72821bbe0

OutOfMemory and StackOverflow Exception counts:
OutOfMemoryError java_heap_errors=1
LinkageErrors=58

Heap address: 0x00000000e0000000, size: 512 MB, Compressed Oops mode: 32-bit

CDS archive(s) mapped at: [0x0000000800000000-0x0000000800bc8000-0x0000000800bc8000), size 12353536, SharedBaseAddress: 0x0000000800000000, ArchiveRelocationMode: 0.
Compressed class space mapped at: 0x0000000800c00000-0x0000000840c00000, reserved size: 1073741824
Narrow klass base: 0x0000000800000000, Narrow klass shift: 0, Narrow klass range: 0x100000000

GC Precious Log:
 CPUs: 8 total, 2 available
 Memory: 3215M
 Large Page Support: Disabled
 NUMA Support: Disabled
 Compressed Oops: Enabled (32-bit)
 Alignments: Space 512K, Generation 512K, Heap 2M
 Heap Min Capacity: 100M
 Heap Initial Capacity: 100M
 Heap Max Capacity: 512M
 Pre-touch: Disabled
 Parallel Workers: 2

Heap:
 PSYoungGen      total 55296K, used 40959K [0x00000000f5580000, 0x00000000f9d80000, 0x0000000100000000)
  eden space 40960K, 99% used [0x00000000f5580000,0x00000000f7d7fff0,0x00000000f7d80000)
  from space 14336K, 0% used [0x00000000f8f00000,0x00000000f8f00000,0x00000000f9d00000)
  to   space 15360K, 0% used [0x00000000f7f00000,0x00000000f7f00000,0x00000000f8e00000)
 ParOldGen       total 349696K, used 349695K [0x00000000e0000000, 0x00000000f5580000, 0x00000000f5580000)
  object space 349696K, 99% used [0x00000000e0000000,0x00000000f557fff0,0x00000000f5580000)
 Metaspace       used 55614K, committed 56640K, reserved 1105920K
  class space    used 5473K, committed 5952K, reserved 1048576K

Card table byte_map: [0x00007fd7c7661000,0x00007fd7c7762000] _byte_map_base: 0x00007fd7c6f61000

Marking Bits: (ParMarkBitMap*) 0x00007fd7c8db14c0
 Begin Bits: [0x00007fd7c64b4000, 0x00007fd7c6cb4000)
 End Bits:   [0x00007fd7c6cb4000, 0x00007fd7c74b4000)

Polling page: 0x00007fd7c797b000

Metaspace:

Usage:
  Non-class:     48.97 MB used.
      Class:      5.35 MB used.
       Both:     54.31 MB used.

Virtual space:
  Non-class space:       56.00 MB reserved,      49.50 MB ( 88%) committed,  7 nodes.
      Class space:        1.00 GB reserved,       5.81 MB ( <1%) committed,  1 nodes.
             Both:        1.05 GB reserved,      55.31 MB (  5%) committed. 

Chunk freelists:
   Non-Class:  2.08 MB
       Class:  2.29 MB
        Both:  4.37 MB

MaxMetaspaceSize: unlimited
CompressedClassSpaceSize: 1.00 GB
Initial GC threshold: 21.00 MB
Current GC threshold: 92.12 MB
CDS: on
MetaspaceReclaimPolicy: balanced
 - commit_granule_bytes: 65536.
 - commit_granule_words: 8192.
 - virtual_space_node_default_size: 1048576.
 - enlarge_chunks_in_place: 1.
 - new_chunks_are_fully_committed: 0.
 - uncommit_free_chunks: 1.
 - use_allocation_guard: 0.
 - handle_deallocations: 1.


Internal statistics:

num_allocs_failed_limit: 6.
num_arena_births: 468.
num_arena_deaths: 146.
num_vsnodes_births: 8.
num_vsnodes_deaths: 0.
num_space_committed: 884.
num_space_uncommitted: 0.
num_chunks_returned_to_freelist: 205.
num_chunks_taken_from_freelist: 2630.
num_chunk_merges: 82.
num_chunk_splits: 1708.
num_chunks_enlarged: 1104.
num_purges: 10.
num_inconsistent_stats: 0.

CodeHeap 'non-profiled nmethods': size=120036Kb used=2602Kb max_used=2602Kb free=117433Kb
 bounds [0x00007fd7aef7a000, 0x00007fd7af20a000, 0x00007fd7b64b3000]
CodeHeap 'profiled nmethods': size=120032Kb used=14461Kb max_used=16161Kb free=105570Kb
 bounds [0x00007fd7a7a42000, 0x00007fd7a8a12000, 0x00007fd7aef7a000]
CodeHeap 'non-nmethods': size=5692Kb used=1379Kb max_used=1387Kb free=4312Kb
 bounds [0x00007fd7a74b3000, 0x00007fd7a7723000, 0x00007fd7a7a42000]
 total_blobs=7363 nmethods=6648 adapters=611
 compilation: enabled
              stopped_count=0, restarted_count=0
 full_count=0

JVMCI Events (20 events):
Event: 454.921 Thread 0x00007fd7c00d2c50 compacted oop handles in JVMCI runtime 0 from 86 to 86
Event: 454.921 Thread 0x00007fd7c00d2c50 releasing handles for JVMCI runtime 0: oop handles=86, metadata handles={total=224, live=217, blocks=41}
Event: 454.921 Thread 0x00007fd7c00d2c50 detached from JVMCI runtime 0
Event: 455.262 Thread 0x00007fd7c00d2c50 attached to JVMCI runtime 0
Event: 455.264 Thread 0x00007fd7c00d2c50 created JavaVM[6]@0x00007fd76d79e340 for JVMCI runtime 0
Event: 455.580 Thread 0x00007fd7c00d2c50 initializing JVMCI runtime 0
Event: 455.580 Thread 0x00007fd7c00d2c50 done waiting for JavaVM references initialization in JVMCI runtime 0
Event: 479.813 Thread 0x00007fd7c00d2c50 initialized JVMCI runtime 0
Event: 495.683 Thread 0x00007fd7c00d2c50 compacted oop handles in JVMCI runtime 0 from 64 to 63
Event: 497.212 Thread 0x00007fd7c00d2c50 detaching from JVMCI runtime 0: releasing idle compiler thread (0 other threads still attached)
Event: 497.212 Thread 0x00007fd7c00d2c50 shutting down HotSpotJVMCIRuntime for JVMCI runtime 0
Event: 497.212 Thread 0x00007fd7c00d2c50 shut down JVMCI runtime 0
Event: 497.214 Thread 0x00007fd7c00d2c50 destroyed JavaVM[6]@0x00007fd76d79e340 for JVMCI runtime 0
Event: 497.214 Thread 0x00007fd7c00d2c50 compacted oop handles in JVMCI runtime 0 from 63 to 63
Event: 497.214 Thread 0x00007fd7c00d2c50 releasing handles for JVMCI runtime 0: oop handles=63, metadata handles={total=128, live=119, blocks=41}
Event: 497.214 Thread 0x00007fd7c00d2c50 detached from JVMCI runtime 0
Event: 520.683 Thread 0x00007fd7c00d2c50 attached to JVMCI runtime 0
Event: 520.684 Thread 0x00007fd7c00d2c50 created JavaVM[7]@0x00007fd76d79e340 for JVMCI runtime 0
Event: 520.684 Thread 0x00007fd7c00d2c50 initializing JVMCI runtime 0
Event: 520.684 Thread 0x00007fd7c00d2c50 done waiting for JavaVM references initialization in JVMCI runtime 0

Compilation events (20 events):
Event: 457.126 Thread 0x00007fd7c00d4160 8216       3       org.eclipse.jdt.internal.compiler.lookup.Scope::getTypeOrPackage (1692 bytes)
Event: 460.089 Thread 0x00007fd7c00d4160 nmethod 8216 0x00007fd7a880d410 code [0x00007fd7a880e000, 0x00007fd7a881d460]
Event: 460.089 Thread 0x00007fd7c00d4160 8215       3       org.eclipse.jdt.internal.compiler.ast.TypeReference::resolveType (7 bytes)
Event: 460.411 Thread 0x00007fd7c00d4160 nmethod 8215 0x00007fd7a812e310 code [0x00007fd7a812e4c0, 0x00007fd7a812e7e0]
Event: 460.412 Thread 0x00007fd7c00d4160 8217       3       org.eclipse.jdt.internal.compiler.ast.ASTNode::isTypeUseDeprecated (225 bytes)
Event: 462.658 Thread 0x00007fd7c00d4160 nmethod 8217 0x00007fd7a80c4c90 code [0x00007fd7a80c4fe0, 0x00007fd7a80c7810]
Event: 462.659 Thread 0x00007fd7c00d4160 8219       3       org.eclipse.jdt.internal.compiler.lookup.Scope::enclosingClassScope (28 bytes)
Event: 462.659 Thread 0x00007fd7c00d4160 nmethod 8219 0x00007fd7a7b2e090 code [0x00007fd7a7b2e260, 0x00007fd7a7b2e950]
Event: 482.318 Thread 0x00007fd7c00d4160 8221       3       org.eclipse.jdt.internal.compiler.lookup.ImportBinding::isStatic (21 bytes)
Event: 482.617 Thread 0x00007fd7c00d4160 nmethod 8221 0x00007fd7a7ecfc90 code [0x00007fd7a7ecfe40, 0x00007fd7a7ed0290]
Event: 482.617 Thread 0x00007fd7c00d4160 8222       3       org.eclipse.jdt.internal.compiler.lookup.LookupEnvironment::usesNullTypeAnnotations (140 bytes)
Event: 482.932 Thread 0x00007fd7c00d4160 nmethod 8222 0x00007fd7a8019d10 code [0x00007fd7a8019f80, 0x00007fd7a801b040]
Event: 483.337 Thread 0x00007fd7c00d4160 8223       1       org.eclipse.jdt.internal.core.ClasspathEntry::getAccessRuleSet (5 bytes)
Event: 483.893 Thread 0x00007fd7c00d4160 nmethod 8223 0x00007fd7af202f10 code [0x00007fd7af2030a0, 0x00007fd7af203170]
Event: 488.339 Thread 0x00007fd7c00d2c50 nmethod 8213% 0x00007fd7af203210 code [0x00007fd7af2033a0, 0x00007fd7af203740]
Event: 488.339 Thread 0x00007fd7c00d2c50 8220   !   4       org.eclipse.jdt.internal.compiler.lookup.BinaryTypeBinding::superInterfaces (279 bytes)
Event: 495.683 Thread 0x00007fd7c00d2c50 nmethod 8220 0x00007fd7af203990 code [0x00007fd7af203ba0, 0x00007fd7af204320]
Event: 509.349 Thread 0x00007fd7c00d4160 8224       3       org.eclipse.jdt.internal.core.JavaModel::getWorkspaceTarget (38 bytes)
Event: 510.245 Thread 0x00007fd7c00d4160 nmethod 8224 0x00007fd7a84bb910 code [0x00007fd7a84bbb20, 0x00007fd7a84bc390]
Event: 520.683 Thread 0x00007fd7c00d2c50 8225       4       org.eclipse.jdt.internal.core.PackageFragment::equals (53 bytes)

GC Heap History (20 events):
Event: 545.953 GC heap before
{Heap before GC invocations=1488 (full 1411):
 PSYoungGen      total 55296K, used 40959K [0x00000000f5580000, 0x00000000f9d80000, 0x0000000100000000)
  eden space 40960K, 99% used [0x00000000f5580000,0x00000000f7d7fff0,0x00000000f7d80000)
  from space 14336K, 0% used [0x00000000f8f00000,0x00000000f8f00000,0x00000000f9d00000)
  to   space 15360K, 0% used [0x00000000f7f00000,0x00000000f7f00000,0x00000000f8e00000)
 ParOldGen       total 349696K, used 349692K [0x00000000e0000000, 0x00000000f5580000, 0x00000000f5580000)
  object space 349696K, 99% used [0x00000000e0000000,0x00000000f557f110,0x00000000f5580000)
 Metaspace       used 55614K, committed 56640K, reserved 1105920K
  class space    used 5473K, committed 5952K, reserved 1048576K
}
Event: 546.271 GC heap after
{Heap after GC invocations=1488 (full 1411):
 PSYoungGen      total 56320K, used 40959K [0x00000000f5580000, 0x00000000f9d80000, 0x0000000100000000)
  eden space 40960K, 99% used [0x00000000f5580000,0x00000000f7d7fff0,0x00000000f7d80000)
  from space 15360K, 0% used [0x00000000f7f00000,0x00000000f7f00000,0x00000000f8e00000)
  to   space 14336K, 0% used [0x00000000f8f00000,0x00000000f8f00000,0x00000000f9d00000)
 ParOldGen       total 349696K, used 349692K [0x00000000e0000000, 0x00000000f5580000, 0x00000000f5580000)
  object space 349696K, 99% used [0x00000000e0000000,0x00000000f557f0e0,0x00000000f5580000)
 Metaspace       used 55614K, committed 56640K, reserved 1105920K
  class space    used 5473K, committed 5952K, reserved 1048576K
}
Event: 546.272 GC heap before
{Heap before GC invocations=1489 (full 1412):
 PSYoungGen      total 56320K, used 40960K [0x00000000f5580000, 0x00000000f9d80000, 0x0000000100000000)
  eden space 40960K, 100% used [0x00000000f5580000,0x00000000f7d80000,0x00000000f7d80000)
  from space 15360K, 0% used [0x00000000f7f00000,0x00000000f7f00000,0x00000000f8e00000)
  to   space 14336K, 0% used [0x00000000f8f00000,0x00000000f8f00000,0x00000000f9d00000)
 ParOldGen       total 349696K, used 349694K [0x00000000e0000000, 0x00000000f5580000, 0x00000000f5580000)
  object space 349696K, 99% used [0x00000000e0000000,0x00000000f557f928,0x00000000f5580000)
 Metaspace       used 55614K, committed 56640K, reserved 1105920K
  class space    used 5473K, committed 5952K, reserved 1048576K
}
Event: 546.625 GC heap after
{Heap after GC invocations=1489 (full 1412):
 PSYoungGen      total 55296K, used 40959K [0x00000000f5580000, 0x00000000f9d80000, 0x0000000100000000)
  eden space 40960K, 99% used [0x00000000f5580000,0x00000000f7d7fee0,0x00000000f7d80000)
  from space 14336K, 0% used [0x00000000f8f00000,0x00000000f8f00000,0x00000000f9d00000)
  to   space 15360K, 0% used [0x00000000f7f00000,0x00000000f7f00000,0x00000000f8e00000)
 ParOldGen       total 349696K, used 349693K [0x00000000e0000000, 0x00000000f5580000, 0x00000000f5580000)
  object space 349696K, 99% used [0x00000000e0000000,0x00000000f557f7d8,0x00000000f5580000)
 Metaspace       used 55614K, committed 56640K, reserved 1105920K
  class space    used 5473K, committed 5952K, reserved 1048576K
}
Event: 546.625 GC heap before
{Heap before GC invocations=1490 (full 1413):
 PSYoungGen      total 55296K, used 40960K [0x00000000f5580000, 0x00000000f9d80000, 0x0000000100000000)
  eden space 40960K, 100% used [0x00000000f5580000,0x00000000f7d80000,0x00000000f7d80000)
  from space 14336K, 0% used [0x00000000f8f00000,0x00000000f8f00000,0x00000000f9d00000)
  to   space 15360K, 0% used [0x00000000f7f00000,0x00000000f7f00000,0x00000000f8e00000)
 ParOldGen       total 349696K, used 349693K [0x00000000e0000000, 0x00000000f5580000, 0x00000000f5580000)
  object space 349696K, 99% used [0x00000000e0000000,0x00000000f557f7d8,0x00000000f5580000)
 Metaspace       used 55614K, committed 56640K, reserved 1105920K
  class space    used 5473K, committed 5952K, reserved 1048576K
}
Event: 546.996 GC heap after
{Heap after GC invocations=1490 (full 1413):
 PSYoungGen      total 56320K, used 40960K [0x00000000f5580000, 0x00000000f9d80000, 0x0000000100000000)
  eden space 40960K, 100% used [0x00000000f5580000,0x00000000f7d80000,0x00000000f7d80000)
  from space 15360K, 0% used [0x00000000f7f00000,0x00000000f7f00000,0x00000000f8e00000)
  to   space 14336K, 0% used [0x00000000f8f00000,0x00000000f8f00000,0x00000000f9d00000)
 ParOldGen       total 349696K, used 349693K [0x00000000e0000000, 0x00000000f5580000, 0x00000000f5580000)
  object space 349696K, 99% used [0x00000000e0000000,0x00000000f557f7d8,0x00000000f5580000)
 Metaspace       used 55614K, committed 56640K, reserved 1105920K
  class space    used 5473K, committed 5952K, reserved 1048576K
}
Event: 546.996 GC heap before
{Heap before GC invocations=1491 (full 1414):
 PSYoungGen      total 56320K, used 40960K [0x00000000f5580000, 0x00000000f9d80000, 0x0000000100000000)
  eden space 40960K, 100% used [0x00000000f5580000,0x00000000f7d80000,0x00000000f7d80000)
  from space 15360K, 0% used [0x00000000f7f00000,0x00000000f7f00000,0x00000000f8e00000)
  to   space 14336K, 0% used [0x00000000f8f00000,0x00000000f8f00000,0x00000000f9d00000)
 ParOldGen       total 349696K, used 349695K [0x00000000e0000000, 0x00000000f5580000, 0x00000000f5580000)
  object space 349696K, 99% used [0x00000000e0000000,0x00000000f557ff60,0x00000000f5580000)
 Metaspace       used 55614K, committed 56640K, reserved 1105920K
  class space    used 5473K, committed 5952K, reserved 1048576K
}
Event: 547.302 GC heap after
{Heap after GC invocations=1491 (full 1414):
 PSYoungGen      total 55296K, used 40960K [0x00000000f5580000, 0x00000000f9d80000, 0x0000000100000000)
  eden space 40960K, 100% used [0x00000000f5580000,0x00000000f7d80000,0x00000000f7d80000)
  from space 14336K, 0% used [0x00000000f8f00000,0x00000000f8f00000,0x00000000f9d00000)
  to   space 15360K, 0% used [0x00000000f7f00000,0x00000000f7f00000,0x00000000f8e00000)
 ParOldGen       total 349696K, used 349695K [0x00000000e0000000, 0x00000000f5580000, 0x00000000f5580000)
  object space 349696K, 99% used [0x00000000e0000000,0x00000000f557ff60,0x00000000f5580000)
 Metaspace       used 55614K, committed 56640K, reserved 1105920K
  class space    used 5473K, committed 5952K, reserved 1048576K
}
Event: 547.303 GC heap before
{Heap before GC invocations=1492 (full 1415):
 PSYoungGen      total 55296K, used 40960K [0x00000000f5580000, 0x00000000f9d80000, 0x0000000100000000)
  eden space 40960K, 100% used [0x00000000f5580000,0x00000000f7d80000,0x00000000f7d80000)
  from space 14336K, 0% used [0x00000000f8f00000,0x00000000f8f00000,0x00000000f9d00000)
  to   space 15360K, 0% used [0x00000000f7f00000,0x00000000f7f00000,0x00000000f8e00000)
 ParOldGen       total 349696K, used 349695K [0x00000000e0000000, 0x00000000f5580000, 0x00000000f5580000)
  object space 349696K, 99% used [0x00000000e0000000,0x00000000f557fff0,0x00000000f5580000)
 Metaspace       used 55614K, committed 56640K, reserved 1105920K
  class space    used 5473K, committed 5952K, reserved 1048576K
}
Event: 547.821 GC heap after
{Heap after GC invocations=1492 (full 1415):
 PSYoungGen      total 56320K, used 40960K [0x00000000f5580000, 0x00000000f9d80000, 0x0000000100000000)
  eden space 40960K, 100% used [0x00000000f5580000,0x00000000f7d80000,0x00000000f7d80000)
  from space 15360K, 0% used [0x00000000f7f00000,0x00000000f7f00000,0x00000000f8e00000)
  to   space 14336K, 0% used [0x00000000f8f00000,0x00000000f8f00000,0x00000000f9d00000)
 ParOldGen       total 349696K, used 349695K [0x00000000e0000000, 0x00000000f5580000, 0x00000000f5580000)
  object space 349696K, 99% used [0x00000000e0000000,0x00000000f557ffa0,0x00000000f5580000)
 Metaspace       used 55614K, committed 56640K, reserved 1105920K
  class space    used 5473K, committed 5952K, reserved 1048576K
}
Event: 547.821 GC heap before
{Heap before GC invocations=1493 (full 1416):
 PSYoungGen      total 56320K, used 40960K [0x00000000f5580000, 0x00000000f9d80000, 0x0000000100000000)
  eden space 40960K, 100% used [0x00000000f5580000,0x00000000f7d80000,0x00000000f7d80000)
  from space 15360K, 0% used [0x00000000f7f00000,0x00000000f7f00000,0x00000000f8e00000)
  to   space 14336K, 0% used [0x00000000f8f00000,0x00000000f8f00000,0x00000000f9d00000)
 ParOldGen       total 349696K, used 349695K [0x00000000e0000000, 0x00000000f5580000, 0x00000000f5580000)
  object space 349696K, 99% used [0x00000000e0000000,0x00000000f557fff8,0x00000000f5580000)
 Metaspace       used 55614K, committed 56640K, reserved 1105920K
  class space    used 5473K, committed 5952K, reserved 1048576K
}
Event: 548.427 GC heap after
{Heap after GC invocations=1493 (full 1416):
 PSYoungGen      total 55296K, used 40960K [0x00000000f5580000, 0x00000000f9d80000, 0x0000000100000000)
  eden space 40960K, 100% used [0x00000000f5580000,0x00000000f7d80000,0x00000000f7d80000)
  from space 14336K, 0% used [0x00000000f8f00000,0x00000000f8f00000,0x00000000f9d00000)
  to   space 15360K, 0% used [0x00000000f7f00000,0x00000000f7f00000,0x00000000f8e00000)
 ParOldGen       total 349696K, used 349695K [0x00000000e0000000, 0x00000000f5580000, 0x00000000f5580000)
  object space 349696K, 99% used [0x00000000e0000000,0x00000000f557fff8,0x00000000f5580000)
 Metaspace       used 55614K, committed 56640K, reserved 1105920K
  class space    used 5473K, committed 5952K, reserved 1048576K
}
Event: 548.427 GC heap before
{Heap before GC invocations=1494 (full 1417):
 PSYoungGen      total 55296K, used 40960K [0x00000000f5580000, 0x00000000f9d80000, 0x0000000100000000)
  eden space 40960K, 100% used [0x00000000f5580000,0x00000000f7d80000,0x00000000f7d80000)
  from space 14336K, 0% used [0x00000000f8f00000,0x00000000f8f00000,0x00000000f9d00000)
  to   space 15360K, 0% used [0x00000000f7f00000,0x00000000f7f00000,0x00000000f8e00000)
 ParOldGen       total 349696K, used 349695K [0x00000000e0000000, 0x00000000f5580000, 0x00000000f5580000)
  object space 349696K, 99% used [0x00000000e0000000,0x00000000f557fff8,0x00000000f5580000)
 Metaspace       used 55614K, committed 56640K, reserved 1105920K
  class space    used 5473K, committed 5952K, reserved 1048576K
}
Event: 549.136 GC heap after
{Heap after GC invocations=1494 (full 1417):
 PSYoungGen      total 56320K, used 40959K [0x00000000f5580000, 0x00000000f9d80000, 0x0000000100000000)
  eden space 40960K, 99% used [0x00000000f5580000,0x00000000f7d7ff20,0x00000000f7d80000)
  from space 15360K, 0% used [0x00000000f7f00000,0x00000000f7f00000,0x00000000f8e00000)
  to   space 14336K, 0% used [0x00000000f8f00000,0x00000000f8f00000,0x00000000f9d00000)
 ParOldGen       total 349696K, used 349695K [0x00000000e0000000, 0x00000000f5580000, 0x00000000f5580000)
  object space 349696K, 99% used [0x00000000e0000000,0x00000000f557ff18,0x00000000f5580000)
 Metaspace       used 55614K, committed 56640K, reserved 1105920K
  class space    used 5473K, committed 5952K, reserved 1048576K
}
Event: 549.137 GC heap before
{Heap before GC invocations=1495 (full 1418):
 PSYoungGen      total 56320K, used 40959K [0x00000000f5580000, 0x00000000f9d80000, 0x0000000100000000)
  eden space 40960K, 99% used [0x00000000f5580000,0x00000000f7d7fff0,0x00000000f7d80000)
  from space 15360K, 0% used [0x00000000f7f00000,0x00000000f7f00000,0x00000000f8e00000)
  to   space 14336K, 0% used [0x00000000f8f00000,0x00000000f8f00000,0x00000000f9d00000)
 ParOldGen       total 349696K, used 349695K [0x00000000e0000000, 0x00000000f5580000, 0x00000000f5580000)
  object space 349696K, 99% used [0x00000000e0000000,0x00000000f557fff0,0x00000000f5580000)
 Metaspace       used 55614K, committed 56640K, reserved 1105920K
  class space    used 5473K, committed 5952K, reserved 1048576K
}
Event: 549.856 GC heap after
{Heap after GC invocations=1495 (full 1418):
 PSYoungGen      total 55296K, used 40959K [0x00000000f5580000, 0x00000000f9d80000, 0x0000000100000000)
  eden space 40960K, 99% used [0x00000000f5580000,0x00000000f7d7ff80,0x00000000f7d80000)
  from space 14336K, 0% used [0x00000000f8f00000,0x00000000f8f00000,0x00000000f9d00000)
  to   space 15360K, 0% used [0x00000000f7f00000,0x00000000f7f00000,0x00000000f8e00000)
 ParOldGen       total 349696K, used 349695K [0x00000000e0000000, 0x00000000f5580000, 0x00000000f5580000)
  object space 349696K, 99% used [0x00000000e0000000,0x00000000f557ff18,0x00000000f5580000)
 Metaspace       used 55614K, committed 56640K, reserved 1105920K
  class space    used 5473K, committed 5952K, reserved 1048576K
}
Event: 549.856 GC heap before
{Heap before GC invocations=1496 (full 1419):
 PSYoungGen      total 55296K, used 40959K [0x00000000f5580000, 0x00000000f9d80000, 0x0000000100000000)
  eden space 40960K, 99% used [0x00000000f5580000,0x00000000f7d7fff8,0x00000000f7d80000)
  from space 14336K, 0% used [0x00000000f8f00000,0x00000000f8f00000,0x00000000f9d00000)
  to   space 15360K, 0% used [0x00000000f7f00000,0x00000000f7f00000,0x00000000f8e00000)
 ParOldGen       total 349696K, used 349695K [0x00000000e0000000, 0x00000000f5580000, 0x00000000f5580000)
  object space 349696K, 99% used [0x00000000e0000000,0x00000000f557ff18,0x00000000f5580000)
 Metaspace       used 55614K, committed 56640K, reserved 1105920K
  class space    used 5473K, committed 5952K, reserved 1048576K
}
Event: 550.539 GC heap after
{Heap after GC invocations=1496 (full 1419):
 PSYoungGen      total 56320K, used 40959K [0x00000000f5580000, 0x00000000f9d80000, 0x0000000100000000)
  eden space 40960K, 99% used [0x00000000f5580000,0x00000000f7d7ff98,0x00000000f7d80000)
  from space 15360K, 0% used [0x00000000f7f00000,0x00000000f7f00000,0x00000000f8e00000)
  to   space 14336K, 0% used [0x00000000f8f00000,0x00000000f8f00000,0x00000000f9d00000)
 ParOldGen       total 349696K, used 349695K [0x00000000e0000000, 0x00000000f5580000, 0x00000000f5580000)
  object space 349696K, 99% used [0x00000000e0000000,0x00000000f557ff00,0x00000000f5580000)
 Metaspace       used 55614K, committed 56640K, reserved 1105920K
  class space    used 5473K, committed 5952K, reserved 1048576K
}
Event: 550.539 GC heap before
{Heap before GC invocations=1497 (full 1420):
 PSYoungGen      total 56320K, used 40959K [0x00000000f5580000, 0x00000000f9d80000, 0x0000000100000000)
  eden space 40960K, 99% used [0x00000000f5580000,0x00000000f7d7ff98,0x00000000f7d80000)
  from space 15360K, 0% used [0x00000000f7f00000,0x00000000f7f00000,0x00000000f8e00000)
  to   space 14336K, 0% used [0x00000000f8f00000,0x00000000f8f00000,0x00000000f9d00000)
 ParOldGen       total 349696K, used 349695K [0x00000000e0000000, 0x00000000f5580000, 0x00000000f5580000)
  object space 349696K, 99% used [0x00000000e0000000,0x00000000f557ff00,0x00000000f5580000)
 Metaspace       used 55614K, committed 56640K, reserved 1105920K
  class space    used 5473K, committed 5952K, reserved 1048576K
}
Event: 551.143 GC heap after
{Heap after GC invocations=1497 (full 1420):
 PSYoungGen      total 55296K, used 40959K [0x00000000f5580000, 0x00000000f9d80000, 0x0000000100000000)
  eden space 40960K, 99% used [0x00000000f5580000,0x00000000f7d7ff98,0x00000000f7d80000)
  from space 14336K, 0% used [0x00000000f8f00000,0x00000000f8f00000,0x00000000f9d00000)
  to   space 15360K, 0% used [0x00000000f7f00000,0x00000000f7f00000,0x00000000f8e00000)
 ParOldGen       total 349696K, used 349695K [0x00000000e0000000, 0x00000000f5580000, 0x00000000f5580000)
  object space 349696K, 99% used [0x00000000e0000000,0x00000000f557ff00,0x00000000f5580000)
 Metaspace       used 55614K, committed 56640K, reserved 1105920K
  class space    used 5473K, committed 5952K, reserved 1048576K
}

Dll operation events (9 events):
Event: 0.023 Loaded shared library /nix/store/gpxl5qgg8kicmcvivwmybwjlpf7wh20l-graalvm17-ce-22.3.0/lib/libjava.so
Event: 0.029 Loaded shared library /nix/store/gpxl5qgg8kicmcvivwmybwjlpf7wh20l-graalvm17-ce-22.3.0/lib/libjsvml.so
Event: 0.129 Loaded shared library /nix/store/gpxl5qgg8kicmcvivwmybwjlpf7wh20l-graalvm17-ce-22.3.0/lib/libnio.so
Event: 0.133 Loaded shared library /nix/store/gpxl5qgg8kicmcvivwmybwjlpf7wh20l-graalvm17-ce-22.3.0/lib/libzip.so
Event: 0.138 Loaded shared library /nix/store/gpxl5qgg8kicmcvivwmybwjlpf7wh20l-graalvm17-ce-22.3.0/lib/libjvmcicompiler.so
Event: 0.265 Loaded shared library /nix/store/gpxl5qgg8kicmcvivwmybwjlpf7wh20l-graalvm17-ce-22.3.0/lib/libjimage.so
Event: 0.748 Loaded shared library /nix/store/gpxl5qgg8kicmcvivwmybwjlpf7wh20l-graalvm17-ce-22.3.0/lib/libnet.so
Event: 1.720 Loaded shared library /home/runner/Final-Project-Code-Space-CS3HonorsLabsfo-20/.cache/jdt-language-server/config/org.eclipse.equinox.launcher/org.eclipse.equinox.launcher.gtk.linux.x86_64_1.2.400.v20211117-0650/eclipse_11600.so
Event: 7.481 Loaded shared library /nix/store/gpxl5qgg8kicmcvivwmybwjlpf7wh20l-graalvm17-ce-22.3.0/lib/libextnet.so

Deoptimization events (20 events):
Event: 13.881 Thread 0x00007fd7585e4b40 DEOPT PACKING pc=0x00007fd7a82f0bdd sp=0x00007fd76edfe530
Event: 13.881 Thread 0x00007fd7585e4b40 DEOPT UNPACKING pc=0x00007fd7a7505325 sp=0x00007fd76edfda20 mode 0
Event: 13.882 Thread 0x00007fd7585e4b40 DEOPT PACKING pc=0x00007fd7a82f0bdd sp=0x00007fd76edfe530
Event: 13.882 Thread 0x00007fd7585e4b40 DEOPT UNPACKING pc=0x00007fd7a7505325 sp=0x00007fd76edfda20 mode 0
Event: 13.883 Thread 0x00007fd7585e4b40 DEOPT PACKING pc=0x00007fd7a82f0bdd sp=0x00007fd76edfe530
Event: 13.883 Thread 0x00007fd7585e4b40 DEOPT UNPACKING pc=0x00007fd7a7505325 sp=0x00007fd76edfda20 mode 0
Event: 132.652 Thread 0x00007fd72821a7a0 Uncommon trap: trap_request=0xffffffcd fr.pc=0x00007fd7af1b736e relative=0x000000000000006e
Event: 132.652 Thread 0x00007fd72821a7a0 Uncommon trap: reason=intrinsic_or_type_checked_inlining action=reinterpret pc=0x00007fd7af1b736e method=org.eclipse.jdt.internal.core.JavaElement.getJavaProject()Lorg/eclipse/jdt/core/IJavaProject; @ 0 jvmci
Event: 132.652 Thread 0x00007fd72821a7a0 DEOPT PACKING pc=0x00007fd7af1b736e sp=0x00007fd76e2fde80
Event: 132.652 Thread 0x00007fd72821a7a0 DEOPT UNPACKING pc=0x00007fd7a7505325 sp=0x00007fd76e2fd328 mode 3
Event: 136.362 Thread 0x00007fd72821a7a0 Uncommon trap: trap_request=0xffffffed fr.pc=0x00007fd7af183322 relative=0x0000000000000082
Event: 136.362 Thread 0x00007fd72821a7a0 Uncommon trap: reason=null_assert_or_unreached0 action=reinterpret pc=0x00007fd7af183322 method=org.eclipse.jdt.internal.compiler.classfmt.MethodInfo.getExceptionTypeNames()[[C @ 4 jvmci
Event: 136.362 Thread 0x00007fd72821a7a0 DEOPT PACKING pc=0x00007fd7af183322 sp=0x00007fd76e2fd3e0
Event: 136.362 Thread 0x00007fd72821a7a0 DEOPT UNPACKING pc=0x00007fd7a7505325 sp=0x00007fd76e2fc880 mode 3
Event: 137.215 Thread 0x00007fd72821b270 DEOPT PACKING pc=0x00007fd7a7fdeeca sp=0x00007fd76ebfd9e0
Event: 137.215 Thread 0x00007fd72821b270 DEOPT UNPACKING pc=0x00007fd7a7505325 sp=0x00007fd76ebfcef8 mode 0
Event: 433.357 Thread 0x00007fd7c042b9a0 Uncommon trap: trap_request=0xffffffed fr.pc=0x00007fd7af045434 relative=0x0000000000000954
Event: 433.358 Thread 0x00007fd7c042b9a0 Uncommon trap: reason=null_assert_or_unreached0 action=reinterpret pc=0x00007fd7af045434 method=com.google.gson.stream.JsonReader.nextQuotedValue(C)Ljava/lang/String; @ 23 jvmci
Event: 433.358 Thread 0x00007fd7c042b9a0 DEOPT PACKING pc=0x00007fd7af045434 sp=0x00007fd76e5fded0
Event: 433.358 Thread 0x00007fd7c042b9a0 DEOPT UNPACKING pc=0x00007fd7a7505325 sp=0x00007fd76e5fd288 mode 3

Classes unloaded (20 events):
Event: 139.120 Thread 0x00007fd7c00c2630 Unloading class 0x0000000801109c00 'jdk/internal/reflect/GeneratedSerializationConstructorAccessor13'
Event: 139.120 Thread 0x00007fd7c00c2630 Unloading class 0x0000000801109800 'jdk/internal/reflect/GeneratedSerializationConstructorAccessor12'
Event: 139.120 Thread 0x00007fd7c00c2630 Unloading class 0x0000000801109400 'jdk/internal/reflect/GeneratedMethodAccessor12'
Event: 139.120 Thread 0x00007fd7c00c2630 Unloading class 0x0000000801109000 'jdk/internal/reflect/GeneratedMethodAccessor11'
Event: 139.120 Thread 0x00007fd7c00c2630 Unloading class 0x0000000801108c00 'jdk/internal/reflect/GeneratedSerializationConstructorAccessor11'
Event: 139.120 Thread 0x00007fd7c00c2630 Unloading class 0x0000000801108800 'jdk/internal/reflect/GeneratedSerializationConstructorAccessor10'
Event: 139.120 Thread 0x00007fd7c00c2630 Unloading class 0x0000000801108400 'jdk/internal/reflect/GeneratedSerializationConstructorAccessor9'
Event: 139.120 Thread 0x00007fd7c00c2630 Unloading class 0x0000000801108000 'jdk/internal/reflect/GeneratedSerializationConstructorAccessor8'
Event: 139.120 Thread 0x00007fd7c00c2630 Unloading class 0x0000000801098800 'jdk/internal/reflect/GeneratedSerializationConstructorAccessor7'
Event: 139.120 Thread 0x00007fd7c00c2630 Unloading class 0x0000000801098400 'jdk/internal/reflect/GeneratedSerializationConstructorAccessor6'
Event: 139.120 Thread 0x00007fd7c00c2630 Unloading class 0x0000000801098000 'jdk/internal/reflect/GeneratedSerializationConstructorAccessor5'
Event: 139.120 Thread 0x00007fd7c00c2630 Unloading class 0x0000000801095400 'jdk/internal/reflect/GeneratedSerializationConstructorAccessor4'
Event: 139.120 Thread 0x00007fd7c00c2630 Unloading class 0x000000080103cc00 'jdk/internal/reflect/GeneratedMethodAccessor10'
Event: 139.120 Thread 0x00007fd7c00c2630 Unloading class 0x000000080103c800 'jdk/internal/reflect/GeneratedMethodAccessor9'
Event: 139.120 Thread 0x00007fd7c00c2630 Unloading class 0x000000080103c400 'jdk/internal/reflect/GeneratedMethodAccessor8'
Event: 139.120 Thread 0x00007fd7c00c2630 Unloading class 0x000000080103c000 'jdk/internal/reflect/GeneratedMethodAccessor7'
Event: 139.120 Thread 0x00007fd7c00c2630 Unloading class 0x0000000801017400 'jdk/internal/reflect/GeneratedSerializationConstructorAccessor3'
Event: 139.120 Thread 0x00007fd7c00c2630 Unloading class 0x0000000801017000 'jdk/internal/reflect/GeneratedConstructorAccessor23'
Event: 139.120 Thread 0x00007fd7c00c2630 Unloading class 0x0000000800fcc000 'jdk/internal/reflect/GeneratedSerializationConstructorAccessor2'
Event: 139.120 Thread 0x00007fd7c00c2630 Unloading class 0x0000000800fc1c00 'jdk/internal/reflect/GeneratedSerializationConstructorAccessor1'

Classes redefined (0 events):
No events

Internal exceptions (20 events):
Event: 8.493 Thread 0x00007fd7400010d0 Exception <a 'java/io/FileNotFoundException'{0x00000000f5e282b0}> (0x00000000f5e282b0) 
thrown [src/hotspot/share/prims/jni.cpp, line 516]
Event: 8.493 Thread 0x00007fd7400010d0 Exception <a 'java/io/FileNotFoundException'{0x00000000f5e29660}> (0x00000000f5e29660) 
thrown [src/hotspot/share/prims/jni.cpp, line 516]
Event: 8.522 Thread 0x00007fd7585e4b40 Implicit null exception at 0x00007fd7af130fd6 to 0x00007fd7af137427
Event: 8.522 Thread 0x00007fd7400010d0 Exception <a 'java/lang/NoSuchMethodError'{0x00000000f60fc640}: static Lorg/eclipse/m2e/core/internal/lifecyclemapping/model/PluginExecutionMetadata;.<clinit>()V> (0x00000000f60fc640) 
thrown [src/hotspot/share/prims/jni.cpp, line 1107]
Event: 8.524 Thread 0x00007fd7400010d0 Exception <a 'java/lang/NoSuchMethodError'{0x00000000f6407278}: static Lorg/eclipse/m2e/core/internal/lifecyclemapping/model/PluginExecutionFilter;.<clinit>()V> (0x00000000f6407278) 
thrown [src/hotspot/share/prims/jni.cpp, line 1107]
Event: 8.531 Thread 0x00007fd7400010d0 Exception <a 'sun/nio/fs/UnixException'{0x00000000f65fe1b0}> (0x00000000f65fe1b0) 
thrown [src/hotspot/share/prims/jni.cpp, line 516]
Event: 8.533 Thread 0x00007fd7400010d0 Exception <a 'sun/nio/fs/UnixException'{0x00000000f667eb30}> (0x00000000f667eb30) 
thrown [src/hotspot/share/prims/jni.cpp, line 516]
Event: 8.535 Thread 0x00007fd7400010d0 Exception <a 'sun/nio/fs/UnixException'{0x00000000f6753de0}> (0x00000000f6753de0) 
thrown [src/hotspot/share/prims/jni.cpp, line 516]
Event: 8.831 Thread 0x00007fd7c042b9a0 Exception <a 'java/lang/NoSuchMethodError'{0x00000000f695f110}: 'java.lang.Object java.lang.invoke.DirectMethodHandle$Holder.invokeInterface(java.lang.Object, java.lang.Object, java.lang.Object)'> (0x00000000f695f110) 
thrown [src/hotspot/share/interpreter/linkResolver.cpp, line 758]
Event: 8.875 Thread 0x00007fd75845bb40 Exception <a 'java/lang/NoSuchMethodError'{0x00000000f702cfe8}: static [Lorg/eclipse/core/runtime/IPath;.<clinit>()V> (0x00000000f702cfe8) 
thrown [src/hotspot/share/prims/jni.cpp, line 1107]
Event: 8.894 Thread 0x00007fd75845bb40 Exception <a 'java/lang/NoSuchMethodError'{0x00000000f56de5e8}: static [J.<clinit>()V> (0x00000000f56de5e8) 
thrown [src/hotspot/share/prims/jni.cpp, line 1107]
Event: 9.436 Thread 0x00007fd718000ff0 Exception <a 'java/io/FileNotFoundException'{0x00000000f5b6b758}> (0x00000000f5b6b758) 
thrown [src/hotspot/share/prims/jni.cpp, line 516]
Event: 9.440 Thread 0x00007fd718000ff0 Exception <a 'java/lang/NoSuchMethodError'{0x00000000f5b99318}: 'java.lang.Object java.lang.invoke.DirectMethodHandle$Holder.newInvokeSpecial(java.lang.Object, java.lang.Object, int, java.lang.Object, java.lang.Object)'> (0x00000000f5b99318) 
thrown [src/hotspot/share/interpreter/linkResolver.cpp, line 758]
Event: 9.440 Thread 0x00007fd718000ff0 Exception <a 'java/lang/NoSuchMethodError'{0x00000000f5b9d748}: 'java.lang.Object java.lang.invoke.DirectMethodHandle$Holder.invokeSpecial(java.lang.Object, java.lang.Object, java.lang.Object, int, java.lang.Object, java.lang.Object)'> (0x00000000f5b9d748) 
thrown [src/hotspot/share/interpreter/linkResolver.cpp, line 758]
Event: 9.499 Thread 0x00007fd718000ff0 Exception <a 'java/lang/NoSuchMethodError'{0x00000000f5dbb178}: 'java.lang.Object java.lang.invoke.DirectMethodHandle$Holder.newInvokeSpecial(java.lang.Object, java.lang.Object, java.lang.Object, int, java.lang.Object)'> (0x00000000f5dbb178) 
thrown [src/hotspot/share/interpreter/linkResolver.cpp, line 758]
Event: 9.499 Thread 0x00007fd718000ff0 Exception <a 'java/lang/NoSuchMethodError'{0x00000000f5dbf328}: 'java.lang.Object java.lang.invoke.DirectMethodHandle$Holder.invokeSpecial(java.lang.Object, java.lang.Object, java.lang.Object, java.lang.Object, int, java.lang.Object)'> (0x00000000f5dbf328) 
thrown [src/hotspot/share/interpreter/linkResolver.cpp, line 758]
Event: 9.516 Thread 0x00007fd718000ff0 Exception <a 'java/lang/NoSuchMethodError'{0x00000000f5dc2e10}: 'java.lang.Object java.lang.invoke.Invokers$Holder.linkToTargetMethod(java.lang.Object, java.lang.Object, int, java.lang.Object, java.lang.Object)'> (0x00000000f5dc2e10) 
thrown [src/hotspot/share/interpreter/linkResolver.cpp, line 758]
Event: 9.570 Thread 0x00007fd718000ff0 Implicit null exception at 0x00007fd7aefac155 to 0x00007fd7aefac465
Event: 9.804 Thread 0x00007fd718000ff0 Implicit null exception at 0x00007fd7af055986 to 0x00007fd7af055f6b
Event: 551.143 Thread 0x00007fd7c00d2c50 Exception <a 'java/lang/OutOfMemoryError'{0x00000000e00e6440}> (0x00000000e00e6440) 
thrown [src/hotspot/share/gc/shared/memAllocator.cpp, line 136]

VM Operations (20 events):
Event: 545.306 Executing VM operation: ParallelGCFailedAllocation
Event: 545.658 Executing VM operation: ParallelGCFailedAllocation done
Event: 545.658 Executing VM operation: ParallelGCFailedAllocation
Event: 545.953 Executing VM operation: ParallelGCFailedAllocation done
Event: 545.953 Executing VM operation: ParallelGCFailedAllocation
Event: 546.272 Executing VM operation: ParallelGCFailedAllocation done
Event: 546.272 Executing VM operation: ParallelGCFailedAllocation
Event: 546.625 Executing VM operation: ParallelGCFailedAllocation done
Event: 546.625 Executing VM operation: ParallelGCFailedAllocation
Event: 546.996 Executing VM operation: ParallelGCFailedAllocation done
Event: 546.996 Executing VM operation: ParallelGCFailedAllocation
Event: 547.302 Executing VM operation: ParallelGCFailedAllocation done
Event: 547.303 Executing VM operation: ParallelGCFailedAllocation
Event: 547.821 Executing VM operation: ParallelGCFailedAllocation done
Event: 547.821 Executing VM operation: ParallelGCFailedAllocation
Event: 549.136 Executing VM operation: ParallelGCFailedAllocation done
Event: 549.137 Executing VM operation: ParallelGCFailedAllocation
Event: 549.856 Executing VM operation: ParallelGCFailedAllocation done
Event: 549.856 Executing VM operation: ParallelGCFailedAllocation
Event: 551.143 Executing VM operation: ParallelGCFailedAllocation done

Events (20 events):
Event: 335.487 loading class sun/nio/ch/ExtendedSocketOption$1 done
Event: 335.793 loading class sun/security/ssl/Alert
Event: 335.793 loading class sun/security/ssl/Alert done
Event: 335.793 loading class sun/security/ssl/Alert$AlertConsumer
Event: 335.793 loading class sun/security/ssl/Alert$AlertConsumer done
Event: 335.794 loading class sun/security/ssl/Alert$Level
Event: 335.794 loading class sun/security/ssl/Alert$Level done
Event: 336.096 loading class javax/crypto/ShortBufferException
Event: 336.096 loading class javax/crypto/ShortBufferException done
Event: 336.097 loading class java/net/SocketException
Event: 336.097 loading class java/net/SocketException done
Event: 336.401 loading class java/io/InterruptedIOException
Event: 336.401 loading class java/io/InterruptedIOException done
Event: 336.401 loading class javax/net/ssl/SSLException
Event: 336.401 loading class javax/net/ssl/SSLException done
Event: 360.645 loading class java/lang/AssertionError
Event: 362.737 loading class java/lang/AssertionError done
Event: 396.704 Thread 0x00007fd744481010 Thread exited: 0x00007fd744481010
Event: 397.372 Thread 0x00007fd7444805f0 Thread exited: 0x00007fd7444805f0
Event: 405.152 Thread 0x00007fd754002370 Thread exited: 0x00007fd754002370


Dynamic libraries:
e0000000-efe00000 rw-p 00000000 00:00 0 
efe00000-f9d80000 rw-p 00000000 00:00 0 
f9d80000-100000000 ---p 00000000 00:00 0 
800000000-800449000 rw-p 00001000 08:10 707969865                        /nix/store/gpxl5qgg8kicmcvivwmybwjlpf7wh20l-graalvm17-ce-22.3.0/lib/server/classes.jsa
800449000-800bc8000 r--p 0044a000 08:10 707969865                        /nix/store/gpxl5qgg8kicmcvivwmybwjlpf7wh20l-graalvm17-ce-22.3.0/lib/server/classes.jsa
800bc8000-800c00000 ---p 00000000 00:00 0 
800c00000-800c10000 rw-p 00000000 00:00 0 
800c10000-800c30000 rw-p 00000000 00:00 0 
800c30000-800cb0000 rw-p 00000000 00:00 0 
800cb0000-800cf0000 rw-p 00000000 00:00 0 
800cf0000-800db0000 rw-p 00000000 00:00 0 
800db0000-800df0000 rw-p 00000000 00:00 0 
800df0000-801050000 rw-p 00000000 00:00 0 
801050000-801090000 rw-p 00000000 00:00 0 
801090000-8010b0000 rw-p 00000000 00:00 0 
8010b0000-8011d0000 rw-p 00000000 00:00 0 
8011d0000-840c00000 ---p 00000000 00:00 0 
605df7fe3000-605df7fe4000 r-xp 00000000 08:10 672029940                  /nix/store/gpxl5qgg8kicmcvivwmybwjlpf7wh20l-graalvm17-ce-22.3.0/bin/.java-wrapped
605df7fe5000-605df7fe6000 r--p 00001000 08:10 672029940                  /nix/store/gpxl5qgg8kicmcvivwmybwjlpf7wh20l-graalvm17-ce-22.3.0/bin/.java-wrapped
605df7fe6000-605df7fe7000 rw-p 00002000 08:10 672029940                  /nix/store/gpxl5qgg8kicmcvivwmybwjlpf7wh20l-graalvm17-ce-22.3.0/bin/.java-wrapped
605df7fe7000-605df7fe8000 rw-p 00004000 08:10 672029940                  /nix/store/gpxl5qgg8kicmcvivwmybwjlpf7wh20l-graalvm17-ce-22.3.0/bin/.java-wrapped
605df7fe8000-605df7fe9000 rw-p 00005000 08:10 672029940                  /nix/store/gpxl5qgg8kicmcvivwmybwjlpf7wh20l-graalvm17-ce-22.3.0/bin/.java-wrapped
605df9313000-605df935b000 rw-p 00000000 00:00 0                          [heap]
7fd700000000-7fd700021000 rw-p 00000000 00:00 0 
7fd700021000-7fd704000000 ---p 00000000 00:00 0 
7fd704000000-7fd704021000 rw-p 00000000 00:00 0 
7fd704021000-7fd708000000 ---p 00000000 00:00 0 
7fd708000000-7fd708021000 rw-p 00000000 00:00 0 
7fd708021000-7fd70c000000 ---p 00000000 00:00 0 
7fd70c000000-7fd70c021000 rw-p 00000000 00:00 0 
7fd70c021000-7fd710000000 ---p 00000000 00:00 0 
7fd710000000-7fd71016a000 rw-p 00000000 00:00 0 
7fd71016a000-7fd714000000 ---p 00000000 00:00 0 
7fd714000000-7fd714021000 rw-p 00000000 00:00 0 
7fd714021000-7fd718000000 ---p 00000000 00:00 0 
7fd718000000-7fd718021000 rw-p 00000000 00:00 0 
7fd718021000-7fd71c000000 ---p 00000000 00:00 0 
7fd71d400000-7fd71d600000 rw-p 00000000 00:00 0 
7fd71d600000-7fd71dc00000 ---p 00000000 00:00 0 
7fd71dc00000-7fd71dcf0000 rw-p 00000000 00:00 0 
7fd71dcf0000-7fd71dd80000 rw-p 00000000 00:00 0 
7fd71dd80000-7fd71de00000 ---p 00000000 00:00 0 
7fd71de00000-7fd71e400000 rw-p 00000000 00:00 0 
7fd71e4b3000-7fd728000000 r--s 00000000 08:10 707804677                  /nix/store/gpxl5qgg8kicmcvivwmybwjlpf7wh20l-graalvm17-ce-22.3.0/lib/modules
7fd728000000-7fd728242000 rw-p 00000000 00:00 0 
7fd728242000-7fd72c000000 ---p 00000000 00:00 0 
7fd72c000000-7fd72c03d000 rw-p 00000000 00:00 0 
7fd72c03d000-7fd730000000 ---p 00000000 00:00 0 
7fd730000000-7fd730021000 rw-p 00000000 00:00 0 
7fd730021000-7fd734000000 ---p 00000000 00:00 0 
7fd734000000-7fd734021000 rw-p 00000000 00:00 0 
7fd734021000-7fd738000000 ---p 00000000 00:00 0 
7fd738000000-7fd73805e000 rw-p 00000000 00:00 0 
7fd73805e000-7fd73c000000 ---p 00000000 00:00 0 
7fd73c000000-7fd73c2de000 rw-p 00000000 00:00 0 
7fd73c2de000-7fd740000000 ---p 00000000 00:00 0 
7fd740000000-7fd740045000 rw-p 00000000 00:00 0 
7fd740045000-7fd744000000 ---p 00000000 00:00 0 
7fd744000000-7fd74452d000 rw-p 00000000 00:00 0 
7fd74452d000-7fd748000000 ---p 00000000 00:00 0 
7fd748000000-7fd748021000 rw-p 00000000 00:00 0 
7fd748021000-7fd74c000000 ---p 00000000 00:00 0 
7fd74d400000-7fd74d770000 rw-p 00000000 00:00 0 
7fd74d770000-7fd74d8f0000 rw-p 00000000 00:00 0 
7fd74d8f0000-7fd74daf0000 rw-p 00000000 00:00 0 
7fd74daf0000-7fd74db70000 rw-p 00000000 00:00 0 
7fd74db70000-7fd74dbf0000 rw-p 00000000 00:00 0 
7fd74dbf0000-7fd74ddf0000 rw-p 00000000 00:00 0 
7fd74ddf0000-7fd74e3f0000 rw-p 00000000 00:00 0 
7fd74e3f0000-7fd74e400000 rw-p 00000000 00:00 0 
7fd74f000000-7fd74f170000 rw-p 00000000 00:00 0 
7fd74f170000-7fd74f1f0000 rw-p 00000000 00:00 0 
7fd74f1f0000-7fd74f5f0000 rw-p 00000000 00:00 0 
7fd74f5f0000-7fd74f7f0000 rw-p 00000000 00:00 0 
7fd74f7f0000-7fd74f8f0000 rw-p 00000000 00:00 0 
7fd74f8f0000-7fd74f9f0000 rw-p 00000000 00:00 0 
7fd74f9f0000-7fd74fef0000 rw-p 00000000 00:00 0 
7fd74fef0000-7fd750000000 rw-p 00000000 00:00 0 
7fd750000000-7fd750021000 rw-p 00000000 00:00 0 
7fd750021000-7fd754000000 ---p 00000000 00:00 0 
7fd754000000-7fd754021000 rw-p 00000000 00:00 0 
7fd754021000-7fd758000000 ---p 00000000 00:00 0 
7fd758000000-7fd758874000 rw-p 00000000 00:00 0 
7fd758874000-7fd75c000000 ---p 00000000 00:00 0 
7fd75c000000-7fd75c03e000 rw-p 00000000 00:00 0 
7fd75c03e000-7fd760000000 ---p 00000000 00:00 0 
7fd760000000-7fd760021000 rw-p 00000000 00:00 0 
7fd760021000-7fd764000000 ---p 00000000 00:00 0 
7fd764000000-7fd764021000 rw-p 00000000 00:00 0 
7fd764021000-7fd768000000 ---p 00000000 00:00 0 
7fd768000000-7fd768021000 rw-p 00000000 00:00 0 
7fd768021000-7fd76c000000 ---p 00000000 00:00 0 
7fd76c400000-7fd76c410000 r-xp 00000000 00:9cd 296                       /home/runner/Final-Project-Code-Space-CS3HonorsLabsfo-20/.cache/jdt-language-server/config/org.eclipse.equinox.launcher/org.eclipse.equinox.launcher.gtk.linux.x86_64_1.2.400.v20211117-0650/eclipse_11600.so
7fd76c410000-7fd76c60f000 ---p 00010000 00:9cd 296                       /home/runner/Final-Project-Code-Space-CS3HonorsLabsfo-20/.cache/jdt-language-server/config/org.eclipse.equinox.launcher/org.eclipse.equinox.launcher.gtk.linux.x86_64_1.2.400.v20211117-0650/eclipse_11600.so
7fd76c60f000-7fd76c610000 r--p 0000f000 00:9cd 296                       /home/runner/Final-Project-Code-Space-CS3HonorsLabsfo-20/.cache/jdt-language-server/config/org.eclipse.equinox.launcher/org.eclipse.equinox.launcher.gtk.linux.x86_64_1.2.400.v20211117-0650/eclipse_11600.so
7fd76c610000-7fd76c611000 rw-p 00010000 00:9cd 296                       /home/runner/Final-Project-Code-Space-CS3HonorsLabsfo-20/.cache/jdt-language-server/config/org.eclipse.equinox.launcher/org.eclipse.equinox.launcher.gtk.linux.x86_64_1.2.400.v20211117-0650/eclipse_11600.so
7fd76c6fe000-7fd76c6ff000 ---p 00000000 00:00 0 
7fd76c6ff000-7fd76c800000 rw-p 00000000 00:00 0 
7fd76cb00000-7fd76cc00000 ---p 00000000 00:00 0 
7fd76cc00000-7fd76d1af000 r--p 01122000 08:10 707802136                  /nix/store/gpxl5qgg8kicmcvivwmybwjlpf7wh20l-graalvm17-ce-22.3.0/lib/libjvmcicompiler.so
7fd76d1af000-7fd76d300000 r--p 00000000 00:00 0 
7fd76d300000-7fd76d33d000 rw-p 00000000 00:00 0 
7fd76d33d000-7fd76d85d000 rw-p 0185f000 08:10 707802136                  /nix/store/gpxl5qgg8kicmcvivwmybwjlpf7wh20l-graalvm17-ce-22.3.0/lib/libjvmcicompiler.so
7fd76d85d000-7fd76dc44000 r--p 01d7f000 08:10 707802136                  /nix/store/gpxl5qgg8kicmcvivwmybwjlpf7wh20l-graalvm17-ce-22.3.0/lib/libjvmcicompiler.so
7fd76dd00000-7fd76dd04000 ---p 00000000 00:00 0 
7fd76dd04000-7fd76de00000 rw-p 00000000 00:00 0 
7fd76df00000-7fd76df04000 ---p 00000000 00:00 0 
7fd76df04000-7fd76e000000 rw-p 00000000 00:00 0 
7fd76e100000-7fd76e104000 ---p 00000000 00:00 0 
7fd76e104000-7fd76e200000 rw-p 00000000 00:00 0 
7fd76e200000-7fd76e204000 ---p 00000000 00:00 0 
7fd76e204000-7fd76e300000 rw-p 00000000 00:00 0 
7fd76e300000-7fd76e304000 ---p 00000000 00:00 0 
7fd76e304000-7fd76e400000 rw-p 00000000 00:00 0 
7fd76e500000-7fd76e504000 ---p 00000000 00:00 0 
7fd76e504000-7fd76e600000 rw-p 00000000 00:00 0 
7fd76e700000-7fd76e704000 ---p 00000000 00:00 0 
7fd76e704000-7fd76e800000 rw-p 00000000 00:00 0 
7fd76e900000-7fd76e904000 ---p 00000000 00:00 0 
7fd76e904000-7fd76ea00000 rw-p 00000000 00:00 0 
7fd76eb00000-7fd76eb04000 ---p 00000000 00:00 0 
7fd76eb04000-7fd76ec00000 rw-p 00000000 00:00 0 
7fd76ed00000-7fd76ed04000 ---p 00000000 00:00 0 
7fd76ed04000-7fd76ee00000 rw-p 00000000 00:00 0 
7fd76fa68000-7fd76ff00000 rw-p 00000000 00:00 0 
7fd770000000-7fd770021000 rw-p 00000000 00:00 0 
7fd770021000-7fd774000000 ---p 00000000 00:00 0 
7fd774000000-7fd774021000 rw-p 00000000 00:00 0 
7fd774021000-7fd778000000 ---p 00000000 00:00 0 
7fd778000000-7fd778021000 rw-p 00000000 00:00 0 
7fd778021000-7fd77c000000 ---p 00000000 00:00 0 
7fd77c000000-7fd77c021000 rw-p 00000000 00:00 0 
7fd77c021000-7fd780000000 ---p 00000000 00:00 0 
7fd780000000-7fd780110000 rw-p 00000000 00:00 0 
7fd780110000-7fd784000000 ---p 00000000 00:00 0 
7fd784000000-7fd784bbf000 rw-p 00000000 00:00 0 
7fd784bbf000-7fd788000000 ---p 00000000 00:00 0 
7fd788000000-7fd788021000 rw-p 00000000 00:00 0 
7fd788021000-7fd78c000000 ---p 00000000 00:00 0 
7fd78c000000-7fd78c021000 rw-p 00000000 00:00 0 
7fd78c021000-7fd790000000 ---p 00000000 00:00 0 
7fd790000000-7fd790021000 rw-p 00000000 00:00 0 
7fd790021000-7fd794000000 ---p 00000000 00:00 0 
7fd794000000-7fd794021000 rw-p 00000000 00:00 0 
7fd794021000-7fd798000000 ---p 00000000 00:00 0 
7fd798000000-7fd79802f000 rw-p 00000000 00:00 0 
7fd79802f000-7fd79c000000 ---p 00000000 00:00 0 
7fd79c000000-7fd79c021000 rw-p 00000000 00:00 0 
7fd79c021000-7fd7a0000000 ---p 00000000 00:00 0 
7fd7a0000000-7fd7a003b000 rw-p 00000000 00:00 0 
7fd7a003b000-7fd7a4000000 ---p 00000000 00:00 0 
7fd7a4100000-7fd7a4104000 ---p 00000000 00:00 0 
7fd7a4104000-7fd7a4200000 rw-p 00000000 00:00 0 
7fd7a4300000-7fd7a4304000 ---p 00000000 00:00 0 
7fd7a4304000-7fd7a4400000 rw-p 00000000 00:00 0 
7fd7a4400000-7fd7a4404000 ---p 00000000 00:00 0 
7fd7a4404000-7fd7a4500000 rw-p 00000000 00:00 0 
7fd7a4500000-7fd7a4504000 ---p 00000000 00:00 0 
7fd7a4504000-7fd7a4600000 rw-p 00000000 00:00 0 
7fd7a4700000-7fd7a4704000 ---p 00000000 00:00 0 
7fd7a4704000-7fd7a4800000 rw-p 00000000 00:00 0 
7fd7a4900000-7fd7a4904000 ---p 00000000 00:00 0 
7fd7a4904000-7fd7a4a00000 rw-p 00000000 00:00 0 
7fd7a4a00000-7fd7a4a04000 ---p 00000000 00:00 0 
7fd7a4a04000-7fd7a4b00000 rw-p 00000000 00:00 0 
7fd7a4b00000-7fd7a4b04000 ---p 00000000 00:00 0 
7fd7a4b04000-7fd7a4c00000 rw-p 00000000 00:00 0 
7fd7a4d00000-7fd7a4d04000 ---p 00000000 00:00 0 
7fd7a4d04000-7fd7a4e00000 rw-p 00000000 00:00 0 
7fd7a4e00000-7fd7a4e04000 ---p 00000000 00:00 0 
7fd7a4e04000-7fd7a4f00000 rw-p 00000000 00:00 0 
7fd7a4f00000-7fd7a4f04000 ---p 00000000 00:00 0 
7fd7a4f04000-7fd7a5000000 rw-p 00000000 00:00 0 
7fd7a5000000-7fd7a716a000 r-xp 00000000 08:10 707802136                  /nix/store/gpxl5qgg8kicmcvivwmybwjlpf7wh20l-graalvm17-ce-22.3.0/lib/libjvmcicompiler.so
7fd7a716a000-7fd7a7369000 ---p 0216a000 08:10 707802136                  /nix/store/gpxl5qgg8kicmcvivwmybwjlpf7wh20l-graalvm17-ce-22.3.0/lib/libjvmcicompiler.so
7fd7a7369000-7fd7a736a000 r--p 02169000 08:10 707802136                  /nix/store/gpxl5qgg8kicmcvivwmybwjlpf7wh20l-graalvm17-ce-22.3.0/lib/libjvmcicompiler.so
7fd7a736a000-7fd7a736c000 rw-p 0216a000 08:10 707802136                  /nix/store/gpxl5qgg8kicmcvivwmybwjlpf7wh20l-graalvm17-ce-22.3.0/lib/libjvmcicompiler.so
7fd7a736c000-7fd7a736d000 rw-p 00000000 00:00 0 
7fd7a736d000-7fd7a7372000 rw-p 023c3000 08:10 707802136                  /nix/store/gpxl5qgg8kicmcvivwmybwjlpf7wh20l-graalvm17-ce-22.3.0/lib/libjvmcicompiler.so
7fd7a73b1000-7fd7a73b2000 ---p 00000000 00:00 0 
7fd7a73b2000-7fd7a74b3000 rw-p 00000000 00:00 0 
7fd7a74b3000-7fd7a7723000 rwxp 00000000 00:00 0 
7fd7a7723000-7fd7a7a42000 ---p 00000000 00:00 0 
7fd7a7a42000-7fd7a8a12000 rwxp 00000000 00:00 0 
7fd7a8a12000-7fd7aef7a000 ---p 00000000 00:00 0 
7fd7aef7a000-7fd7af20a000 rwxp 00000000 00:00 0 
7fd7af20a000-7fd7b64b3000 ---p 00000000 00:00 0 
7fd7b64b3000-7fd7c0000000 r--s 00000000 08:10 707804677                  /nix/store/gpxl5qgg8kicmcvivwmybwjlpf7wh20l-graalvm17-ce-22.3.0/lib/modules
7fd7c0000000-7fd7c043b000 rw-p 00000000 00:00 0 
7fd7c043b000-7fd7c4000000 ---p 00000000 00:00 0 
7fd7c4018000-7fd7c401c000 ---p 00000000 00:00 0 
7fd7c401c000-7fd7c4118000 rw-p 00000000 00:00 0 
7fd7c4118000-7fd7c411c000 ---p 00000000 00:00 0 
7fd7c411c000-7fd7c4218000 rw-p 00000000 00:00 0 
7fd7c4218000-7fd7c421c000 ---p 00000000 00:00 0 
7fd7c421c000-7fd7c4318000 rw-p 00000000 00:00 0 
7fd7c4318000-7fd7c431c000 ---p 00000000 00:00 0 
7fd7c431c000-7fd7c4518000 rw-p 00000000 00:00 0 
7fd7c4518000-7fd7c451c000 ---p 00000000 00:00 0 
7fd7c451c000-7fd7c4718000 rw-p 00000000 00:00 0 
7fd7c4718000-7fd7c471c000 ---p 00000000 00:00 0 
7fd7c471c000-7fd7c4818000 rw-p 00000000 00:00 0 
7fd7c4818000-7fd7c481c000 ---p 00000000 00:00 0 
7fd7c481c000-7fd7c4918000 rw-p 00000000 00:00 0 
7fd7c4918000-7fd7c491c000 ---p 00000000 00:00 0 
7fd7c491c000-7fd7c4a18000 rw-p 00000000 00:00 0 
7fd7c4a18000-7fd7c4cfe000 r--p 00000000 08:01 2602627                    /usr/lib/locale/locale-archive
7fd7c4cfe000-7fd7c4d02000 ---p 00000000 00:00 0 
7fd7c4d02000-7fd7c4dfe000 rw-p 00000000 00:00 0 
7fd7c4dfe000-7fd7c4e02000 ---p 00000000 00:00 0 
7fd7c4e02000-7fd7c4efe000 rw-p 00000000 00:00 0 
7fd7c4efe000-7fd7c4eff000 ---p 00000000 00:00 0 
7fd7c4eff000-7fd7c53f0000 rw-p 00000000 00:00 0 
7fd7c53f0000-7fd7c56f0000 rw-p 00000000 00:00 0 
7fd7c56f0000-7fd7c5800000 rw-p 00000000 00:00 0 
7fd7c584c000-7fd7c584e000 r-xp 00000000 08:10 707802113                  /nix/store/gpxl5qgg8kicmcvivwmybwjlpf7wh20l-graalvm17-ce-22.3.0/lib/libextnet.so
7fd7c584e000-7fd7c584f000 r--p 00001000 08:10 707802113                  /nix/store/gpxl5qgg8kicmcvivwmybwjlpf7wh20l-graalvm17-ce-22.3.0/lib/libextnet.so
7fd7c584f000-7fd7c5850000 rw-p 00002000 08:10 707802113                  /nix/store/gpxl5qgg8kicmcvivwmybwjlpf7wh20l-graalvm17-ce-22.3.0/lib/libextnet.so
7fd7c5850000-7fd7c5851000 rw-p 00004000 08:10 707802113                  /nix/store/gpxl5qgg8kicmcvivwmybwjlpf7wh20l-graalvm17-ce-22.3.0/lib/libextnet.so
7fd7c5851000-7fd7c5855000 ---p 00000000 00:00 0 
7fd7c5855000-7fd7c5873000 rw-p 00000000 00:00 0 
7fd7c5873000-7fd7c587a000 r-xp 00000000 08:10 707804676                  /nix/store/gpxl5qgg8kicmcvivwmybwjlpf7wh20l-graalvm17-ce-22.3.0/lib/libzip.so
7fd7c587a000-7fd7c587b000 ---p 00007000 08:10 707804676                  /nix/store/gpxl5qgg8kicmcvivwmybwjlpf7wh20l-graalvm17-ce-22.3.0/lib/libzip.so
7fd7c587b000-7fd7c587c000 r--p 00007000 08:10 707804676                  /nix/store/gpxl5qgg8kicmcvivwmybwjlpf7wh20l-graalvm17-ce-22.3.0/lib/libzip.so
7fd7c587c000-7fd7c587d000 rw-p 00008000 08:10 707804676                  /nix/store/gpxl5qgg8kicmcvivwmybwjlpf7wh20l-graalvm17-ce-22.3.0/lib/libzip.so
7fd7c587d000-7fd7c587f000 rw-p 0000b000 08:10 707804676                  /nix/store/gpxl5qgg8kicmcvivwmybwjlpf7wh20l-graalvm17-ce-22.3.0/lib/libzip.so
7fd7c587f000-7fd7c5894000 r-xp 00000000 08:10 707804666                  /nix/store/gpxl5qgg8kicmcvivwmybwjlpf7wh20l-graalvm17-ce-22.3.0/lib/libnet.so
7fd7c5894000-7fd7c5895000 ---p 00015000 08:10 707804666                  /nix/store/gpxl5qgg8kicmcvivwmybwjlpf7wh20l-graalvm17-ce-22.3.0/lib/libnet.so
7fd7c5895000-7fd7c5896000 r--p 00015000 08:10 707804666                  /nix/store/gpxl5qgg8kicmcvivwmybwjlpf7wh20l-graalvm17-ce-22.3.0/lib/libnet.so
7fd7c5896000-7fd7c5897000 rw-p 00016000 08:10 707804666                  /nix/store/gpxl5qgg8kicmcvivwmybwjlpf7wh20l-graalvm17-ce-22.3.0/lib/libnet.so
7fd7c5897000-7fd7c589a000 rw-p 0001b000 08:10 707804666                  /nix/store/gpxl5qgg8kicmcvivwmybwjlpf7wh20l-graalvm17-ce-22.3.0/lib/libnet.so
7fd7c589a000-7fd7c58ad000 r-xp 00000000 08:10 707804667                  /nix/store/gpxl5qgg8kicmcvivwmybwjlpf7wh20l-graalvm17-ce-22.3.0/lib/libnio.so
7fd7c58ad000-7fd7c58ae000 r--p 00012000 08:10 707804667                  /nix/store/gpxl5qgg8kicmcvivwmybwjlpf7wh20l-graalvm17-ce-22.3.0/lib/libnio.so
7fd7c58ae000-7fd7c58af000 rw-p 00013000 08:10 707804667                  /nix/store/gpxl5qgg8kicmcvivwmybwjlpf7wh20l-graalvm17-ce-22.3.0/lib/libnio.so
7fd7c58af000-7fd7c58b4000 rw-p 00019000 08:10 707804667                  /nix/store/gpxl5qgg8kicmcvivwmybwjlpf7wh20l-graalvm17-ce-22.3.0/lib/libnio.so
7fd7c58b4000-7fd7c5982000 r-xp 00000000 08:10 707802132                  /nix/store/gpxl5qgg8kicmcvivwmybwjlpf7wh20l-graalvm17-ce-22.3.0/lib/libjsvml.so
7fd7c5982000-7fd7c5983000 r--p 000cd000 08:10 707802132                  /nix/store/gpxl5qgg8kicmcvivwmybwjlpf7wh20l-graalvm17-ce-22.3.0/lib/libjsvml.so
7fd7c5983000-7fd7c5984000 rw-p 000ce000 08:10 707802132                  /nix/store/gpxl5qgg8kicmcvivwmybwjlpf7wh20l-graalvm17-ce-22.3.0/lib/libjsvml.so
7fd7c5984000-7fd7c755f000 rw-p 00000000 00:00 0 
7fd7c755f000-7fd7c7560000 ---p 00000000 00:00 0 
7fd7c7560000-7fd7c76e0000 rw-p 00000000 00:00 0 
7fd7c76e0000-7fd7c7730000 rw-p 00000000 00:00 0 
7fd7c7730000-7fd7c7761000 ---p 00000000 00:00 0 
7fd7c7761000-7fd7c7768000 rw-p 00000000 00:00 0 
7fd7c7768000-7fd7c784d000 ---p 00000000 00:00 0 
7fd7c784d000-7fd7c786d000 rw-p 00000000 00:00 0 
7fd7c786d000-7fd7c7938000 ---p 00000000 00:00 0 
7fd7c7938000-7fd7c793d000 rw-p 00000000 00:00 0 
7fd7c793d000-7fd7c7944000 ---p 00000000 00:00 0 
7fd7c7944000-7fd7c7968000 r-xp 00000000 08:10 707802124                  /nix/store/gpxl5qgg8kicmcvivwmybwjlpf7wh20l-graalvm17-ce-22.3.0/lib/libjava.so
7fd7c7968000-7fd7c7969000 ---p 00024000 08:10 707802124                  /nix/store/gpxl5qgg8kicmcvivwmybwjlpf7wh20l-graalvm17-ce-22.3.0/lib/libjava.so
7fd7c7969000-7fd7c796a000 r--p 00024000 08:10 707802124                  /nix/store/gpxl5qgg8kicmcvivwmybwjlpf7wh20l-graalvm17-ce-22.3.0/lib/libjava.so
7fd7c796a000-7fd7c796b000 rw-p 00025000 08:10 707802124                  /nix/store/gpxl5qgg8kicmcvivwmybwjlpf7wh20l-graalvm17-ce-22.3.0/lib/libjava.so
7fd7c796b000-7fd7c796c000 rw-p 00000000 00:00 0 
7fd7c796c000-7fd7c7973000 rw-p 0002f000 08:10 707802124                  /nix/store/gpxl5qgg8kicmcvivwmybwjlpf7wh20l-graalvm17-ce-22.3.0/lib/libjava.so
7fd7c7973000-7fd7c797b000 rw-s 00000000 00:4e4 376                       /tmp/hsperfdata_runner/93
7fd7c797b000-7fd7c797c000 ---p 00000000 00:00 0 
7fd7c797c000-7fd7c797d000 r--p 00000000 00:00 0 
7fd7c797d000-7fd7c797e000 rwxp 00000000 00:00 0 
7fd7c797e000-7fd7c7999000 r-xp 00000000 08:10 707802128                  /nix/store/gpxl5qgg8kicmcvivwmybwjlpf7wh20l-graalvm17-ce-22.3.0/lib/libjimage.so
7fd7c7999000-7fd7c799a000 ---p 0001b000 08:10 707802128                  /nix/store/gpxl5qgg8kicmcvivwmybwjlpf7wh20l-graalvm17-ce-22.3.0/lib/libjimage.so
7fd7c799a000-7fd7c799c000 r--p 0001b000 08:10 707802128                  /nix/store/gpxl5qgg8kicmcvivwmybwjlpf7wh20l-graalvm17-ce-22.3.0/lib/libjimage.so
7fd7c799c000-7fd7c799d000 rw-p 0001d000 08:10 707802128                  /nix/store/gpxl5qgg8kicmcvivwmybwjlpf7wh20l-graalvm17-ce-22.3.0/lib/libjimage.so
7fd7c799d000-7fd7c799e000 rw-p 00024000 08:10 707802128                  /nix/store/gpxl5qgg8kicmcvivwmybwjlpf7wh20l-graalvm17-ce-22.3.0/lib/libjimage.so
7fd7c799e000-7fd7c79a2000 ---p 00000000 00:00 0 
7fd7c79a2000-7fd7c7a9e000 rw-p 00000000 00:00 0 
7fd7c7a9e000-7fd7c7aac000 r--p 00000000 08:10 600592023                  /nix/store/4nlgxhb09sdr51nc9hdm8az5b08vzkgx-glibc-2.35-163/lib/libm.so.6
7fd7c7aac000-7fd7c7b1f000 r-xp 0000e000 08:10 600592023                  /nix/store/4nlgxhb09sdr51nc9hdm8az5b08vzkgx-glibc-2.35-163/lib/libm.so.6
7fd7c7b1f000-7fd7c7b7c000 r--p 00081000 08:10 600592023                  /nix/store/4nlgxhb09sdr51nc9hdm8az5b08vzkgx-glibc-2.35-163/lib/libm.so.6
7fd7c7b7c000-7fd7c7b7d000 r--p 000dd000 08:10 600592023                  /nix/store/4nlgxhb09sdr51nc9hdm8az5b08vzkgx-glibc-2.35-163/lib/libm.so.6
7fd7c7b7d000-7fd7c7b7e000 rw-p 000de000 08:10 600592023                  /nix/store/4nlgxhb09sdr51nc9hdm8az5b08vzkgx-glibc-2.35-163/lib/libm.so.6
7fd7c7b7e000-7fd7c7b7f000 r--p 00000000 08:10 600592042                  /nix/store/4nlgxhb09sdr51nc9hdm8az5b08vzkgx-glibc-2.35-163/lib/librt.so.1
7fd7c7b7f000-7fd7c7b80000 r-xp 00001000 08:10 600592042                  /nix/store/4nlgxhb09sdr51nc9hdm8az5b08vzkgx-glibc-2.35-163/lib/librt.so.1
7fd7c7b80000-7fd7c7b81000 r--p 00002000 08:10 600592042                  /nix/store/4nlgxhb09sdr51nc9hdm8az5b08vzkgx-glibc-2.35-163/lib/librt.so.1
7fd7c7b81000-7fd7c7b82000 r--p 00002000 08:10 600592042                  /nix/store/4nlgxhb09sdr51nc9hdm8az5b08vzkgx-glibc-2.35-163/lib/librt.so.1
7fd7c7b82000-7fd7c7b83000 rw-p 00003000 08:10 600592042                  /nix/store/4nlgxhb09sdr51nc9hdm8az5b08vzkgx-glibc-2.35-163/lib/librt.so.1
7fd7c7b83000-7fd7c8c96000 r-xp 00000000 08:10 707972962                  /nix/store/gpxl5qgg8kicmcvivwmybwjlpf7wh20l-graalvm17-ce-22.3.0/lib/server/libjvm.so
7fd7c8c96000-7fd7c8c97000 ---p 01113000 08:10 707972962                  /nix/store/gpxl5qgg8kicmcvivwmybwjlpf7wh20l-graalvm17-ce-22.3.0/lib/server/libjvm.so
7fd7c8c97000-7fd7c8d4c000 r--p 01113000 08:10 707972962                  /nix/store/gpxl5qgg8kicmcvivwmybwjlpf7wh20l-graalvm17-ce-22.3.0/lib/server/libjvm.so
7fd7c8d4c000-7fd7c8d80000 rw-p 011c8000 08:10 707972962                  /nix/store/gpxl5qgg8kicmcvivwmybwjlpf7wh20l-graalvm17-ce-22.3.0/lib/server/libjvm.so
7fd7c8d80000-7fd7c8ddc000 rw-p 00000000 00:00 0 
7fd7c8ddc000-7fd7c8e04000 r--p 00000000 08:10 600592014                  /nix/store/4nlgxhb09sdr51nc9hdm8az5b08vzkgx-glibc-2.35-163/lib/libc.so.6
7fd7c8e04000-7fd7c8f7a000 r-xp 00028000 08:10 600592014                  /nix/store/4nlgxhb09sdr51nc9hdm8az5b08vzkgx-glibc-2.35-163/lib/libc.so.6
7fd7c8f7a000-7fd7c8fd2000 r--p 0019e000 08:10 600592014                  /nix/store/4nlgxhb09sdr51nc9hdm8az5b08vzkgx-glibc-2.35-163/lib/libc.so.6
7fd7c8fd2000-7fd7c8fd6000 r--p 001f6000 08:10 600592014                  /nix/store/4nlgxhb09sdr51nc9hdm8az5b08vzkgx-glibc-2.35-163/lib/libc.so.6
7fd7c8fd6000-7fd7c8fd8000 rw-p 001fa000 08:10 600592014                  /nix/store/4nlgxhb09sdr51nc9hdm8az5b08vzkgx-glibc-2.35-163/lib/libc.so.6
7fd7c8fd8000-7fd7c8fe7000 rw-p 00000000 00:00 0 
7fd7c8fe7000-7fd7c8fe8000 r--p 00000000 08:10 600592019                  /nix/store/4nlgxhb09sdr51nc9hdm8az5b08vzkgx-glibc-2.35-163/lib/libdl.so.2
7fd7c8fe8000-7fd7c8fe9000 r-xp 00001000 08:10 600592019                  /nix/store/4nlgxhb09sdr51nc9hdm8az5b08vzkgx-glibc-2.35-163/lib/libdl.so.2
7fd7c8fe9000-7fd7c8fea000 r--p 00002000 08:10 600592019                  /nix/store/4nlgxhb09sdr51nc9hdm8az5b08vzkgx-glibc-2.35-163/lib/libdl.so.2
7fd7c8fea000-7fd7c8feb000 r--p 00002000 08:10 600592019                  /nix/store/4nlgxhb09sdr51nc9hdm8az5b08vzkgx-glibc-2.35-163/lib/libdl.so.2
7fd7c8feb000-7fd7c8fec000 rw-p 00003000 08:10 600592019                  /nix/store/4nlgxhb09sdr51nc9hdm8az5b08vzkgx-glibc-2.35-163/lib/libdl.so.2
7fd7c8fec000-7fd7c8fed000 r--p 00000000 08:10 600592038                  /nix/store/4nlgxhb09sdr51nc9hdm8az5b08vzkgx-glibc-2.35-163/lib/libpthread.so.0
7fd7c8fed000-7fd7c8fee000 r-xp 00001000 08:10 600592038                  /nix/store/4nlgxhb09sdr51nc9hdm8az5b08vzkgx-glibc-2.35-163/lib/libpthread.so.0
7fd7c8fee000-7fd7c8fef000 r--p 00002000 08:10 600592038                  /nix/store/4nlgxhb09sdr51nc9hdm8az5b08vzkgx-glibc-2.35-163/lib/libpthread.so.0
7fd7c8fef000-7fd7c8ff0000 r--p 00002000 08:10 600592038                  /nix/store/4nlgxhb09sdr51nc9hdm8az5b08vzkgx-glibc-2.35-163/lib/libpthread.so.0
7fd7c8ff0000-7fd7c8ff1000 rw-p 00003000 08:10 600592038                  /nix/store/4nlgxhb09sdr51nc9hdm8az5b08vzkgx-glibc-2.35-163/lib/libpthread.so.0
7fd7c8ff1000-7fd7c8fff000 r-xp 00000000 08:10 707802129                  /nix/store/gpxl5qgg8kicmcvivwmybwjlpf7wh20l-graalvm17-ce-22.3.0/lib/libjli.so
7fd7c8fff000-7fd7c9000000 ---p 0000e000 08:10 707802129                  /nix/store/gpxl5qgg8kicmcvivwmybwjlpf7wh20l-graalvm17-ce-22.3.0/lib/libjli.so
7fd7c9000000-7fd7c9001000 r--p 0000e000 08:10 707802129                  /nix/store/gpxl5qgg8kicmcvivwmybwjlpf7wh20l-graalvm17-ce-22.3.0/lib/libjli.so
7fd7c9001000-7fd7c9002000 rw-p 0000f000 08:10 707802129                  /nix/store/gpxl5qgg8kicmcvivwmybwjlpf7wh20l-graalvm17-ce-22.3.0/lib/libjli.so
7fd7c9002000-7fd7c9003000 rw-p 00012000 08:10 707802129                  /nix/store/gpxl5qgg8kicmcvivwmybwjlpf7wh20l-graalvm17-ce-22.3.0/lib/libjli.so
7fd7c9003000-7fd7c9006000 r--p 00000000 08:10 678822167                  /nix/store/026hln0aq1hyshaxsdvhg0kmcm6yf45r-zlib-1.2.13/lib/libz.so.1.2.13
7fd7c9006000-7fd7c9018000 r-xp 00003000 08:10 678822167                  /nix/store/026hln0aq1hyshaxsdvhg0kmcm6yf45r-zlib-1.2.13/lib/libz.so.1.2.13
7fd7c9018000-7fd7c901f000 r--p 00015000 08:10 678822167                  /nix/store/026hln0aq1hyshaxsdvhg0kmcm6yf45r-zlib-1.2.13/lib/libz.so.1.2.13
7fd7c901f000-7fd7c9020000 r--p 0001b000 08:10 678822167                  /nix/store/026hln0aq1hyshaxsdvhg0kmcm6yf45r-zlib-1.2.13/lib/libz.so.1.2.13
7fd7c9020000-7fd7c9021000 rw-p 0001c000 08:10 678822167                  /nix/store/026hln0aq1hyshaxsdvhg0kmcm6yf45r-zlib-1.2.13/lib/libz.so.1.2.13
7fd7c9021000-7fd7c9023000 rw-p 00000000 00:00 0 
7fd7c9023000-7fd7c9025000 r--p 00000000 08:10 600592008                  /nix/store/4nlgxhb09sdr51nc9hdm8az5b08vzkgx-glibc-2.35-163/lib/ld-linux-x86-64.so.2
7fd7c9025000-7fd7c904c000 r-xp 00002000 08:10 600592008                  /nix/store/4nlgxhb09sdr51nc9hdm8az5b08vzkgx-glibc-2.35-163/lib/ld-linux-x86-64.so.2
7fd7c904c000-7fd7c9058000 r--p 00029000 08:10 600592008                  /nix/store/4nlgxhb09sdr51nc9hdm8az5b08vzkgx-glibc-2.35-163/lib/ld-linux-x86-64.so.2
7fd7c9058000-7fd7c905a000 r--p 00034000 08:10 600592008                  /nix/store/4nlgxhb09sdr51nc9hdm8az5b08vzkgx-glibc-2.35-163/lib/ld-linux-x86-64.so.2
7fd7c905a000-7fd7c905c000 rw-p 00036000 08:10 600592008                  /nix/store/4nlgxhb09sdr51nc9hdm8az5b08vzkgx-glibc-2.35-163/lib/ld-linux-x86-64.so.2
7ffd261e6000-7ffd2620a000 rw-p 00000000 00:00 0                          [stack]
7ffd262bf000-7ffd262c3000 r--p 00000000 00:00 0                          [vvar]
7ffd262c3000-7ffd262c5000 r-xp 00000000 00:00 0                          [vdso]
ffffffffff600000-ffffffffff601000 --xp 00000000 00:00 0                  [vsyscall]


VM Arguments:
jvm_args: -XX:ThreadPriorityPolicy=1 -XX:+UnlockExperimentalVMOptions -XX:+EnableJVMCIProduct -XX:JVMCIThreadsPerNativeLibraryRuntime=1 -XX:-UnlockExperimentalVMOptions -Declipse.application=org.eclipse.jdt.ls.core.id1 -Dosgi.bundles.defaultStartLevel=4 -Declipse.product=org.eclipse.jdt.ls.core.product -Dlog.level=ALL -Xverify:none -XX:+UseParallelGC -XX:GCTimeRatio=4 -XX:AdaptiveSizePolicyWeight=90 -Dsun.zip.disableMemoryMapping=true -Xmx512m -Xms100m 
java_command: /nix/store/q9712qvwdh22a4krw4jz2sjrz07mvjbl-jdt-language-server-1.9.0/share/java/plugins/org.eclipse.equinox.launcher_1.6.400.v20210924-0641.jar --add-modules=ALL-SYSTEM --add-opens java.base/java.util=ALL-UNNAMED --add-opens java.base/java.lang=ALL-UNNAMED -configuration /home/runner/Final-Project-Code-Space-CS3HonorsLabsfo-20/.cache/jdt-language-server/config -data /home/runner/.cache/jdt-language-server/data/home/runner/Final-Project-Code-Space-CS3HonorsLabsfo-20
java_class_path (initial): /nix/store/q9712qvwdh22a4krw4jz2sjrz07mvjbl-jdt-language-server-1.9.0/share/java/plugins/org.eclipse.equinox.launcher_1.6.400.v20210924-0641.jar
Launcher Type: SUN_STANDARD

[Global flags]
    uintx AdaptiveSizePolicyWeight                 = 90                                        {product} {command line}
     intx CICompilerCount                          = 2                                         {product} {ergonomic}
     bool EnableJVMCIProduct                       = true                                {JVMCI product} {jimage}
    uintx GCTimeRatio                              = 4                                         {product} {command line}
   size_t InitialHeapSize                          = 104857600                                 {product} {command line}
     uint JVMCIThreadsPerNativeLibraryRuntime      = 1                                   {JVMCI product} {jimage}
   size_t MaxHeapSize                              = 536870912                                 {product} {command line}
   size_t MaxNewSize                               = 178782208                                 {product} {ergonomic}
   size_t MinHeapDeltaBytes                        = 524288                                    {product} {ergonomic}
   size_t MinHeapSize                              = 104857600                                 {product} {command line}
   size_t NewSize                                  = 34603008                                  {product} {ergonomic}
    uintx NonNMethodCodeHeapSize                   = 5826188                                {pd product} {ergonomic}
    uintx NonProfiledCodeHeapSize                  = 122916026                              {pd product} {ergonomic}
   size_t OldSize                                  = 70254592                                  {product} {ergonomic}
    uintx ProfiledCodeHeapSize                     = 122916026                              {pd product} {ergonomic}
    uintx ReservedCodeCacheSize                    = 251658240                              {pd product} {ergonomic}
     bool SegmentedCodeCache                       = true                                      {product} {ergonomic}
   size_t SoftMaxHeapSize                          = 536870912                              {manageable} {ergonomic}
     intx ThreadPriorityPolicy                     = 1                                         {product} {jimage}
     bool UseCompressedClassPointers               = true                           {product lp64_product} {ergonomic}
     bool UseCompressedOops                        = true                           {product lp64_product} {ergonomic}
     bool UseParallelGC                            = true                                      {product} {command line}

Logging:
Log output configuration:
 #0: stdout all=warning uptime,level,tags
 #1: stderr all=off uptime,level,tags

Environment Variables:
JAVA_HOME=/nix/store/gpxl5qgg8kicmcvivwmybwjlpf7wh20l-graalvm17-ce-22.3.0
PATH=/nix/store/1d6ian3r8kdzspw8hacjhl3xkp40g1lj-binutils-wrapper-2.39/bin:/nix/store/dq0xwmsk1g0i2ayg6pb7y87na2knzylh-gcc-wrapper-11.3.0/bin:/nix/store/bap4d0lpcrhpwmpb8ayjcgkmvfj62lnq-bash-interactive-5.1-p16/bin:/nix/store/pr5n59mb4jzmfx6kanwxly0l07p861fg-patchelf-0.15.0/bin:/nix/store/1gf2flfqnpqbr1b4p4qz2f72y42bs56r-gcc-11.3.0/bin:/nix/store/57xv61c5zi8pphjbcwxxjlgc34p61ic9-glibc-2.35-163-bin/bin:/nix/store/a7gvj343m05j2s32xcnwr35v31ynlypr-coreutils-9.1/bin:/nix/store/039g378vc3pc3dvi9dzdlrd0i4q93qwf-binutils-2.39/bin:/nix/store/gpxl5qgg8kicmcvivwmybwjlpf7wh20l-graalvm17-ce-22.3.0/bin:/nix/store/6z9ag3ihc8mq2hzsw48lhbznvzny65nz-apache-maven-3.8.6/bin:/nix/store/q9712qvwdh22a4krw4jz2sjrz07mvjbl-jdt-language-server-1.9.0/bin:/nix/store/9zdrgm97n766nc0kj11x4xvvp00qlfk9-java-debug/bin:/nix/store/18y8p4mjwjy26npih04hfv48wz9czgk3-attr-2.5.1-bin/bin:/nix/store/q8s1kzhsblr2a1p2g0lh2dkcgca1im3z-libcap-2.66/bin:/nix/store/bvihhgw8bh6cqqlj0d4s8cvmm4mqmzfc-pulseaudio-16.1/bin:/nix/store/mydc6f4k2z73xlcz7ilif3v2lcaiqvza-findutils-4.9.0/bin:/nix/store/j9p3g8472iijd50vhdprx0nmk2fqn5gv-diffutils-3.8/bin:/nix/store/89zs7rms6x00xfq4dq6m7mjnhkr8a6r4-gnused-4.8/bin:/nix/store/86bp03jkmsl6f92w0yzg4s59g5mhxwmy-gnugrep-3.7/bin:/nix/store/hwcdqw4jrjnd37wxqgsd47hd0j8bnj09-gawk-5.1.1/bin:/nix/store/cfbhw8r8ags41vwqaz47r583d0p4h4a1-gnutar-1.34/bin:/nix/store/p3m1ndl1lapwrlh698bnb5lvvxh67378-gzip-1.12/bin:/nix/store/a8mhcagrsly7c7mpjrpsnaahk4aax056-bzip2-1.0.8-bin/bin:/nix/store/mblgz65m3zv9x548a3d5m96fj2pbwr09-gnumake-4.3/bin:/nix/store/dsd5gz46hdbdk2rfdimqddhq6m8m8fqs-bash-5.1-p16/bin:/nix/store/v7ljksji50mg3w61dykaa3n3y79n6nil-patch-2.7.6/bin:/nix/store/zlcnmqq14jz5x9439jf937mvayyl63da-xz-5.2.7-bin/bin:/nix/store/y6aj732zm9m87c82fpvf103a1xb22blp-file-5.43/bin:/nix/store/q41n90d6vc61igp3rzgwk8k6pys6n74z-pid1/bin:/nix/store/36ppppq2qfwa1y359b8iav43yq42ksih-replit-runtime-path/bin:/home/runner/.nix-profile/bin:/home/runner/.local/bin:/usr/local/sbin:/usr/local/bin:/usr/sbin:/usr/bin:/sbin:/b
LD_LIBRARY_PATH=/nix/store/a4pff549sk2idnkpzk5nsfps3mdkdnvm-cups-2.4.2-lib/lib:/nix/store/72mqxxhh3cy5yifh92wh2yb8cl2hikyy-cairo-1.16.0/lib:/nix/store/2k366jrbsra97gjfxwvrhvixjfxdach5-glib-2.74.1/lib:/nix/store/2j2znigd8ak37rlwh9khz0ry3clqlw1l-gtk+3-3.24.34/lib
DISPLAY=:0
LANG=en_US.UTF-8

Signal Handlers:
   SIGSEGV: crash_handler in libjvm.so, mask=11100100010111111101111111111110, flags=SA_RESTART|SA_SIGINFO
    SIGBUS: crash_handler in libjvm.so, mask=11100100010111111101111111111110, flags=SA_RESTART|SA_SIGINFO
    SIGFPE: crash_handler in libjvm.so, mask=11100100010111111101111111111110, flags=SA_RESTART|SA_SIGINFO
   SIGPIPE: IsolateEnterStub_IgnoreSIGPIPEStartupHook_noopSignalHandler_8f19bff2f35b5f630d83b364d6b2339320d4ec70_216e8361c6bc87a8f89f58cc10d3b2fd4415bf87 in libjvmcicompiler.so, mask=00000000000000000000000000000000, flags=SA_RESTART
  *** Handler was modified!
  *** Expected: javaSignalHandler in libjvm.so, mask=11100100110111111111111111111110, flags=SA_RESTART|SA_SIGINFO
   SIGXFSZ: javaSignalHandler in libjvm.so, mask=11100100010111111101111111111110, flags=SA_RESTART|SA_SIGINFO
    SIGILL: crash_handler in libjvm.so, mask=11100100010111111101111111111110, flags=SA_RESTART|SA_SIGINFO
   SIGUSR2: SR_handler in libjvm.so, mask=00000000000000000000000000000000, flags=SA_RESTART|SA_SIGINFO
    SIGHUP: UserHandler in libjvm.so, mask=11100100010111111101111111111110, flags=SA_RESTART|SA_SIGINFO
    SIGINT: UserHandler in libjvm.so, mask=11100100010111111101111111111110, flags=SA_RESTART|SA_SIGINFO
   SIGTERM: UserHandler in libjvm.so, mask=11100100010111111101111111111110, flags=SA_RESTART|SA_SIGINFO
   SIGQUIT: UserHandler in libjvm.so, mask=11100100010111111101111111111110, flags=SA_RESTART|SA_SIGINFO
  *** Handler was modified!
  *** Expected: javaSignalHandler in libjvm.so, mask=11100100110111111111111111111110, flags=SA_RESTART|SA_SIGINFO
   SIGTRAP: crash_handler in libjvm.so, mask=11100100010111111101111111111110, flags=SA_RESTART|SA_SIGINFO


---------------  S Y S T E M  ---------------

OS:
DISTRIB_ID=Ubuntu
DISTRIB_RELEASE=20.04
DISTRIB_CODENAME=focal
DISTRIB_DESCRIPTION="Ubuntu 20.04.2 LTS"
uname: Linux 6.5.0-1018-gcp #18~22.04.1-Ubuntu SMP Fri Apr  5 04:57:38 UTC 2024 x86_64
OS uptime: 0 days 0:24 hours
libc: glibc 2.35 NPTL 2.35 
rlimit (soft/hard): STACK 8192k/infinity , CORE infinity/infinity , NPROC infinity/infinity , NOFILE 20971/20971 , AS infinity/infinity , CPU infinity/infinity , DATA infinity/infinity , FSIZE infinity/infinity , MEMLOCK 8192k/8192k
load average: 8.78 9.16 6.85

/proc/meminfo:
MemTotal:       65835404 kB
MemFree:        43284108 kB
MemAvailable:   50857552 kB
Buffers:          639392 kB
Cached:          7009272 kB
SwapCached:            0 kB
Active:         15331580 kB
Inactive:        5782344 kB
Active(anon):   12750036 kB
Inactive(anon):   640132 kB
Active(file):    2581544 kB
Inactive(file):  5142212 kB
Unevictable:       27672 kB
Mlocked:           27672 kB
SwapTotal:             0 kB
SwapFree:              0 kB
Zswap:                 0 kB
Zswapped:              0 kB
Dirty:              8736 kB
Writeback:             0 kB
AnonPages:      13432744 kB
Mapped:          1519072 kB
Shmem:             19756 kB
KReclaimable:     576140 kB
Slab:             893264 kB
SReclaimable:     576140 kB
SUnreclaim:       317124 kB
KernelStack:       85460 kB
PageTables:       170264 kB
SecPageTables:         0 kB
NFS_Unstable:          0 kB
Bounce:                0 kB
WritebackTmp:          0 kB
CommitLimit:    32917700 kB
Committed_AS:   36794108 kB
VmallocTotal:   34359738367 kB
VmallocUsed:      104440 kB
VmallocChunk:          0 kB
Percpu:            22080 kB
HardwareCorrupted:     0 kB
AnonHugePages:    204800 kB
ShmemHugePages:        0 kB
ShmemPmdMapped:        0 kB
FileHugePages:         0 kB
FilePmdMapped:         0 kB
Unaccepted:            0 kB
HugePages_Total:       0
HugePages_Free:        0
HugePages_Rsvd:        0
HugePages_Surp:        0
Hugepagesize:       2048 kB
Hugetlb:               0 kB
DirectMap4k:      140088 kB
DirectMap2M:     7196672 kB
DirectMap1G:    61865984 kB

/sys/kernel/mm/transparent_hugepage/enabled: always [madvise] never
/sys/kernel/mm/transparent_hugepage/defrag (defrag/compaction efforts parameter): always defer defer+madvise [madvise] never

Process Memory:
Virtual Size: 4791952K (peak: 4851536K)
Resident Set Size: 769572K (peak: 833448K) (anon: 571796K, file: 197776K, shmem: 0K)
Swapped out: 0K
C-Heap outstanding allocations: 43093K, retained: 14994K
glibc malloc tunables: (default)

/proc/sys/kernel/threads-max (system-wide limit on the number of threads): 514277
/proc/sys/vm/max_map_count (maximum number of memory map areas a process may have): 65530
/proc/sys/kernel/pid_max (system-wide limit on number of process identifiers): 4194304

container (cgroup) information:
container_type: cgroupv2
cpu_cpuset_cpus: not supported
cpu_memory_nodes: not supported
active_processor_count: 2
cpu_quota: 200000
cpu_period: 100000
cpu_shares: no shares
memory_limit_in_bytes: 3292528 k
memory_and_swap_limit_in_bytes: unlimited
memory_soft_limit_in_bytes: 2097152 k
memory_usage_in_bytes: 954200 k
memory_max_usage_in_bytes: not supported
maximum number of tasks: 1020
current number of tasks: 93

KVM virtualization detected
Steal ticks since vm start: 2200
Steal ticks percentage since vm start:  0.005

CPU: total 8 (initial active 2) (8 cores per cpu, 2 threads per core) family 23 model 49 stepping 0 microcode 0xffffffff, cx8, cmov, fxsr, ht, mmx, 3dnowpref, sse, sse2, sse3, ssse3, sse4a, sse4.1, sse4.2, popcnt, lzcnt, tsc, tscinvbit, avx, avx2, aes, clmul, bmi1, bmi2, adx, sha, fma, vzeroupper, clflush, clflushopt, hv
CPU Model and flags from /proc/cpuinfo:
model name	: AMD EPYC 7B12
flags		: fpu vme de pse tsc msr pae mce cx8 apic sep mtrr pge mca cmov pat pse36 clflush mmx fxsr sse sse2 ht syscall nx mmxext fxsr_opt pdpe1gb rdtscp lm constant_tsc rep_good nopl nonstop_tsc cpuid extd_apicid tsc_known_freq pni pclmulqdq ssse3 fma cx16 sse4_1 sse4_2 x2apic movbe popcnt aes xsave avx f16c rdrand hypervisor lahf_lm cmp_legacy cr8_legacy abm sse4a misalignsse 3dnowprefetch osvw topoext ssbd ibrs ibpb stibp vmmcall fsgsbase tsc_adjust bmi1 avx2 smep bmi2 rdseed adx smap clflushopt clwb sha_ni xsaveopt xsavec xgetbv1 clzero xsaveerptr arat npt nrip_save umip rdpid

Online cpus: 0-7
Offline cpus: 
BIOS frequency limitation: <Not Available>
Frequency switch latency (ns): <Not Available>
Available cpu frequencies: <Not Available>
Current governor: <Not Available>
Core performance/turbo boost: <Not Available>

Memory: 4k page, physical 3292528k(2338324k free), swap 0k(0k free)
Page Sizes: 4k

vm_info: OpenJDK 64-Bit Server VM (17.0.5+8-jvmci-22.3-b08) for linux-amd64 JRE (17.0.5+8-jvmci-22.3-b08), built on Oct 19 2022 09:01:27 by "buildslave" with gcc 10.3.0

END.
